<?xml version="1.0"?>
<!DOCTYPE coverage SYSTEM "http://cobertura.sourceforge.net/xml/coverage-04.dtd">

<coverage line-rate="0.8353413654618473" branch-rate="0.6111111111111112" lines-covered="208" lines-valid="249" branches-covered="22" branches-valid="36" complexity="1.5909090909090908" version="2.1.1" timestamp="1588867546504">
	<sources>
		<source>--source</source>
		<source>/var/lib/jenkins/workspace/Build/DataPipeline/DataPipeline/data-pipeline/telemetry-extractor/src/main/java</source>
	</sources>
	<packages>
		<package name="org.ekstep.ep.samza.domain" line-rate="0.8717948717948718" branch-rate="0.5" complexity="1.4210526315789473">
			<classes>
				<class name="org.ekstep.ep.samza.domain.Actor" filename="org/ekstep/ep/samza/domain/Actor.java" line-rate="0.7142857142857143" branch-rate="1.0" complexity="1.0">
					<methods>
						<method name="&lt;init&gt;" signature="()V" line-rate="0.0" branch-rate="1.0" complexity="0">
							<lines>
								<line number="9" hits="0" branch="false"/>
								<line number="11" hits="0" branch="false"/>
							</lines>
						</method>
						<method name="&lt;init&gt;" signature="(Ljava/util/Map;)V" line-rate="1.0" branch-rate="1.0" complexity="0">
							<lines>
								<line number="6" hits="5" branch="false"/>
								<line number="7" hits="5" branch="false"/>
								<line number="13" hits="5" branch="false"/>
								<line number="14" hits="5" branch="false"/>
								<line number="15" hits="5" branch="false"/>
							</lines>
						</method>
					</methods>
					<lines>
						<line number="6" hits="5" branch="false"/>
						<line number="7" hits="5" branch="false"/>
						<line number="9" hits="0" branch="false"/>
						<line number="11" hits="0" branch="false"/>
						<line number="13" hits="5" branch="false"/>
						<line number="14" hits="5" branch="false"/>
						<line number="15" hits="5" branch="false"/>
					</lines>
				</class>
				<class name="org.ekstep.ep.samza.domain.CData" filename="org/ekstep/ep/samza/domain/CData.java" line-rate="1.0" branch-rate="1.0" complexity="1.0">
					<methods>
						<method name="&lt;init&gt;" signature="(Ljava/lang/String;Ljava/lang/String;)V" line-rate="1.0" branch-rate="1.0" complexity="0">
							<lines>
								<line number="14" hits="1" branch="false"/>
								<line number="15" hits="1" branch="false"/>
								<line number="16" hits="1" branch="false"/>
								<line number="17" hits="1" branch="false"/>
							</lines>
						</method>
						<method name="&lt;init&gt;" signature="(Ljava/util/Map;)V" line-rate="1.0" branch-rate="1.0" complexity="0">
							<lines>
								<line number="9" hits="1" branch="false"/>
								<line number="10" hits="1" branch="false"/>
								<line number="11" hits="1" branch="false"/>
								<line number="12" hits="1" branch="false"/>
							</lines>
						</method>
						<method name="getId" signature="()Ljava/lang/String;" line-rate="1.0" branch-rate="1.0" complexity="0">
							<lines>
								<line number="24" hits="2" branch="false"/>
							</lines>
						</method>
						<method name="getType" signature="()Ljava/lang/String;" line-rate="1.0" branch-rate="1.0" complexity="0">
							<lines>
								<line number="20" hits="2" branch="false"/>
							</lines>
						</method>
					</methods>
					<lines>
						<line number="9" hits="1" branch="false"/>
						<line number="10" hits="1" branch="false"/>
						<line number="11" hits="1" branch="false"/>
						<line number="12" hits="1" branch="false"/>
						<line number="14" hits="1" branch="false"/>
						<line number="15" hits="1" branch="false"/>
						<line number="16" hits="1" branch="false"/>
						<line number="17" hits="1" branch="false"/>
						<line number="20" hits="2" branch="false"/>
						<line number="24" hits="2" branch="false"/>
					</lines>
				</class>
				<class name="org.ekstep.ep.samza.domain.Context" filename="org/ekstep/ep/samza/domain/Context.java" line-rate="1.0" branch-rate="0.5" complexity="6.0">
					<methods>
						<method name="&lt;clinit&gt;" signature="()V" line-rate="1.0" branch-rate="1.0" complexity="0">
							<lines>
								<line number="15" hits="1" branch="false"/>
							</lines>
						</method>
						<method name="&lt;init&gt;" signature="(Ljava/util/Map;Ljava/lang/String;)V" line-rate="1.0" branch-rate="0.5" complexity="0">
							<lines>
								<line number="11" hits="5" branch="false"/>
								<line number="12" hits="5" branch="false"/>
								<line number="13" hits="5" branch="false"/>
								<line number="14" hits="5" branch="false"/>
								<line number="17" hits="5" branch="false"/>
								<line number="20" hits="5" branch="false"/>
								<line number="24" hits="5" branch="false"/>
								<line number="26" hits="5" branch="false"/>
								<line number="27" hits="5" branch="false"/>
								<line number="28" hits="5" branch="false"/>
								<line number="29" hits="5" branch="false"/>
								<line number="32" hits="5" branch="false"/>
								<line number="33" hits="5" branch="false"/>
								<line number="34" hits="4" branch="false"/>
								<line number="35" hits="4" branch="false"/>
								<line number="36" hits="4" branch="false"/>
								<line number="37" hits="4" branch="false"/>
								<line number="38" hits="4" branch="true" condition-coverage="50% (2/4)">
									<conditions>
										<condition number="0" type="jump" coverage="50%"/>
										<condition number="1" type="jump" coverage="50%"/>
									</conditions>
								</line>
								<line number="39" hits="4" branch="false"/>
								<line number="41" hits="4" branch="false"/>
								<line number="42" hits="4" branch="true" condition-coverage="50% (2/4)">
									<conditions>
										<condition number="0" type="jump" coverage="50%"/>
										<condition number="1" type="jump" coverage="50%"/>
									</conditions>
								</line>
								<line number="43" hits="4" branch="false"/>
								<line number="46" hits="1" branch="false"/>
								<line number="47" hits="1" branch="false"/>
								<line number="48" hits="4" branch="false"/>
								<line number="50" hits="5" branch="false"/>
							</lines>
						</method>
					</methods>
					<lines>
						<line number="11" hits="5" branch="false"/>
						<line number="12" hits="5" branch="false"/>
						<line number="13" hits="5" branch="false"/>
						<line number="14" hits="5" branch="false"/>
						<line number="15" hits="1" branch="false"/>
						<line number="17" hits="5" branch="false"/>
						<line number="20" hits="5" branch="false"/>
						<line number="24" hits="5" branch="false"/>
						<line number="26" hits="5" branch="false"/>
						<line number="27" hits="5" branch="false"/>
						<line number="28" hits="5" branch="false"/>
						<line number="29" hits="5" branch="false"/>
						<line number="32" hits="5" branch="false"/>
						<line number="33" hits="5" branch="false"/>
						<line number="34" hits="4" branch="false"/>
						<line number="35" hits="4" branch="false"/>
						<line number="36" hits="4" branch="false"/>
						<line number="37" hits="4" branch="false"/>
						<line number="38" hits="4" branch="true" condition-coverage="50% (2/4)">
							<conditions>
								<condition number="0" type="jump" coverage="50%"/>
								<condition number="1" type="jump" coverage="50%"/>
							</conditions>
						</line>
						<line number="39" hits="4" branch="false"/>
						<line number="41" hits="4" branch="false"/>
						<line number="42" hits="4" branch="true" condition-coverage="50% (2/4)">
							<conditions>
								<condition number="0" type="jump" coverage="50%"/>
								<condition number="1" type="jump" coverage="50%"/>
							</conditions>
						</line>
						<line number="43" hits="4" branch="false"/>
						<line number="46" hits="1" branch="false"/>
						<line number="47" hits="1" branch="false"/>
						<line number="48" hits="4" branch="false"/>
						<line number="50" hits="5" branch="false"/>
					</lines>
				</class>
				<class name="org.ekstep.ep.samza.domain.TObject" filename="org/ekstep/ep/samza/domain/TObject.java" line-rate="0.4" branch-rate="1.0" complexity="1.0">
					<methods>
						<method name="&lt;init&gt;" signature="(Ljava/util/Map;)V" line-rate="1.0" branch-rate="1.0" complexity="0">
							<lines>
								<line number="15" hits="5" branch="false"/>
								<line number="17" hits="5" branch="false"/>
								<line number="18" hits="5" branch="false"/>
								<line number="20" hits="5" branch="false"/>
							</lines>
						</method>
						<method name="getId" signature="()Ljava/lang/String;" line-rate="0.0" branch-rate="1.0" complexity="0">
							<lines>
								<line number="23" hits="0" branch="false"/>
							</lines>
						</method>
						<method name="getType" signature="()Ljava/lang/String;" line-rate="0.0" branch-rate="1.0" complexity="0">
							<lines>
								<line number="31" hits="0" branch="false"/>
							</lines>
						</method>
						<method name="setId" signature="(Ljava/lang/String;)V" line-rate="0.0" branch-rate="1.0" complexity="0">
							<lines>
								<line number="27" hits="0" branch="false"/>
								<line number="28" hits="0" branch="false"/>
							</lines>
						</method>
						<method name="setType" signature="(Ljava/lang/String;)V" line-rate="0.0" branch-rate="1.0" complexity="0">
							<lines>
								<line number="35" hits="0" branch="false"/>
								<line number="36" hits="0" branch="false"/>
							</lines>
						</method>
					</methods>
					<lines>
						<line number="15" hits="5" branch="false"/>
						<line number="17" hits="5" branch="false"/>
						<line number="18" hits="5" branch="false"/>
						<line number="20" hits="5" branch="false"/>
						<line number="23" hits="0" branch="false"/>
						<line number="27" hits="0" branch="false"/>
						<line number="28" hits="0" branch="false"/>
						<line number="31" hits="0" branch="false"/>
						<line number="35" hits="0" branch="false"/>
						<line number="36" hits="0" branch="false"/>
					</lines>
				</class>
				<class name="org.ekstep.ep.samza.domain.Telemetry" filename="org/ekstep/ep/samza/domain/Telemetry.java" line-rate="0.8888888888888888" branch-rate="0.5" complexity="1.4285714285714286">
					<methods>
						<method name="&lt;clinit&gt;" signature="()V" line-rate="1.0" branch-rate="1.0" complexity="0">
							<lines>
								<line number="13" hits="1" branch="false"/>
							</lines>
						</method>
						<method name="&lt;init&gt;" signature="()V" line-rate="0.0" branch-rate="1.0" complexity="0">
							<lines>
								<line number="28" hits="0" branch="false"/>
								<line number="30" hits="0" branch="false"/>
							</lines>
						</method>
						<method name="&lt;init&gt;" signature="(Ljava/util/Map;JLjava/lang/String;Ljava/lang/String;)V" line-rate="0.95" branch-rate="0.5" complexity="0">
							<lines>
								<line number="15" hits="5" branch="false"/>
								<line number="23" hits="5" branch="false"/>
								<line number="32" hits="5" branch="false"/>
								<line number="36" hits="5" branch="false"/>
								<line number="39" hits="5" branch="false"/>
								<line number="40" hits="5" branch="false"/>
								<line number="41" hits="5" branch="false"/>
								<line number="43" hits="5" branch="false"/>
								<line number="45" hits="5" branch="false"/>
								<line number="46" hits="5" branch="false"/>
								<line number="47" hits="5" branch="false"/>
								<line number="48" hits="5" branch="true" condition-coverage="50% (1/2)">
									<conditions>
										<condition number="0" type="jump" coverage="50%"/>
									</conditions>
								</line>
								<line number="49" hits="5" branch="false"/>
								<line number="51" hits="5" branch="false"/>
								<line number="52" hits="5" branch="true" condition-coverage="50% (1/2)">
									<conditions>
										<condition number="0" type="jump" coverage="50%"/>
									</conditions>
								</line>
								<line number="53" hits="5" branch="false"/>
								<line number="56" hits="5" branch="false"/>
								<line number="57" hits="5" branch="false"/>
								<line number="58" hits="5" branch="false"/>
								<line number="59" hits="5" branch="false"/>
								<line number="60" hits="5" branch="false"/>
								<line number="62" hits="5" branch="false"/>
								<line number="63" hits="5" branch="false"/>
								<line number="64" hits="5" branch="false"/>
								<line number="65" hits="5" branch="false"/>
								<line number="66" hits="5" branch="false"/>
								<line number="67" hits="5" branch="false"/>
								<line number="68" hits="5" branch="false"/>
								<line number="69" hits="5" branch="false"/>
								<line number="71" hits="5" branch="false"/>
								<line number="72" hits="5" branch="false"/>
								<line number="73" hits="5" branch="false"/>
								<line number="74" hits="5" branch="false"/>
								<line number="75" hits="5" branch="false"/>
								<line number="76" hits="5" branch="false"/>
								<line number="77" hits="5" branch="false"/>
								<line number="78" hits="0" branch="false"/>
								<line number="80" hits="0" branch="false"/>
								<line number="81" hits="5" branch="false"/>
								<line number="83" hits="5" branch="false"/>
							</lines>
						</method>
						<method name="computeMid" signature="(Ljava/lang/String;Ljava/lang/String;)Ljava/lang/String;" line-rate="1.0" branch-rate="1.0" complexity="0">
							<lines>
								<line number="88" hits="5" branch="false"/>
							</lines>
						</method>
						<method name="getObject" signature="()Lorg/ekstep/ep/samza/domain/TObject;" line-rate="0.0" branch-rate="1.0" complexity="0">
							<lines>
								<line number="93" hits="0" branch="false"/>
							</lines>
						</method>
						<method name="setObject" signature="(Lorg/ekstep/ep/samza/domain/TObject;)V" line-rate="0.0" branch-rate="1.0" complexity="0">
							<lines>
								<line number="97" hits="0" branch="false"/>
								<line number="98" hits="0" branch="false"/>
							</lines>
						</method>
						<method name="toJson" signature="()Ljava/lang/String;" line-rate="1.0" branch-rate="1.0" complexity="0">
							<lines>
								<line number="119" hits="5" branch="false"/>
								<line number="120" hits="5" branch="false"/>
							</lines>
						</method>
						<method name="toMap" signature="()Ljava/util/Map;" line-rate="1.0" branch-rate="1.0" complexity="0">
							<lines>
								<line number="102" hits="5" branch="false"/>
								<line number="103" hits="5" branch="false"/>
								<line number="104" hits="5" branch="false"/>
								<line number="105" hits="5" branch="false"/>
								<line number="106" hits="5" branch="false"/>
								<line number="107" hits="5" branch="false"/>
								<line number="108" hits="5" branch="false"/>
								<line number="109" hits="5" branch="false"/>
								<line number="110" hits="5" branch="false"/>
								<line number="111" hits="5" branch="false"/>
								<line number="112" hits="5" branch="false"/>
								<line number="113" hits="5" branch="false"/>
								<line number="114" hits="5" branch="false"/>
								<line number="115" hits="5" branch="false"/>
							</lines>
						</method>
					</methods>
					<lines>
						<line number="13" hits="1" branch="false"/>
						<line number="15" hits="5" branch="false"/>
						<line number="23" hits="5" branch="false"/>
						<line number="28" hits="0" branch="false"/>
						<line number="30" hits="0" branch="false"/>
						<line number="32" hits="5" branch="false"/>
						<line number="36" hits="5" branch="false"/>
						<line number="39" hits="5" branch="false"/>
						<line number="40" hits="5" branch="false"/>
						<line number="41" hits="5" branch="false"/>
						<line number="43" hits="5" branch="false"/>
						<line number="45" hits="5" branch="false"/>
						<line number="46" hits="5" branch="false"/>
						<line number="47" hits="5" branch="false"/>
						<line number="48" hits="5" branch="true" condition-coverage="50% (1/2)">
							<conditions>
								<condition number="0" type="jump" coverage="50%"/>
							</conditions>
						</line>
						<line number="49" hits="5" branch="false"/>
						<line number="51" hits="5" branch="false"/>
						<line number="52" hits="5" branch="true" condition-coverage="50% (1/2)">
							<conditions>
								<condition number="0" type="jump" coverage="50%"/>
							</conditions>
						</line>
						<line number="53" hits="5" branch="false"/>
						<line number="56" hits="5" branch="false"/>
						<line number="57" hits="5" branch="false"/>
						<line number="58" hits="5" branch="false"/>
						<line number="59" hits="5" branch="false"/>
						<line number="60" hits="5" branch="false"/>
						<line number="62" hits="5" branch="false"/>
						<line number="63" hits="5" branch="false"/>
						<line number="64" hits="5" branch="false"/>
						<line number="65" hits="5" branch="false"/>
						<line number="66" hits="5" branch="false"/>
						<line number="67" hits="5" branch="false"/>
						<line number="68" hits="5" branch="false"/>
						<line number="69" hits="5" branch="false"/>
						<line number="71" hits="5" branch="false"/>
						<line number="72" hits="5" branch="false"/>
						<line number="73" hits="5" branch="false"/>
						<line number="74" hits="5" branch="false"/>
						<line number="75" hits="5" branch="false"/>
						<line number="76" hits="5" branch="false"/>
						<line number="77" hits="5" branch="false"/>
						<line number="78" hits="0" branch="false"/>
						<line number="80" hits="0" branch="false"/>
						<line number="81" hits="5" branch="false"/>
						<line number="83" hits="5" branch="false"/>
						<line number="88" hits="5" branch="false"/>
						<line number="93" hits="0" branch="false"/>
						<line number="97" hits="0" branch="false"/>
						<line number="98" hits="0" branch="false"/>
						<line number="102" hits="5" branch="false"/>
						<line number="103" hits="5" branch="false"/>
						<line number="104" hits="5" branch="false"/>
						<line number="105" hits="5" branch="false"/>
						<line number="106" hits="5" branch="false"/>
						<line number="107" hits="5" branch="false"/>
						<line number="108" hits="5" branch="false"/>
						<line number="109" hits="5" branch="false"/>
						<line number="110" hits="5" branch="false"/>
						<line number="111" hits="5" branch="false"/>
						<line number="112" hits="5" branch="false"/>
						<line number="113" hits="5" branch="false"/>
						<line number="114" hits="5" branch="false"/>
						<line number="115" hits="5" branch="false"/>
						<line number="119" hits="5" branch="false"/>
						<line number="120" hits="5" branch="false"/>
					</lines>
				</class>
			</classes>
		</package>
		<package name="org.ekstep.ep.samza.service" line-rate="0.7922077922077922" branch-rate="0.6818181818181818" complexity="4.4">
			<classes>
				<class name="org.ekstep.ep.samza.service.TelemetryExtractorService" filename="org/ekstep/ep/samza/service/TelemetryExtractorService.java" line-rate="0.7922077922077922" branch-rate="0.6818181818181818" complexity="4.4">
					<methods>
						<method name="&lt;clinit&gt;" signature="()V" line-rate="1.0" branch-rate="1.0" complexity="0">
							<lines>
								<line number="21" hits="1" branch="false"/>
							</lines>
						</method>
						<method name="&lt;init&gt;" signature="(Lorg/ekstep/ep/samza/task/TelemetryExtractorConfig;Lorg/ekstep/ep/samza/core/JobMetrics;Lorg/ekstep/ep/samza/util/DeDupEngine;)V" line-rate="1.0" branch-rate="1.0" complexity="0">
							<lines>
								<line number="23" hits="8" branch="false"/>
								<line number="26" hits="8" branch="false"/>
								<line number="28" hits="8" branch="false"/>
								<line number="30" hits="8" branch="false"/>
								<line number="31" hits="8" branch="false"/>
								<line number="32" hits="8" branch="false"/>
								<line number="33" hits="8" branch="false"/>
								<line number="34" hits="8" branch="false"/>
								<line number="35" hits="8" branch="false"/>
							</lines>
						</method>
						<method name="addDuplicateFlag" signature="(Ljava/util/Map;)Ljava/lang/String;" line-rate="1.0" branch-rate="1.0" complexity="0">
							<lines>
								<line number="139" hits="1" branch="false"/>
								<line number="140" hits="1" branch="false"/>
								<line number="141" hits="1" branch="false"/>
								<line number="142" hits="1" branch="false"/>
							</lines>
						</method>
						<method name="generateAuditEvent" signature="(Ljava/util/Map;JLjava/lang/String;Lorg/ekstep/ep/samza/task/TelemetryExtractorSink;Ljava/lang/String;)V" line-rate="0.625" branch-rate="1.0" complexity="0">
							<lines>
								<line number="129" hits="5" branch="false"/>
								<line number="130" hits="5" branch="false"/>
								<line number="131" hits="5" branch="false"/>
								<line number="132" hits="0" branch="false"/>
								<line number="133" hits="0" branch="false"/>
								<line number="134" hits="0" branch="false"/>
								<line number="135" hits="5" branch="false"/>
								<line number="136" hits="5" branch="false"/>
							</lines>
						</method>
						<method name="getSyncTS" signature="(Ljava/util/Map;)J" line-rate="1.0" branch-rate="0.75" complexity="0">
							<lines>
								<line number="108" hits="8" branch="true" condition-coverage="100% (2/2)">
									<conditions>
										<condition number="0" type="jump" coverage="100%"/>
									</conditions>
								</line>
								<line number="109" hits="7" branch="false"/>
								<line number="110" hits="7" branch="true" condition-coverage="50% (1/2)">
									<conditions>
										<condition number="0" type="jump" coverage="50%"/>
									</conditions>
								</line>
								<line number="111" hits="7" branch="false"/>
								<line number="115" hits="1" branch="false"/>
							</lines>
						</method>
						<method name="process" signature="(Ljava/lang/String;Lorg/ekstep/ep/samza/task/TelemetryExtractorSink;)V" line-rate="0.74" branch-rate="0.6666666666666666" complexity="0">
							<lines>
								<line number="41" hits="8" branch="false"/>
								<line number="42" hits="8" branch="false"/>
								<line number="43" hits="8" branch="false"/>
								<line number="45" hits="8" branch="true" condition-coverage="75% (3/4)">
									<conditions>
										<condition number="0" type="jump" coverage="100%"/>
										<condition number="1" type="jump" coverage="50%"/>
									</conditions>
								</line>
								<line number="46" hits="1" branch="false"/>
								<line number="48" hits="1" branch="false"/>
								<line number="49" hits="1" branch="true" condition-coverage="50% (2/4)">
									<conditions>
										<condition number="0" type="jump" coverage="50%"/>
										<condition number="1" type="jump" coverage="50%"/>
									</conditions>
								</line>
								<line number="50" hits="1" branch="false"/>
								<line number="51" hits="1" branch="true" condition-coverage="50% (1/2)">
									<conditions>
										<condition number="0" type="jump" coverage="50%"/>
									</conditions>
								</line>
								<line number="52" hits="1" branch="false"/>
								<line number="53" hits="1" branch="false"/>
								<line number="54" hits="1" branch="false"/>
								<line number="56" hits="0" branch="false"/>
								<line number="58" hits="0" branch="false"/>
								<line number="59" hits="0" branch="false"/>
								<line number="60" hits="0" branch="false"/>
								<line number="61" hits="0" branch="false"/>
								<line number="62" hits="0" branch="false"/>
								<line number="65" hits="7" branch="false"/>
								<line number="67" hits="7" branch="true" condition-coverage="100% (2/2)">
									<conditions>
										<condition number="0" type="jump" coverage="100%"/>
									</conditions>
								</line>
								<line number="68" hits="45" branch="false"/>
								<line number="70" hits="45" branch="false"/>
								<line number="71" hits="45" branch="false"/>
								<line number="72" hits="45" branch="false"/>
								<line number="73" hits="45" branch="false"/>
								<line number="74" hits="45" branch="false"/>
								<line number="75" hits="45" branch="true" condition-coverage="50% (1/2)">
									<conditions>
										<condition number="0" type="jump" coverage="50%"/>
									</conditions>
								</line>
								<line number="76" hits="0" branch="false"/>
								<line number="78" hits="45" branch="false"/>
								<line number="79" hits="45" branch="false"/>
								<line number="80" hits="45" branch="true" condition-coverage="50% (1/2)">
									<conditions>
										<condition number="0" type="jump" coverage="50%"/>
									</conditions>
								</line>
								<line number="81" hits="0" branch="false"/>
								<line number="82" hits="0" branch="false"/>
								<line number="83" hits="0" branch="false"/>
								<line number="85" hits="45" branch="true" condition-coverage="100% (2/2)">
									<conditions>
										<condition number="0" type="jump" coverage="100%"/>
									</conditions>
								</line>
								<line number="86" hits="2" branch="false"/>
								<line number="88" hits="43" branch="false"/>
								<line number="91" hits="0" branch="false"/>
								<line number="92" hits="0" branch="false"/>
								<line number="93" hits="0" branch="false"/>
								<line number="94" hits="45" branch="false"/>
								<line number="95" hits="45" branch="false"/>
								<line number="96" hits="5" branch="false"/>
								<line number="97" hits="5" branch="false"/>
								<line number="98" hits="2" branch="false"/>
								<line number="99" hits="2" branch="false"/>
								<line number="100" hits="2" branch="false"/>
								<line number="101" hits="2" branch="false"/>
								<line number="102" hits="5" branch="false"/>
								<line number="104" hits="7" branch="false"/>
							</lines>
						</method>
					</methods>
					<lines>
						<line number="21" hits="1" branch="false"/>
						<line number="23" hits="8" branch="false"/>
						<line number="26" hits="8" branch="false"/>
						<line number="28" hits="8" branch="false"/>
						<line number="30" hits="8" branch="false"/>
						<line number="31" hits="8" branch="false"/>
						<line number="32" hits="8" branch="false"/>
						<line number="33" hits="8" branch="false"/>
						<line number="34" hits="8" branch="false"/>
						<line number="35" hits="8" branch="false"/>
						<line number="41" hits="8" branch="false"/>
						<line number="42" hits="8" branch="false"/>
						<line number="43" hits="8" branch="false"/>
						<line number="45" hits="8" branch="true" condition-coverage="75% (3/4)">
							<conditions>
								<condition number="0" type="jump" coverage="100%"/>
								<condition number="1" type="jump" coverage="50%"/>
							</conditions>
						</line>
						<line number="46" hits="1" branch="false"/>
						<line number="48" hits="1" branch="false"/>
						<line number="49" hits="1" branch="true" condition-coverage="50% (2/4)">
							<conditions>
								<condition number="0" type="jump" coverage="50%"/>
								<condition number="1" type="jump" coverage="50%"/>
							</conditions>
						</line>
						<line number="50" hits="1" branch="false"/>
						<line number="51" hits="1" branch="true" condition-coverage="50% (1/2)">
							<conditions>
								<condition number="0" type="jump" coverage="50%"/>
							</conditions>
						</line>
						<line number="52" hits="1" branch="false"/>
						<line number="53" hits="1" branch="false"/>
						<line number="54" hits="1" branch="false"/>
						<line number="56" hits="0" branch="false"/>
						<line number="58" hits="0" branch="false"/>
						<line number="59" hits="0" branch="false"/>
						<line number="60" hits="0" branch="false"/>
						<line number="61" hits="0" branch="false"/>
						<line number="62" hits="0" branch="false"/>
						<line number="65" hits="7" branch="false"/>
						<line number="67" hits="7" branch="true" condition-coverage="100% (2/2)">
							<conditions>
								<condition number="0" type="jump" coverage="100%"/>
							</conditions>
						</line>
						<line number="68" hits="45" branch="false"/>
						<line number="70" hits="45" branch="false"/>
						<line number="71" hits="45" branch="false"/>
						<line number="72" hits="45" branch="false"/>
						<line number="73" hits="45" branch="false"/>
						<line number="74" hits="45" branch="false"/>
						<line number="75" hits="45" branch="true" condition-coverage="50% (1/2)">
							<conditions>
								<condition number="0" type="jump" coverage="50%"/>
							</conditions>
						</line>
						<line number="76" hits="0" branch="false"/>
						<line number="78" hits="45" branch="false"/>
						<line number="79" hits="45" branch="false"/>
						<line number="80" hits="45" branch="true" condition-coverage="50% (1/2)">
							<conditions>
								<condition number="0" type="jump" coverage="50%"/>
							</conditions>
						</line>
						<line number="81" hits="0" branch="false"/>
						<line number="82" hits="0" branch="false"/>
						<line number="83" hits="0" branch="false"/>
						<line number="85" hits="45" branch="true" condition-coverage="100% (2/2)">
							<conditions>
								<condition number="0" type="jump" coverage="100%"/>
							</conditions>
						</line>
						<line number="86" hits="2" branch="false"/>
						<line number="88" hits="43" branch="false"/>
						<line number="91" hits="0" branch="false"/>
						<line number="92" hits="0" branch="false"/>
						<line number="93" hits="0" branch="false"/>
						<line number="94" hits="45" branch="false"/>
						<line number="95" hits="45" branch="false"/>
						<line number="96" hits="5" branch="false"/>
						<line number="97" hits="5" branch="false"/>
						<line number="98" hits="2" branch="false"/>
						<line number="99" hits="2" branch="false"/>
						<line number="100" hits="2" branch="false"/>
						<line number="101" hits="2" branch="false"/>
						<line number="102" hits="5" branch="false"/>
						<line number="104" hits="7" branch="false"/>
						<line number="108" hits="8" branch="true" condition-coverage="100% (2/2)">
							<conditions>
								<condition number="0" type="jump" coverage="100%"/>
							</conditions>
						</line>
						<line number="109" hits="7" branch="false"/>
						<line number="110" hits="7" branch="true" condition-coverage="50% (1/2)">
							<conditions>
								<condition number="0" type="jump" coverage="50%"/>
							</conditions>
						</line>
						<line number="111" hits="7" branch="false"/>
						<line number="115" hits="1" branch="false"/>
						<line number="129" hits="5" branch="false"/>
						<line number="130" hits="5" branch="false"/>
						<line number="131" hits="5" branch="false"/>
						<line number="132" hits="0" branch="false"/>
						<line number="133" hits="0" branch="false"/>
						<line number="134" hits="0" branch="false"/>
						<line number="135" hits="5" branch="false"/>
						<line number="136" hits="5" branch="false"/>
						<line number="139" hits="1" branch="false"/>
						<line number="140" hits="1" branch="false"/>
						<line number="141" hits="1" branch="false"/>
						<line number="142" hits="1" branch="false"/>
					</lines>
				</class>
			</classes>
		</package>
		<package name="org.ekstep.ep.samza.task" line-rate="0.8181818181818182" branch-rate="0.5" complexity="1.05">
			<classes>
				<class name="org.ekstep.ep.samza.task.TelemetryExtractorConfig" filename="org/ekstep/ep/samza/task/TelemetryExtractorConfig.java" line-rate="0.8888888888888888" branch-rate="1.0" complexity="1.0">
					<methods>
						<method name="&lt;init&gt;" signature="(Lorg/apache/samza/config/Config;)V" line-rate="1.0" branch-rate="1.0" complexity="0">
							<lines>
								<line number="7" hits="8" branch="false"/>
								<line number="16" hits="8" branch="false"/>
								<line number="17" hits="8" branch="false"/>
								<line number="18" hits="8" branch="false"/>
								<line number="19" hits="8" branch="false"/>
								<line number="20" hits="8" branch="false"/>
								<line number="21" hits="8" branch="false"/>
								<line number="22" hits="8" branch="false"/>
								<line number="23" hits="8" branch="false"/>
								<line number="24" hits="8" branch="false"/>
							</lines>
						</method>
						<method name="assessTopic" signature="()Ljava/lang/String;" line-rate="1.0" branch-rate="1.0" complexity="0">
							<lines>
								<line number="31" hits="2" branch="false"/>
							</lines>
						</method>
						<method name="defaultChannel" signature="()Ljava/lang/String;" line-rate="1.0" branch-rate="1.0" complexity="0">
							<lines>
								<line number="43" hits="8" branch="false"/>
							</lines>
						</method>
						<method name="dupStore" signature="()I" line-rate="0.0" branch-rate="1.0" complexity="0">
							<lines>
								<line number="47" hits="0" branch="false"/>
							</lines>
						</method>
						<method name="errorTopic" signature="()Ljava/lang/String;" line-rate="1.0" branch-rate="1.0" complexity="0">
							<lines>
								<line number="35" hits="3" branch="false"/>
							</lines>
						</method>
						<method name="expirySeconds" signature="()I" line-rate="0.0" branch-rate="1.0" complexity="0">
							<lines>
								<line number="51" hits="0" branch="false"/>
							</lines>
						</method>
						<method name="jobName" signature="()Ljava/lang/String;" line-rate="1.0" branch-rate="1.0" complexity="0">
							<lines>
								<line number="39" hits="8" branch="false"/>
							</lines>
						</method>
						<method name="rawIndividualEventMaxSize" signature="()I" line-rate="1.0" branch-rate="1.0" complexity="0">
							<lines>
								<line number="55" hits="8" branch="false"/>
							</lines>
						</method>
						<method name="successTopic" signature="()Ljava/lang/String;" line-rate="1.0" branch-rate="1.0" complexity="0">
							<lines>
								<line number="27" hits="48" branch="false"/>
							</lines>
						</method>
					</methods>
					<lines>
						<line number="7" hits="8" branch="false"/>
						<line number="16" hits="8" branch="false"/>
						<line number="17" hits="8" branch="false"/>
						<line number="18" hits="8" branch="false"/>
						<line number="19" hits="8" branch="false"/>
						<line number="20" hits="8" branch="false"/>
						<line number="21" hits="8" branch="false"/>
						<line number="22" hits="8" branch="false"/>
						<line number="23" hits="8" branch="false"/>
						<line number="24" hits="8" branch="false"/>
						<line number="27" hits="48" branch="false"/>
						<line number="31" hits="2" branch="false"/>
						<line number="35" hits="3" branch="false"/>
						<line number="39" hits="8" branch="false"/>
						<line number="43" hits="8" branch="false"/>
						<line number="47" hits="0" branch="false"/>
						<line number="51" hits="0" branch="false"/>
						<line number="55" hits="8" branch="false"/>
					</lines>
				</class>
				<class name="org.ekstep.ep.samza.task.TelemetryExtractorSink" filename="org/ekstep/ep/samza/task/TelemetryExtractorSink.java" line-rate="0.8333333333333334" branch-rate="1.0" complexity="1.0">
					<methods>
						<method name="&lt;init&gt;" signature="(Lorg/apache/samza/task/MessageCollector;Lorg/ekstep/ep/samza/core/JobMetrics;Lorg/ekstep/ep/samza/task/TelemetryExtractorConfig;)V" line-rate="1.0" branch-rate="1.0" complexity="0">
							<lines>
								<line number="12" hits="8" branch="false"/>
								<line number="13" hits="8" branch="false"/>
								<line number="14" hits="8" branch="false"/>
							</lines>
						</method>
						<method name="sinkBatchErrorEvents" signature="(Ljava/lang/String;)V" line-rate="1.0" branch-rate="1.0" complexity="0">
							<lines>
								<line number="32" hits="2" branch="false"/>
								<line number="33" hits="2" branch="false"/>
								<line number="34" hits="2" branch="false"/>
							</lines>
						</method>
						<method name="toAssessTopic" signature="(Ljava/lang/String;)V" line-rate="1.0" branch-rate="1.0" complexity="0">
							<lines>
								<line number="22" hits="2" branch="false"/>
								<line number="23" hits="2" branch="false"/>
								<line number="24" hits="2" branch="false"/>
							</lines>
						</method>
						<method name="toDuplicateTopic" signature="(Ljava/lang/String;)V" line-rate="1.0" branch-rate="1.0" complexity="0">
							<lines>
								<line number="38" hits="1" branch="false"/>
								<line number="39" hits="1" branch="false"/>
								<line number="40" hits="1" branch="false"/>
							</lines>
						</method>
						<method name="toErrorTopic" signature="(Ljava/lang/String;)V" line-rate="0.0" branch-rate="1.0" complexity="0">
							<lines>
								<line number="27" hits="0" branch="false"/>
								<line number="28" hits="0" branch="false"/>
								<line number="29" hits="0" branch="false"/>
							</lines>
						</method>
						<method name="toSuccessTopic" signature="(Ljava/lang/String;)V" line-rate="1.0" branch-rate="1.0" complexity="0">
							<lines>
								<line number="17" hits="48" branch="false"/>
								<line number="18" hits="48" branch="false"/>
								<line number="19" hits="48" branch="false"/>
							</lines>
						</method>
					</methods>
					<lines>
						<line number="12" hits="8" branch="false"/>
						<line number="13" hits="8" branch="false"/>
						<line number="14" hits="8" branch="false"/>
						<line number="17" hits="48" branch="false"/>
						<line number="18" hits="48" branch="false"/>
						<line number="19" hits="48" branch="false"/>
						<line number="22" hits="2" branch="false"/>
						<line number="23" hits="2" branch="false"/>
						<line number="24" hits="2" branch="false"/>
						<line number="27" hits="0" branch="false"/>
						<line number="28" hits="0" branch="false"/>
						<line number="29" hits="0" branch="false"/>
						<line number="32" hits="2" branch="false"/>
						<line number="33" hits="2" branch="false"/>
						<line number="34" hits="2" branch="false"/>
						<line number="38" hits="1" branch="false"/>
						<line number="39" hits="1" branch="false"/>
						<line number="40" hits="1" branch="false"/>
					</lines>
				</class>
				<class name="org.ekstep.ep.samza.task.TelemetryExtractorTask" filename="org/ekstep/ep/samza/task/TelemetryExtractorTask.java" line-rate="0.7368421052631579" branch-rate="0.5" complexity="1.2">
					<methods>
						<method name="&lt;init&gt;" signature="()V" line-rate="0.0" branch-rate="1.0" complexity="0">
							<lines>
								<line number="42" hits="0" branch="false"/>
								<line number="44" hits="0" branch="false"/>
							</lines>
						</method>
						<method name="&lt;init&gt;" signature="(Lorg/apache/samza/config/Config;Lorg/apache/samza/task/TaskContext;Lorg/ekstep/ep/samza/util/DeDupEngine;)V" line-rate="1.0" branch-rate="1.0" complexity="0">
							<lines>
								<line number="38" hits="8" branch="false"/>
								<line number="39" hits="8" branch="false"/>
								<line number="40" hits="8" branch="false"/>
							</lines>
						</method>
						<method name="init" signature="(Lorg/apache/samza/config/Config;Lorg/apache/samza/task/TaskContext;)V" line-rate="0.0" branch-rate="1.0" complexity="0">
							<lines>
								<line number="48" hits="0" branch="false"/>
								<line number="49" hits="0" branch="false"/>
							</lines>
						</method>
						<method name="init" signature="(Lorg/apache/samza/config/Config;Lorg/apache/samza/task/TaskContext;Lorg/ekstep/ep/samza/util/DeDupEngine;)V" line-rate="0.8571428571428571" branch-rate="0.5" complexity="0">
							<lines>
								<line number="53" hits="8" branch="false"/>
								<line number="54" hits="8" branch="false"/>
								<line number="55" hits="8" branch="true" condition-coverage="50% (1/2)">
									<conditions>
										<condition number="0" type="jump" coverage="50%"/>
									</conditions>
								</line>
								<line number="56" hits="0" branch="false"/>
								<line number="57" hits="8" branch="false"/>
								<line number="58" hits="8" branch="false"/>
								<line number="59" hits="8" branch="false"/>
							</lines>
						</method>
						<method name="initTask" signature="(Lorg/apache/samza/config/Config;Lorg/ekstep/ep/samza/core/JobMetrics;)V" line-rate="1.0" branch-rate="1.0" complexity="0">
							<lines>
								<line number="32" hits="8" branch="false"/>
							</lines>
						</method>
						<method name="process" signature="(Lorg/apache/samza/system/IncomingMessageEnvelope;Lorg/apache/samza/task/MessageCollector;Lorg/apache/samza/task/TaskCoordinator;)V" line-rate="1.0" branch-rate="1.0" complexity="0">
							<lines>
								<line number="65" hits="8" branch="false"/>
								<line number="66" hits="8" branch="false"/>
								<line number="67" hits="8" branch="false"/>
								<line number="68" hits="8" branch="false"/>
							</lines>
						</method>
						<method name="window" signature="(Lorg/apache/samza/task/MessageCollector;Lorg/apache/samza/task/TaskCoordinator;)V" line-rate="1.0" branch-rate="1.0" complexity="0">
							<lines>
							</lines>
						</method>
					</methods>
					<lines>
						<line number="32" hits="8" branch="false"/>
						<line number="38" hits="8" branch="false"/>
						<line number="39" hits="8" branch="false"/>
						<line number="40" hits="8" branch="false"/>
						<line number="42" hits="0" branch="false"/>
						<line number="44" hits="0" branch="false"/>
						<line number="48" hits="0" branch="false"/>
						<line number="49" hits="0" branch="false"/>
						<line number="53" hits="8" branch="false"/>
						<line number="54" hits="8" branch="false"/>
						<line number="55" hits="8" branch="true" condition-coverage="50% (1/2)">
							<conditions>
								<condition number="0" type="jump" coverage="50%"/>
							</conditions>
						</line>
						<line number="56" hits="0" branch="false"/>
						<line number="57" hits="8" branch="false"/>
						<line number="58" hits="8" branch="false"/>
						<line number="59" hits="8" branch="false"/>
						<line number="65" hits="8" branch="false"/>
						<line number="66" hits="8" branch="false"/>
						<line number="67" hits="8" branch="false"/>
						<line number="68" hits="8" branch="false"/>
					</lines>
				</class>
			</classes>
		</package>
	</packages>
</coverage>
