<?xml version="1.0"?>
<!DOCTYPE coverage SYSTEM "http://cobertura.sourceforge.net/xml/coverage-04.dtd">

<coverage line-rate="0.9375" branch-rate="0.7391304347826086" lines-covered="105" lines-valid="112" branches-covered="34" branches-valid="46" complexity="2.1363636363636362" version="2.1.1" timestamp="1588867686986">
	<sources>
		<source>--source</source>
		<source>/var/lib/jenkins/workspace/Build/DataPipeline/DataPipeline/data-pipeline/content-cache-updater/src/main/java</source>
	</sources>
	<packages>
		<package name="org.ekstep.ep.samza.service" line-rate="1.0" branch-rate="0.7222222222222222" complexity="4.333333333333333">
			<classes>
				<class name="org.ekstep.ep.samza.service.ContentCacheUpdaterService" filename="org/ekstep/ep/samza/service/ContentCacheUpdaterService.java" line-rate="1.0" branch-rate="0.7222222222222222" complexity="4.333333333333333">
					<methods>
						<method name="&lt;clinit&gt;" signature="()V" line-rate="1.0" branch-rate="1.0" complexity="0">
							<lines>
								<line number="17" hits="1" branch="false"/>
							</lines>
						</method>
						<method name="&lt;init&gt;" signature="(Lorg/ekstep/ep/samza/task/ContentCacheConfig;Lorg/ekstep/ep/samza/util/RedisConnect;Lorg/ekstep/ep/samza/core/JobMetrics;)V" line-rate="1.0" branch-rate="1.0" complexity="0">
							<lines>
								<line number="22" hits="11" branch="false"/>
								<line number="23" hits="11" branch="false"/>
								<line number="24" hits="11" branch="false"/>
								<line number="27" hits="11" branch="false"/>
								<line number="28" hits="11" branch="false"/>
								<line number="29" hits="11" branch="false"/>
								<line number="30" hits="11" branch="false"/>
							</lines>
						</method>
						<method name="getCacheData" signature="(Ljava/util/Map;Ljava/lang/String;)Ljava/util/Map;" line-rate="1.0" branch-rate="1.0" complexity="0">
							<lines>
								<line number="54" hits="15" branch="false"/>
								<line number="55" hits="15" branch="false"/>
								<line number="56" hits="15" branch="false"/>
								<line number="57" hits="15" branch="false"/>
								<line number="59" hits="15" branch="true" condition-coverage="100% (2/2)">
									<conditions>
										<condition number="0" type="jump" coverage="100%"/>
									</conditions>
								</line>
								<line number="60" hits="3" branch="false"/>
								<line number="61" hits="3" branch="false"/>
								<line number="64" hits="12" branch="false"/>
								<line number="65" hits="12" branch="false"/>
								<line number="66" hits="12" branch="false"/>
								<line number="67" hits="12" branch="true" condition-coverage="100% (2/2)">
									<conditions>
										<condition number="0" type="jump" coverage="100%"/>
									</conditions>
								</line>
								<line number="68" hits="4" branch="false"/>
								<line number="71" hits="15" branch="true" condition-coverage="100% (2/2)">
									<conditions>
										<condition number="0" type="jump" coverage="100%"/>
									</conditions>
								</line>
								<line number="72" hits="8" branch="false"/>
								<line number="74" hits="7" branch="false"/>
								<line number="76" hits="15" branch="false"/>
							</lines>
						</method>
						<method name="process" signature="(Lorg/ekstep/ep/samza/task/ContentCacheUpdaterSource;Lorg/ekstep/ep/samza/task/ContentCacheUpdaterSink;)V" line-rate="1.0" branch-rate="0.5833333333333334" complexity="0">
							<lines>
								<line number="33" hits="12" branch="false"/>
								<line number="34" hits="12" branch="false"/>
								<line number="35" hits="12" branch="false"/>
								<line number="36" hits="12" branch="false"/>
								<line number="37" hits="12" branch="true" condition-coverage="62% (5/8)">
									<conditions>
										<condition number="0" type="jump" coverage="50%"/>
										<condition number="1" type="jump" coverage="50%"/>
										<condition number="2" type="jump" coverage="100%"/>
										<condition number="3" type="jump" coverage="50%"/>
									</conditions>
								</line>
								<line number="38" hits="3" branch="false"/>
								<line number="39" hits="3" branch="false"/>
								<line number="41" hits="9" branch="false"/>
								<line number="42" hits="9" branch="false"/>
								<line number="43" hits="9" branch="true" condition-coverage="50% (1/2)">
									<conditions>
										<condition number="0" type="jump" coverage="50%"/>
									</conditions>
								</line>
								<line number="44" hits="9" branch="false"/>
								<line number="46" hits="9" branch="true" condition-coverage="50% (1/2)">
									<conditions>
										<condition number="0" type="jump" coverage="50%"/>
									</conditions>
								</line>
								<line number="47" hits="9" branch="false"/>
								<line number="48" hits="9" branch="false"/>
								<line number="49" hits="9" branch="false"/>
								<line number="51" hits="9" branch="false"/>
							</lines>
						</method>
					</methods>
					<lines>
						<line number="17" hits="1" branch="false"/>
						<line number="22" hits="11" branch="false"/>
						<line number="23" hits="11" branch="false"/>
						<line number="24" hits="11" branch="false"/>
						<line number="27" hits="11" branch="false"/>
						<line number="28" hits="11" branch="false"/>
						<line number="29" hits="11" branch="false"/>
						<line number="30" hits="11" branch="false"/>
						<line number="33" hits="12" branch="false"/>
						<line number="34" hits="12" branch="false"/>
						<line number="35" hits="12" branch="false"/>
						<line number="36" hits="12" branch="false"/>
						<line number="37" hits="12" branch="true" condition-coverage="62% (5/8)">
							<conditions>
								<condition number="0" type="jump" coverage="50%"/>
								<condition number="1" type="jump" coverage="50%"/>
								<condition number="2" type="jump" coverage="100%"/>
								<condition number="3" type="jump" coverage="50%"/>
							</conditions>
						</line>
						<line number="38" hits="3" branch="false"/>
						<line number="39" hits="3" branch="false"/>
						<line number="41" hits="9" branch="false"/>
						<line number="42" hits="9" branch="false"/>
						<line number="43" hits="9" branch="true" condition-coverage="50% (1/2)">
							<conditions>
								<condition number="0" type="jump" coverage="50%"/>
							</conditions>
						</line>
						<line number="44" hits="9" branch="false"/>
						<line number="46" hits="9" branch="true" condition-coverage="50% (1/2)">
							<conditions>
								<condition number="0" type="jump" coverage="50%"/>
							</conditions>
						</line>
						<line number="47" hits="9" branch="false"/>
						<line number="48" hits="9" branch="false"/>
						<line number="49" hits="9" branch="false"/>
						<line number="51" hits="9" branch="false"/>
						<line number="54" hits="15" branch="false"/>
						<line number="55" hits="15" branch="false"/>
						<line number="56" hits="15" branch="false"/>
						<line number="57" hits="15" branch="false"/>
						<line number="59" hits="15" branch="true" condition-coverage="100% (2/2)">
							<conditions>
								<condition number="0" type="jump" coverage="100%"/>
							</conditions>
						</line>
						<line number="60" hits="3" branch="false"/>
						<line number="61" hits="3" branch="false"/>
						<line number="64" hits="12" branch="false"/>
						<line number="65" hits="12" branch="false"/>
						<line number="66" hits="12" branch="false"/>
						<line number="67" hits="12" branch="true" condition-coverage="100% (2/2)">
							<conditions>
								<condition number="0" type="jump" coverage="100%"/>
							</conditions>
						</line>
						<line number="68" hits="4" branch="false"/>
						<line number="71" hits="15" branch="true" condition-coverage="100% (2/2)">
							<conditions>
								<condition number="0" type="jump" coverage="100%"/>
							</conditions>
						</line>
						<line number="72" hits="8" branch="false"/>
						<line number="74" hits="7" branch="false"/>
						<line number="76" hits="15" branch="false"/>
					</lines>
				</class>
				<class name="org.ekstep.ep.samza.service.ContentCacheUpdaterService$1" filename="org/ekstep/ep/samza/service/ContentCacheUpdaterService.java" line-rate="1.0" branch-rate="1.0" complexity="4.333333333333333">
					<methods>
						<method name="&lt;init&gt;" signature="(Lorg/ekstep/ep/samza/service/ContentCacheUpdaterService;)V" line-rate="1.0" branch-rate="1.0" complexity="0">
							<lines>
								<line number="23" hits="11" branch="false"/>
							</lines>
						</method>
					</methods>
					<lines>
						<line number="23" hits="11" branch="false"/>
					</lines>
				</class>
			</classes>
		</package>
		<package name="org.ekstep.ep.samza.task" line-rate="0.9" branch-rate="0.5" complexity="1.0625">
			<classes>
				<class name="org.ekstep.ep.samza.task.ContentCacheConfig" filename="org/ekstep/ep/samza/task/ContentCacheConfig.java" line-rate="1.0" branch-rate="1.0" complexity="1.0">
					<methods>
						<method name="&lt;init&gt;" signature="(Lorg/apache/samza/config/Config;)V" line-rate="1.0" branch-rate="1.0" complexity="0">
							<lines>
								<line number="10" hits="11" branch="false"/>
								<line number="17" hits="11" branch="false"/>
								<line number="18" hits="11" branch="false"/>
								<line number="19" hits="11" branch="false"/>
								<line number="20" hits="11" branch="false"/>
								<line number="21" hits="11" branch="false"/>
								<line number="22" hits="11" branch="false"/>
							</lines>
						</method>
						<method name="JOB_NAME" signature="()Ljava/lang/String;" line-rate="1.0" branch-rate="1.0" complexity="0">
							<lines>
								<line number="32" hits="2" branch="false"/>
							</lines>
						</method>
						<method name="getContentModelListTypeFields" signature="()Ljava/util/List;" line-rate="1.0" branch-rate="1.0" complexity="0">
							<lines>
								<line number="28" hits="12" branch="false"/>
							</lines>
						</method>
						<method name="getContentStoreDb" signature="()I" line-rate="1.0" branch-rate="1.0" complexity="0">
							<lines>
								<line number="24" hits="12" branch="false"/>
							</lines>
						</method>
						<method name="getDateFields" signature="()Ljava/util/List;" line-rate="1.0" branch-rate="1.0" complexity="0">
							<lines>
								<line number="30" hits="12" branch="false"/>
							</lines>
						</method>
						<method name="getdialCodeStoreDb" signature="()I" line-rate="1.0" branch-rate="1.0" complexity="0">
							<lines>
								<line number="26" hits="3" branch="false"/>
							</lines>
						</method>
					</methods>
					<lines>
						<line number="10" hits="11" branch="false"/>
						<line number="17" hits="11" branch="false"/>
						<line number="18" hits="11" branch="false"/>
						<line number="19" hits="11" branch="false"/>
						<line number="20" hits="11" branch="false"/>
						<line number="21" hits="11" branch="false"/>
						<line number="22" hits="11" branch="false"/>
						<line number="24" hits="12" branch="false"/>
						<line number="26" hits="3" branch="false"/>
						<line number="28" hits="12" branch="false"/>
						<line number="30" hits="12" branch="false"/>
						<line number="32" hits="2" branch="false"/>
					</lines>
				</class>
				<class name="org.ekstep.ep.samza.task.ContentCacheUpdaterSink" filename="org/ekstep/ep/samza/task/ContentCacheUpdaterSink.java" line-rate="1.0" branch-rate="1.0" complexity="1.0">
					<methods>
						<method name="&lt;init&gt;" signature="(Lorg/apache/samza/task/MessageCollector;Lorg/ekstep/ep/samza/core/JobMetrics;)V" line-rate="1.0" branch-rate="1.0" complexity="0">
							<lines>
								<line number="10" hits="2" branch="false"/>
								<line number="11" hits="2" branch="false"/>
							</lines>
						</method>
						<method name="markSkipped" signature="()V" line-rate="1.0" branch-rate="1.0" complexity="0">
							<lines>
								<line number="17" hits="1" branch="false"/>
							</lines>
						</method>
						<method name="success" signature="()V" line-rate="1.0" branch-rate="1.0" complexity="0">
							<lines>
								<line number="14" hits="1" branch="false"/>
								<line number="15" hits="1" branch="false"/>
							</lines>
						</method>
					</methods>
					<lines>
						<line number="10" hits="2" branch="false"/>
						<line number="11" hits="2" branch="false"/>
						<line number="14" hits="1" branch="false"/>
						<line number="15" hits="1" branch="false"/>
						<line number="17" hits="1" branch="false"/>
					</lines>
				</class>
				<class name="org.ekstep.ep.samza.task.ContentCacheUpdaterSource" filename="org/ekstep/ep/samza/task/ContentCacheUpdaterSource.java" line-rate="1.0" branch-rate="1.0" complexity="1.0">
					<methods>
						<method name="&lt;init&gt;" signature="(Lorg/apache/samza/system/IncomingMessageEnvelope;)V" line-rate="1.0" branch-rate="1.0" complexity="0">
							<lines>
								<line number="12" hits="12" branch="false"/>
								<line number="13" hits="12" branch="false"/>
								<line number="14" hits="12" branch="false"/>
							</lines>
						</method>
						<method name="getMap" signature="()Ljava/util/Map;" line-rate="1.0" branch-rate="1.0" complexity="0">
							<lines>
								<line number="17" hits="18" branch="false"/>
								<line number="18" hits="18" branch="false"/>
							</lines>
						</method>
					</methods>
					<lines>
						<line number="12" hits="12" branch="false"/>
						<line number="13" hits="12" branch="false"/>
						<line number="14" hits="12" branch="false"/>
						<line number="17" hits="18" branch="false"/>
						<line number="18" hits="18" branch="false"/>
					</lines>
				</class>
				<class name="org.ekstep.ep.samza.task.ContentCacheUpdaterTask" filename="org/ekstep/ep/samza/task/ContentCacheUpdaterTask.java" line-rate="0.7777777777777778" branch-rate="0.5" complexity="1.2">
					<methods>
						<method name="&lt;init&gt;" signature="()V" line-rate="0.0" branch-rate="1.0" complexity="0">
							<lines>
								<line number="22" hits="0" branch="false"/>
								<line number="23" hits="0" branch="false"/>
							</lines>
						</method>
						<method name="&lt;init&gt;" signature="(Lorg/apache/samza/config/Config;Lorg/apache/samza/task/TaskContext;Lorg/ekstep/ep/samza/util/RedisConnect;)V" line-rate="1.0" branch-rate="1.0" complexity="0">
							<lines>
								<line number="18" hits="2" branch="false"/>
								<line number="19" hits="2" branch="false"/>
								<line number="20" hits="2" branch="false"/>
							</lines>
						</method>
						<method name="init" signature="(Lorg/apache/samza/config/Config;Lorg/apache/samza/task/TaskContext;)V" line-rate="0.0" branch-rate="1.0" complexity="0">
							<lines>
								<line number="27" hits="0" branch="false"/>
								<line number="28" hits="0" branch="false"/>
							</lines>
						</method>
						<method name="init" signature="(Lorg/apache/samza/config/Config;Lorg/apache/samza/task/TaskContext;Lorg/ekstep/ep/samza/util/RedisConnect;)V" line-rate="1.0" branch-rate="0.5" complexity="0">
							<lines>
								<line number="31" hits="2" branch="false"/>
								<line number="32" hits="2" branch="false"/>
								<line number="33" hits="2" branch="true" condition-coverage="50% (1/2)">
									<conditions>
										<condition number="0" type="jump" coverage="50%"/>
									</conditions>
								</line>
								<line number="34" hits="2" branch="false"/>
								<line number="35" hits="2" branch="false"/>
								<line number="36" hits="2" branch="false"/>
							</lines>
						</method>
						<method name="initTask" signature="(Lorg/apache/samza/config/Config;Lorg/ekstep/ep/samza/core/JobMetrics;)V" line-rate="1.0" branch-rate="1.0" complexity="0">
							<lines>
								<line number="12" hits="2" branch="false"/>
							</lines>
						</method>
						<method name="process" signature="(Lorg/apache/samza/system/IncomingMessageEnvelope;Lorg/apache/samza/task/MessageCollector;Lorg/apache/samza/task/TaskCoordinator;)V" line-rate="1.0" branch-rate="1.0" complexity="0">
							<lines>
								<line number="42" hits="2" branch="false"/>
								<line number="43" hits="2" branch="false"/>
								<line number="44" hits="2" branch="false"/>
								<line number="45" hits="2" branch="false"/>
							</lines>
						</method>
						<method name="window" signature="(Lorg/apache/samza/task/MessageCollector;Lorg/apache/samza/task/TaskCoordinator;)V" line-rate="1.0" branch-rate="1.0" complexity="0">
							<lines>
							</lines>
						</method>
					</methods>
					<lines>
						<line number="12" hits="2" branch="false"/>
						<line number="18" hits="2" branch="false"/>
						<line number="19" hits="2" branch="false"/>
						<line number="20" hits="2" branch="false"/>
						<line number="22" hits="0" branch="false"/>
						<line number="23" hits="0" branch="false"/>
						<line number="27" hits="0" branch="false"/>
						<line number="28" hits="0" branch="false"/>
						<line number="31" hits="2" branch="false"/>
						<line number="32" hits="2" branch="false"/>
						<line number="33" hits="2" branch="true" condition-coverage="50% (1/2)">
							<conditions>
								<condition number="0" type="jump" coverage="50%"/>
							</conditions>
						</line>
						<line number="34" hits="2" branch="false"/>
						<line number="35" hits="2" branch="false"/>
						<line number="36" hits="2" branch="false"/>
						<line number="42" hits="2" branch="false"/>
						<line number="43" hits="2" branch="false"/>
						<line number="44" hits="2" branch="false"/>
						<line number="45" hits="2" branch="false"/>
					</lines>
				</class>
			</classes>
		</package>
		<package name="org.ekstep.ep.samza.util" line-rate="0.9032258064516129" branch-rate="0.7692307692307693" complexity="5.666666666666667">
			<classes>
				<class name="org.ekstep.ep.samza.util.ContentData" filename="org/ekstep/ep/samza/util/ContentData.java" line-rate="0.9032258064516129" branch-rate="0.7692307692307693" complexity="5.666666666666667">
					<methods>
						<method name="&lt;init&gt;" signature="()V" line-rate="1.0" branch-rate="1.0" complexity="0">
							<lines>
								<line number="7" hits="9" branch="false"/>
							</lines>
						</method>
						<method name="convertType" signature="(Ljava/util/Map;Ljava/util/List;Ljava/util/List;)Ljava/util/Map;" line-rate="0.7692307692307693" branch-rate="0.75" complexity="0">
							<lines>
								<line number="37" hits="12" branch="false"/>
								<line number="38" hits="12" branch="true" condition-coverage="100% (2/2)">
									<conditions>
										<condition number="0" type="jump" coverage="100%"/>
									</conditions>
								</line>
								<line number="39" hits="48" branch="true" condition-coverage="100% (2/2)">
									<conditions>
										<condition number="0" type="jump" coverage="100%"/>
									</conditions>
								</line>
								<line number="40" hits="6" branch="true" condition-coverage="50% (1/2)">
									<conditions>
										<condition number="0" type="jump" coverage="50%"/>
									</conditions>
								</line>
								<line number="41" hits="6" branch="false"/>
								<line number="42" hits="6" branch="true" condition-coverage="50% (1/2)">
									<conditions>
										<condition number="0" type="jump" coverage="50%"/>
									</conditions>
								</line>
								<line number="44" hits="0" branch="false"/>
								<line number="45" hits="0" branch="false"/>
								<line number="46" hits="0" branch="false"/>
								<line number="49" hits="6" branch="false"/>
								<line number="50" hits="6" branch="false"/>
								<line number="53" hits="48" branch="false"/>
								<line number="54" hits="12" branch="false"/>
							</lines>
						</method>
						<method name="extractProperties" signature="(Ljava/util/Map;)Ljava/util/Map;" line-rate="1.0" branch-rate="0.75" complexity="0">
							<lines>
								<line number="19" hits="15" branch="false"/>
								<line number="20" hits="15" branch="false"/>
								<line number="21" hits="15" branch="true" condition-coverage="50% (1/2)">
									<conditions>
										<condition number="0" type="jump" coverage="50%"/>
									</conditions>
								</line>
								<line number="22" hits="15" branch="false"/>
								<line number="23" hits="15" branch="true" condition-coverage="75% (3/4)">
									<conditions>
										<condition number="0" type="jump" coverage="50%"/>
										<condition number="1" type="jump" coverage="100%"/>
									</conditions>
								</line>
								<line number="24" hits="14" branch="true" condition-coverage="100% (2/2)">
									<conditions>
										<condition number="0" type="jump" coverage="100%"/>
									</conditions>
								</line>
								<line number="25" hits="58" branch="true" condition-coverage="75% (6/8)">
									<conditions>
										<condition number="0" type="jump" coverage="50%"/>
										<condition number="1" type="jump" coverage="50%"/>
										<condition number="2" type="jump" coverage="100%"/>
										<condition number="3" type="jump" coverage="100%"/>
									</conditions>
								</line>
								<line number="26" hits="51" branch="false"/>
								<line number="27" hits="51" branch="false"/>
								<line number="28" hits="51" branch="false"/>
								<line number="30" hits="58" branch="false"/>
								<line number="33" hits="15" branch="false"/>
							</lines>
						</method>
						<method name="getParsedData" signature="(Ljava/util/Map;Ljava/util/Map;)Ljava/util/Map;" line-rate="1.0" branch-rate="1.0" complexity="0">
							<lines>
								<line number="10" hits="15" branch="false"/>
								<line number="11" hits="15" branch="true" condition-coverage="100% (2/2)">
									<conditions>
										<condition number="0" type="jump" coverage="100%"/>
									</conditions>
								</line>
								<line number="12" hits="12" branch="false"/>
								<line number="13" hits="12" branch="false"/>
								<line number="15" hits="15" branch="false"/>
							</lines>
						</method>
					</methods>
					<lines>
						<line number="7" hits="9" branch="false"/>
						<line number="10" hits="15" branch="false"/>
						<line number="11" hits="15" branch="true" condition-coverage="100% (2/2)">
							<conditions>
								<condition number="0" type="jump" coverage="100%"/>
							</conditions>
						</line>
						<line number="12" hits="12" branch="false"/>
						<line number="13" hits="12" branch="false"/>
						<line number="15" hits="15" branch="false"/>
						<line number="19" hits="15" branch="false"/>
						<line number="20" hits="15" branch="false"/>
						<line number="21" hits="15" branch="true" condition-coverage="50% (1/2)">
							<conditions>
								<condition number="0" type="jump" coverage="50%"/>
							</conditions>
						</line>
						<line number="22" hits="15" branch="false"/>
						<line number="23" hits="15" branch="true" condition-coverage="75% (3/4)">
							<conditions>
								<condition number="0" type="jump" coverage="50%"/>
								<condition number="1" type="jump" coverage="100%"/>
							</conditions>
						</line>
						<line number="24" hits="14" branch="true" condition-coverage="100% (2/2)">
							<conditions>
								<condition number="0" type="jump" coverage="100%"/>
							</conditions>
						</line>
						<line number="25" hits="58" branch="true" condition-coverage="75% (6/8)">
							<conditions>
								<condition number="0" type="jump" coverage="50%"/>
								<condition number="1" type="jump" coverage="50%"/>
								<condition number="2" type="jump" coverage="100%"/>
								<condition number="3" type="jump" coverage="100%"/>
							</conditions>
						</line>
						<line number="26" hits="51" branch="false"/>
						<line number="27" hits="51" branch="false"/>
						<line number="28" hits="51" branch="false"/>
						<line number="30" hits="58" branch="false"/>
						<line number="33" hits="15" branch="false"/>
						<line number="37" hits="12" branch="false"/>
						<line number="38" hits="12" branch="true" condition-coverage="100% (2/2)">
							<conditions>
								<condition number="0" type="jump" coverage="100%"/>
							</conditions>
						</line>
						<line number="39" hits="48" branch="true" condition-coverage="100% (2/2)">
							<conditions>
								<condition number="0" type="jump" coverage="100%"/>
							</conditions>
						</line>
						<line number="40" hits="6" branch="true" condition-coverage="50% (1/2)">
							<conditions>
								<condition number="0" type="jump" coverage="50%"/>
							</conditions>
						</line>
						<line number="41" hits="6" branch="false"/>
						<line number="42" hits="6" branch="true" condition-coverage="50% (1/2)">
							<conditions>
								<condition number="0" type="jump" coverage="50%"/>
							</conditions>
						</line>
						<line number="44" hits="0" branch="false"/>
						<line number="45" hits="0" branch="false"/>
						<line number="46" hits="0" branch="false"/>
						<line number="49" hits="6" branch="false"/>
						<line number="50" hits="6" branch="false"/>
						<line number="53" hits="48" branch="false"/>
						<line number="54" hits="12" branch="false"/>
					</lines>
				</class>
			</classes>
		</package>
	</packages>
</coverage>
