<?xml version="1.0"?>
<!DOCTYPE coverage SYSTEM "http://cobertura.sourceforge.net/xml/coverage-04.dtd">

<coverage line-rate="0.9652173913043478" branch-rate="0.8076923076923077" lines-covered="111" lines-valid="115" branches-covered="21" branches-valid="26" complexity="1.56" version="2.1.1" timestamp="1588867769236">
	<sources>
		<source>/var/lib/jenkins/workspace/Build/DataPipeline/DataPipeline/data-pipeline/share-events-flattener/src/main/java</source>
		<source>--source</source>
	</sources>
	<packages>
		<package name="org.ekstep.ep.samza.domain" line-rate="1.0" branch-rate="1.0" complexity="1.0">
			<classes>
				<class name="org.ekstep.ep.samza.domain.Event" filename="org/ekstep/ep/samza/domain/Event.java" line-rate="1.0" branch-rate="1.0" complexity="1.0">
					<methods>
						<method name="&lt;init&gt;" signature="(Ljava/util/Map;)V" line-rate="1.0" branch-rate="1.0" complexity="0">
							<lines>
								<line number="11" hits="10" branch="false"/>
								<line number="12" hits="10" branch="false"/>
							</lines>
						</method>
						<method name="markSuccess" signature="()V" line-rate="1.0" branch-rate="1.0" complexity="0">
							<lines>
								<line number="15" hits="14" branch="false"/>
								<line number="16" hits="14" branch="false"/>
								<line number="17" hits="14" branch="false"/>
								<line number="18" hits="14" branch="false"/>
							</lines>
						</method>
						<method name="removeItems" signature="()V" line-rate="1.0" branch-rate="1.0" complexity="0">
							<lines>
								<line number="37" hits="9" branch="false"/>
								<line number="38" hits="9" branch="false"/>
							</lines>
						</method>
						<method name="renameEventIdTo" signature="(Ljava/lang/String;)V" line-rate="1.0" branch-rate="1.0" complexity="0">
							<lines>
								<line number="41" hits="9" branch="false"/>
								<line number="42" hits="9" branch="false"/>
							</lines>
						</method>
						<method name="updateEventObjectKey" signature="(Ljava/lang/String;Ljava/lang/String;Ljava/lang/String;Ljava/lang/String;)V" line-rate="1.0" branch-rate="1.0" complexity="0">
							<lines>
								<line number="21" hits="9" branch="false"/>
								<line number="22" hits="9" branch="false"/>
								<line number="23" hits="9" branch="false"/>
								<line number="24" hits="9" branch="false"/>
								<line number="25" hits="9" branch="false"/>
							</lines>
						</method>
						<method name="updateMid" signature="(Ljava/lang/String;)V" line-rate="1.0" branch-rate="1.0" complexity="0">
							<lines>
								<line number="33" hits="9" branch="false"/>
								<line number="34" hits="9" branch="false"/>
							</lines>
						</method>
						<method name="updatedEventEdata" signature="(Ljava/lang/String;Ljava/lang/Long;)V" line-rate="1.0" branch-rate="1.0" complexity="0">
							<lines>
								<line number="28" hits="9" branch="false"/>
								<line number="29" hits="9" branch="false"/>
								<line number="30" hits="9" branch="false"/>
							</lines>
						</method>
					</methods>
					<lines>
						<line number="11" hits="10" branch="false"/>
						<line number="12" hits="10" branch="false"/>
						<line number="15" hits="14" branch="false"/>
						<line number="16" hits="14" branch="false"/>
						<line number="17" hits="14" branch="false"/>
						<line number="18" hits="14" branch="false"/>
						<line number="21" hits="9" branch="false"/>
						<line number="22" hits="9" branch="false"/>
						<line number="23" hits="9" branch="false"/>
						<line number="24" hits="9" branch="false"/>
						<line number="25" hits="9" branch="false"/>
						<line number="28" hits="9" branch="false"/>
						<line number="29" hits="9" branch="false"/>
						<line number="30" hits="9" branch="false"/>
						<line number="33" hits="9" branch="false"/>
						<line number="34" hits="9" branch="false"/>
						<line number="37" hits="9" branch="false"/>
						<line number="38" hits="9" branch="false"/>
						<line number="41" hits="9" branch="false"/>
						<line number="42" hits="9" branch="false"/>
					</lines>
				</class>
			</classes>
		</package>
		<package name="org.ekstep.ep.samza.service" line-rate="0.9672131147540983" branch-rate="0.8076923076923077" complexity="3.3333333333333335">
			<classes>
				<class name="org.ekstep.ep.samza.service.EventsFlattenerService" filename="org/ekstep/ep/samza/service/EventsFlattenerService.java" line-rate="0.9666666666666667" branch-rate="0.8076923076923077" complexity="3.3333333333333335">
					<methods>
						<method name="&lt;clinit&gt;" signature="()V" line-rate="1.0" branch-rate="1.0" complexity="0">
							<lines>
								<line number="19" hits="1" branch="false"/>
								<line number="21" hits="1" branch="false"/>
								<line number="22" hits="1" branch="false"/>
								<line number="23" hits="1" branch="false"/>
							</lines>
						</method>
						<method name="&lt;init&gt;" signature="(Lorg/ekstep/ep/samza/task/EventsFlattenerConfig;)V" line-rate="1.0" branch-rate="1.0" complexity="0">
							<lines>
								<line number="30" hits="5" branch="false"/>
								<line number="31" hits="5" branch="false"/>
								<line number="32" hits="5" branch="false"/>
							</lines>
						</method>
						<method name="getClonedEventObject" signature="(Lorg/ekstep/ep/samza/domain/Event;)Lorg/ekstep/ep/samza/domain/Event;" line-rate="1.0" branch-rate="1.0" complexity="0">
							<lines>
								<line number="126" hits="5" branch="false"/>
								<line number="127" hits="5" branch="false"/>
							</lines>
						</method>
						<method name="getMid" signature="()Ljava/lang/String;" line-rate="1.0" branch-rate="1.0" complexity="0">
							<lines>
								<line number="141" hits="9" branch="false"/>
							</lines>
						</method>
						<method name="getValue" signature="(Ljava/util/List;Ljava/lang/String;)Ljava/lang/String;" line-rate="0.8" branch-rate="0.75" complexity="0">
							<lines>
								<line number="132" hits="27" branch="true" condition-coverage="50% (1/2)">
									<conditions>
										<condition number="0" type="jump" coverage="50%"/>
									</conditions>
								</line>
								<line number="133" hits="35" branch="true" condition-coverage="100% (2/2)">
									<conditions>
										<condition number="0" type="jump" coverage="100%"/>
									</conditions>
								</line>
								<line number="134" hits="27" branch="false"/>
								<line number="136" hits="8" branch="false"/>
								<line number="137" hits="0" branch="false"/>
							</lines>
						</method>
						<method name="process" signature="(Lorg/ekstep/ep/samza/task/EventsFlattenerSource;Lorg/ekstep/ep/samza/task/EventsFlattenerSink;)V" line-rate="1.0" branch-rate="1.0" complexity="0">
							<lines>
								<line number="42" hits="5" branch="false"/>
								<line number="44" hits="5" branch="false"/>
								<line number="46" hits="5" branch="false"/>
								<line number="47" hits="5" branch="false"/>
							</lines>
						</method>
						<method name="toFlatten" signature="(Lorg/ekstep/ep/samza/domain/Event;Lorg/ekstep/ep/samza/domain/Event;Lorg/ekstep/ep/samza/task/EventsFlattenerSink;)V" line-rate="0.975609756097561" branch-rate="0.8181818181818182" complexity="0">
							<lines>
								<line number="64" hits="5" branch="false"/>
								<line number="65" hits="5" branch="false"/>
								<line number="66" hits="5" branch="false"/>
								<line number="67" hits="5" branch="false"/>
								<line number="68" hits="5" branch="false"/>
								<line number="70" hits="5" branch="false"/>
								<line number="71" hits="5" branch="true" condition-coverage="100% (2/2)">
									<conditions>
										<condition number="0" type="jump" coverage="100%"/>
									</conditions>
								</line>
								<line number="72" hits="2" branch="false"/>
								<line number="74" hits="5" branch="false"/>
								<line number="75" hits="5" branch="false"/>
								<line number="76" hits="5" branch="false"/>
								<line number="78" hits="5" branch="true" condition-coverage="100% (2/2)">
									<conditions>
										<condition number="0" type="jump" coverage="100%"/>
									</conditions>
								</line>
								<line number="79" hits="9" branch="true" condition-coverage="100% (2/2)">
									<conditions>
										<condition number="0" type="jump" coverage="100%"/>
									</conditions>
								</line>
								<line number="80" hits="6" branch="false"/>
								<line number="82" hits="9" branch="true" condition-coverage="50% (1/2)">
									<conditions>
										<condition number="0" type="jump" coverage="50%"/>
									</conditions>
								</line>
								<line number="83" hits="9" branch="false"/>
								<line number="85" hits="9" branch="true" condition-coverage="50% (1/2)">
									<conditions>
										<condition number="0" type="jump" coverage="50%"/>
									</conditions>
								</line>
								<line number="86" hits="9" branch="false"/>
								<line number="88" hits="9" branch="false"/>
								<line number="89" hits="9" branch="false"/>
								<line number="90" hits="9" branch="true" condition-coverage="100% (2/2)">
									<conditions>
										<condition number="0" type="jump" coverage="100%"/>
									</conditions>
								</line>
								<line number="91" hits="7" branch="false"/>
								<line number="92" hits="7" branch="false"/>
								<line number="93" hits="7" branch="false"/>
								<line number="94" hits="7" branch="true" condition-coverage="75% (3/4)">
									<conditions>
										<condition number="0" type="jump" coverage="50%"/>
										<condition number="1" type="jump" coverage="100%"/>
									</conditions>
								</line>
								<line number="95" hits="6" branch="false"/>
								<line number="97" hits="7" branch="true" condition-coverage="50% (1/2)">
									<conditions>
										<condition number="0" type="jump" coverage="50%"/>
									</conditions>
								</line>
								<line number="98" hits="7" branch="true" condition-coverage="100% (2/2)">
									<conditions>
										<condition number="0" type="jump" coverage="100%"/>
									</conditions>
								</line>
								<line number="99" hits="2" branch="false"/>
								<line number="101" hits="7" branch="true" condition-coverage="100% (2/2)">
									<conditions>
										<condition number="0" type="jump" coverage="100%"/>
									</conditions>
								</line>
								<line number="102" hits="5" branch="false"/>
								<line number="104" hits="7" branch="false"/>
								<line number="106" hits="0" branch="false"/>
								<line number="108" hits="7" branch="false"/>
								<line number="109" hits="2" branch="false"/>
								<line number="111" hits="9" branch="false"/>
								<line number="112" hits="9" branch="false"/>
								<line number="114" hits="9" branch="false"/>
								<line number="115" hits="9" branch="false"/>
								<line number="116" hits="9" branch="false"/>
								<line number="117" hits="5" branch="false"/>
							</lines>
						</method>
					</methods>
					<lines>
						<line number="19" hits="1" branch="false"/>
						<line number="21" hits="1" branch="false"/>
						<line number="22" hits="1" branch="false"/>
						<line number="23" hits="1" branch="false"/>
						<line number="30" hits="5" branch="false"/>
						<line number="31" hits="5" branch="false"/>
						<line number="32" hits="5" branch="false"/>
						<line number="42" hits="5" branch="false"/>
						<line number="44" hits="5" branch="false"/>
						<line number="46" hits="5" branch="false"/>
						<line number="47" hits="5" branch="false"/>
						<line number="64" hits="5" branch="false"/>
						<line number="65" hits="5" branch="false"/>
						<line number="66" hits="5" branch="false"/>
						<line number="67" hits="5" branch="false"/>
						<line number="68" hits="5" branch="false"/>
						<line number="70" hits="5" branch="false"/>
						<line number="71" hits="5" branch="true" condition-coverage="100% (2/2)">
							<conditions>
								<condition number="0" type="jump" coverage="100%"/>
							</conditions>
						</line>
						<line number="72" hits="2" branch="false"/>
						<line number="74" hits="5" branch="false"/>
						<line number="75" hits="5" branch="false"/>
						<line number="76" hits="5" branch="false"/>
						<line number="78" hits="5" branch="true" condition-coverage="100% (2/2)">
							<conditions>
								<condition number="0" type="jump" coverage="100%"/>
							</conditions>
						</line>
						<line number="79" hits="9" branch="true" condition-coverage="100% (2/2)">
							<conditions>
								<condition number="0" type="jump" coverage="100%"/>
							</conditions>
						</line>
						<line number="80" hits="6" branch="false"/>
						<line number="82" hits="9" branch="true" condition-coverage="50% (1/2)">
							<conditions>
								<condition number="0" type="jump" coverage="50%"/>
							</conditions>
						</line>
						<line number="83" hits="9" branch="false"/>
						<line number="85" hits="9" branch="true" condition-coverage="50% (1/2)">
							<conditions>
								<condition number="0" type="jump" coverage="50%"/>
							</conditions>
						</line>
						<line number="86" hits="9" branch="false"/>
						<line number="88" hits="9" branch="false"/>
						<line number="89" hits="9" branch="false"/>
						<line number="90" hits="9" branch="true" condition-coverage="100% (2/2)">
							<conditions>
								<condition number="0" type="jump" coverage="100%"/>
							</conditions>
						</line>
						<line number="91" hits="7" branch="false"/>
						<line number="92" hits="7" branch="false"/>
						<line number="93" hits="7" branch="false"/>
						<line number="94" hits="7" branch="true" condition-coverage="75% (3/4)">
							<conditions>
								<condition number="0" type="jump" coverage="50%"/>
								<condition number="1" type="jump" coverage="100%"/>
							</conditions>
						</line>
						<line number="95" hits="6" branch="false"/>
						<line number="97" hits="7" branch="true" condition-coverage="50% (1/2)">
							<conditions>
								<condition number="0" type="jump" coverage="50%"/>
							</conditions>
						</line>
						<line number="98" hits="7" branch="true" condition-coverage="100% (2/2)">
							<conditions>
								<condition number="0" type="jump" coverage="100%"/>
							</conditions>
						</line>
						<line number="99" hits="2" branch="false"/>
						<line number="101" hits="7" branch="true" condition-coverage="100% (2/2)">
							<conditions>
								<condition number="0" type="jump" coverage="100%"/>
							</conditions>
						</line>
						<line number="102" hits="5" branch="false"/>
						<line number="104" hits="7" branch="false"/>
						<line number="106" hits="0" branch="false"/>
						<line number="108" hits="7" branch="false"/>
						<line number="109" hits="2" branch="false"/>
						<line number="111" hits="9" branch="false"/>
						<line number="112" hits="9" branch="false"/>
						<line number="114" hits="9" branch="false"/>
						<line number="115" hits="9" branch="false"/>
						<line number="116" hits="9" branch="false"/>
						<line number="117" hits="5" branch="false"/>
						<line number="126" hits="5" branch="false"/>
						<line number="127" hits="5" branch="false"/>
						<line number="132" hits="27" branch="true" condition-coverage="50% (1/2)">
							<conditions>
								<condition number="0" type="jump" coverage="50%"/>
							</conditions>
						</line>
						<line number="133" hits="35" branch="true" condition-coverage="100% (2/2)">
							<conditions>
								<condition number="0" type="jump" coverage="100%"/>
							</conditions>
						</line>
						<line number="134" hits="27" branch="false"/>
						<line number="136" hits="8" branch="false"/>
						<line number="137" hits="0" branch="false"/>
						<line number="141" hits="9" branch="false"/>
					</lines>
				</class>
				<class name="org.ekstep.ep.samza.service.EventsFlattenerService$1" filename="org/ekstep/ep/samza/service/EventsFlattenerService.java" line-rate="1.0" branch-rate="1.0" complexity="3.3333333333333335">
					<methods>
						<method name="&lt;init&gt;" signature="(Lorg/ekstep/ep/samza/service/EventsFlattenerService;)V" line-rate="1.0" branch-rate="1.0" complexity="0">
							<lines>
								<line number="67" hits="5" branch="false"/>
							</lines>
						</method>
					</methods>
					<lines>
						<line number="67" hits="5" branch="false"/>
					</lines>
				</class>
			</classes>
		</package>
		<package name="org.ekstep.ep.samza.task" line-rate="0.9411764705882353" branch-rate="1.0" complexity="1.0">
			<classes>
				<class name="org.ekstep.ep.samza.task.EventsFlattenerConfig" filename="org/ekstep/ep/samza/task/EventsFlattenerConfig.java" line-rate="1.0" branch-rate="1.0" complexity="1.0">
					<methods>
						<method name="&lt;init&gt;" signature="(Lorg/apache/samza/config/Config;)V" line-rate="1.0" branch-rate="1.0" complexity="0">
							<lines>
								<line number="7" hits="5" branch="false"/>
								<line number="11" hits="5" branch="false"/>
								<line number="12" hits="5" branch="false"/>
								<line number="13" hits="5" branch="false"/>
							</lines>
						</method>
						<method name="getSuccessTopic" signature="()Ljava/lang/String;" line-rate="1.0" branch-rate="1.0" complexity="0">
							<lines>
								<line number="16" hits="14" branch="false"/>
							</lines>
						</method>
						<method name="jobName" signature="()Ljava/lang/String;" line-rate="1.0" branch-rate="1.0" complexity="0">
							<lines>
								<line number="20" hits="5" branch="false"/>
							</lines>
						</method>
					</methods>
					<lines>
						<line number="7" hits="5" branch="false"/>
						<line number="11" hits="5" branch="false"/>
						<line number="12" hits="5" branch="false"/>
						<line number="13" hits="5" branch="false"/>
						<line number="16" hits="14" branch="false"/>
						<line number="20" hits="5" branch="false"/>
					</lines>
				</class>
				<class name="org.ekstep.ep.samza.task.EventsFlattenerSink" filename="org/ekstep/ep/samza/task/EventsFlattenerSink.java" line-rate="1.0" branch-rate="1.0" complexity="1.0">
					<methods>
						<method name="&lt;init&gt;" signature="(Lorg/apache/samza/task/MessageCollector;Lorg/ekstep/ep/samza/core/JobMetrics;Lorg/ekstep/ep/samza/task/EventsFlattenerConfig;)V" line-rate="1.0" branch-rate="1.0" complexity="0">
							<lines>
								<line number="13" hits="5" branch="false"/>
								<line number="14" hits="5" branch="false"/>
								<line number="15" hits="5" branch="false"/>
							</lines>
						</method>
						<method name="toSuccessTopic" signature="(Lorg/ekstep/ep/samza/domain/Event;)V" line-rate="1.0" branch-rate="1.0" complexity="0">
							<lines>
								<line number="18" hits="14" branch="false"/>
								<line number="19" hits="14" branch="false"/>
								<line number="20" hits="14" branch="false"/>
								<line number="21" hits="14" branch="false"/>
							</lines>
						</method>
					</methods>
					<lines>
						<line number="13" hits="5" branch="false"/>
						<line number="14" hits="5" branch="false"/>
						<line number="15" hits="5" branch="false"/>
						<line number="18" hits="14" branch="false"/>
						<line number="19" hits="14" branch="false"/>
						<line number="20" hits="14" branch="false"/>
						<line number="21" hits="14" branch="false"/>
					</lines>
				</class>
				<class name="org.ekstep.ep.samza.task.EventsFlattenerSource" filename="org/ekstep/ep/samza/task/EventsFlattenerSource.java" line-rate="1.0" branch-rate="1.0" complexity="1.0">
					<methods>
						<method name="&lt;init&gt;" signature="(Lorg/apache/samza/system/IncomingMessageEnvelope;)V" line-rate="1.0" branch-rate="1.0" complexity="0">
							<lines>
								<line number="13" hits="5" branch="false"/>
								<line number="14" hits="5" branch="false"/>
								<line number="15" hits="5" branch="false"/>
							</lines>
						</method>
						<method name="getEvent" signature="()Lorg/ekstep/ep/samza/domain/Event;" line-rate="1.0" branch-rate="1.0" complexity="0">
							<lines>
								<line number="18" hits="5" branch="false"/>
							</lines>
						</method>
						<method name="getMap" signature="()Ljava/util/Map;" line-rate="1.0" branch-rate="1.0" complexity="0">
							<lines>
								<line number="23" hits="5" branch="false"/>
								<line number="24" hits="5" branch="false"/>
							</lines>
						</method>
					</methods>
					<lines>
						<line number="13" hits="5" branch="false"/>
						<line number="14" hits="5" branch="false"/>
						<line number="15" hits="5" branch="false"/>
						<line number="18" hits="5" branch="false"/>
						<line number="23" hits="5" branch="false"/>
						<line number="24" hits="5" branch="false"/>
					</lines>
				</class>
				<class name="org.ekstep.ep.samza.task.EventsFlattenerTask" filename="org/ekstep/ep/samza/task/EventsFlattenerTask.java" line-rate="0.8666666666666667" branch-rate="1.0" complexity="1.0">
					<methods>
						<method name="&lt;init&gt;" signature="()V" line-rate="0.0" branch-rate="1.0" complexity="0">
							<lines>
								<line number="40" hits="0" branch="false"/>
								<line number="41" hits="0" branch="false"/>
							</lines>
						</method>
						<method name="&lt;init&gt;" signature="(Lorg/apache/samza/config/Config;Lorg/apache/samza/task/TaskContext;)V" line-rate="1.0" branch-rate="1.0" complexity="0">
							<lines>
								<line number="36" hits="5" branch="false"/>
								<line number="37" hits="5" branch="false"/>
								<line number="38" hits="5" branch="false"/>
							</lines>
						</method>
						<method name="init" signature="(Lorg/apache/samza/config/Config;Lorg/apache/samza/task/TaskContext;)V" line-rate="1.0" branch-rate="1.0" complexity="0">
							<lines>
								<line number="45" hits="5" branch="false"/>
								<line number="46" hits="5" branch="false"/>
								<line number="47" hits="5" branch="false"/>
								<line number="48" hits="5" branch="false"/>
								<line number="49" hits="5" branch="false"/>
							</lines>
						</method>
						<method name="initTask" signature="(Lorg/apache/samza/config/Config;Lorg/ekstep/ep/samza/core/JobMetrics;)V" line-rate="1.0" branch-rate="1.0" complexity="0">
							<lines>
								<line number="30" hits="5" branch="false"/>
							</lines>
						</method>
						<method name="process" signature="(Lorg/apache/samza/system/IncomingMessageEnvelope;Lorg/apache/samza/task/MessageCollector;Lorg/apache/samza/task/TaskCoordinator;)V" line-rate="1.0" branch-rate="1.0" complexity="0">
							<lines>
								<line number="53" hits="5" branch="false"/>
								<line number="54" hits="5" branch="false"/>
								<line number="55" hits="5" branch="false"/>
								<line number="56" hits="5" branch="false"/>
							</lines>
						</method>
						<method name="window" signature="(Lorg/apache/samza/task/MessageCollector;Lorg/apache/samza/task/TaskCoordinator;)V" line-rate="1.0" branch-rate="1.0" complexity="0">
							<lines>
							</lines>
						</method>
					</methods>
					<lines>
						<line number="30" hits="5" branch="false"/>
						<line number="36" hits="5" branch="false"/>
						<line number="37" hits="5" branch="false"/>
						<line number="38" hits="5" branch="false"/>
						<line number="40" hits="0" branch="false"/>
						<line number="41" hits="0" branch="false"/>
						<line number="45" hits="5" branch="false"/>
						<line number="46" hits="5" branch="false"/>
						<line number="47" hits="5" branch="false"/>
						<line number="48" hits="5" branch="false"/>
						<line number="49" hits="5" branch="false"/>
						<line number="53" hits="5" branch="false"/>
						<line number="54" hits="5" branch="false"/>
						<line number="55" hits="5" branch="false"/>
						<line number="56" hits="5" branch="false"/>
					</lines>
				</class>
			</classes>
		</package>
	</packages>
</coverage>
