<?xml version="1.0"?>
<!DOCTYPE coverage SYSTEM "http://cobertura.sourceforge.net/xml/coverage-04.dtd">

<coverage line-rate="0.8471615720524017" branch-rate="0.7777777777777778" lines-covered="194" lines-valid="229" branches-covered="28" branches-valid="36" complexity="1.1864406779661016" version="2.1.1" timestamp="1588867757502">
	<sources>
		<source>/var/lib/jenkins/workspace/Build/DataPipeline/DataPipeline/data-pipeline/assessment-aggregator/src/main/java</source>
		<source>--source</source>
	</sources>
	<packages>
		<package name="org.ekstep.ep.samza.domain" line-rate="0.7875" branch-rate="0.7777777777777778" complexity="1.3333333333333333">
			<classes>
				<class name="org.ekstep.ep.samza.domain.Aggregate" filename="org/ekstep/ep/samza/domain/Aggregate.java" line-rate="1.0" branch-rate="1.0" complexity="1.0">
					<methods>
						<method name="&lt;init&gt;" signature="(DDLjava/util/List;)V" line-rate="1.0" branch-rate="1.0" complexity="0">
							<lines>
								<line number="14" hits="5" branch="false"/>
								<line number="16" hits="5" branch="false"/>
								<line number="18" hits="5" branch="false"/>
								<line number="19" hits="5" branch="false"/>
								<line number="20" hits="5" branch="false"/>
								<line number="21" hits="5" branch="false"/>
							</lines>
						</method>
						<method name="getGrandTotal" signature="()Ljava/lang/String;" line-rate="1.0" branch-rate="1.0" complexity="0">
							<lines>
								<line number="33" hits="4" branch="false"/>
							</lines>
						</method>
						<method name="getQuestionsList" signature="()Ljava/util/List;" line-rate="1.0" branch-rate="1.0" complexity="0">
							<lines>
								<line number="37" hits="3" branch="false"/>
							</lines>
						</method>
						<method name="getTotalMaxScore" signature="()D" line-rate="1.0" branch-rate="1.0" complexity="0">
							<lines>
								<line number="29" hits="5" branch="false"/>
							</lines>
						</method>
						<method name="getTotalScore" signature="()D" line-rate="1.0" branch-rate="1.0" complexity="0">
							<lines>
								<line number="24" hits="5" branch="false"/>
							</lines>
						</method>
					</methods>
					<lines>
						<line number="14" hits="5" branch="false"/>
						<line number="16" hits="5" branch="false"/>
						<line number="18" hits="5" branch="false"/>
						<line number="19" hits="5" branch="false"/>
						<line number="20" hits="5" branch="false"/>
						<line number="21" hits="5" branch="false"/>
						<line number="24" hits="5" branch="false"/>
						<line number="29" hits="5" branch="false"/>
						<line number="33" hits="4" branch="false"/>
						<line number="37" hits="3" branch="false"/>
					</lines>
				</class>
				<class name="org.ekstep.ep.samza.domain.BatchEvent" filename="org/ekstep/ep/samza/domain/BatchEvent.java" line-rate="0.9259259259259259" branch-rate="0.5" complexity="1.1818181818181819">
					<methods>
						<method name="&lt;init&gt;" signature="(Ljava/util/Map;)V" line-rate="1.0" branch-rate="1.0" complexity="0">
							<lines>
								<line number="14" hits="6" branch="false"/>
								<line number="15" hits="6" branch="false"/>
								<line number="17" hits="6" branch="false"/>
							</lines>
						</method>
						<method name="assessEvents" signature="()Ljava/util/List;" line-rate="1.0" branch-rate="1.0" complexity="0">
							<lines>
								<line number="59" hits="5" branch="false"/>
								<line number="60" hits="5" branch="false"/>
							</lines>
						</method>
						<method name="assessmentEts" signature="()Ljava/lang/Long;" line-rate="0.75" branch-rate="0.5" complexity="0">
							<lines>
								<line number="25" hits="3" branch="false"/>
								<line number="26" hits="3" branch="true" condition-coverage="50% (1/2)">
									<conditions>
										<condition number="0" type="jump" coverage="50%"/>
									</conditions>
								</line>
								<line number="27" hits="3" branch="false"/>
								<line number="29" hits="0" branch="false"/>
							</lines>
						</method>
						<method name="attemptId" signature="()Ljava/lang/String;" line-rate="1.0" branch-rate="1.0" complexity="0">
							<lines>
								<line number="49" hits="8" branch="false"/>
								<line number="50" hits="8" branch="false"/>
							</lines>
						</method>
						<method name="batchId" signature="()Ljava/lang/String;" line-rate="1.0" branch-rate="1.0" complexity="0">
							<lines>
								<line number="44" hits="7" branch="false"/>
								<line number="45" hits="7" branch="false"/>
							</lines>
						</method>
						<method name="contentId" signature="()Ljava/lang/String;" line-rate="1.0" branch-rate="1.0" complexity="0">
							<lines>
								<line number="39" hits="7" branch="false"/>
								<line number="40" hits="7" branch="false"/>
							</lines>
						</method>
						<method name="courseId" signature="()Ljava/lang/String;" line-rate="1.0" branch-rate="1.0" complexity="0">
							<lines>
								<line number="34" hits="7" branch="false"/>
								<line number="35" hits="7" branch="false"/>
							</lines>
						</method>
						<method name="getJson" signature="()Ljava/lang/String;" line-rate="1.0" branch-rate="1.0" complexity="0">
							<lines>
								<line number="20" hits="1" branch="false"/>
								<line number="21" hits="1" branch="false"/>
							</lines>
						</method>
						<method name="markSkipped" signature="(Lorg/ekstep/ep/samza/domain/BatchEvent;)V" line-rate="1.0" branch-rate="1.0" complexity="0">
							<lines>
								<line number="64" hits="1" branch="false"/>
								<line number="65" hits="1" branch="false"/>
								<line number="66" hits="1" branch="false"/>
								<line number="67" hits="1" branch="false"/>
								<line number="69" hits="1" branch="false"/>
							</lines>
						</method>
						<method name="toString" signature="()Ljava/lang/String;" line-rate="0.0" branch-rate="1.0" complexity="0">
							<lines>
								<line number="74" hits="0" branch="false"/>
							</lines>
						</method>
						<method name="userId" signature="()Ljava/lang/String;" line-rate="1.0" branch-rate="1.0" complexity="0">
							<lines>
								<line number="54" hits="7" branch="false"/>
								<line number="55" hits="7" branch="false"/>
							</lines>
						</method>
					</methods>
					<lines>
						<line number="14" hits="6" branch="false"/>
						<line number="15" hits="6" branch="false"/>
						<line number="17" hits="6" branch="false"/>
						<line number="20" hits="1" branch="false"/>
						<line number="21" hits="1" branch="false"/>
						<line number="25" hits="3" branch="false"/>
						<line number="26" hits="3" branch="true" condition-coverage="50% (1/2)">
							<conditions>
								<condition number="0" type="jump" coverage="50%"/>
							</conditions>
						</line>
						<line number="27" hits="3" branch="false"/>
						<line number="29" hits="0" branch="false"/>
						<line number="34" hits="7" branch="false"/>
						<line number="35" hits="7" branch="false"/>
						<line number="39" hits="7" branch="false"/>
						<line number="40" hits="7" branch="false"/>
						<line number="44" hits="7" branch="false"/>
						<line number="45" hits="7" branch="false"/>
						<line number="49" hits="8" branch="false"/>
						<line number="50" hits="8" branch="false"/>
						<line number="54" hits="7" branch="false"/>
						<line number="55" hits="7" branch="false"/>
						<line number="59" hits="5" branch="false"/>
						<line number="60" hits="5" branch="false"/>
						<line number="64" hits="1" branch="false"/>
						<line number="65" hits="1" branch="false"/>
						<line number="66" hits="1" branch="false"/>
						<line number="67" hits="1" branch="false"/>
						<line number="69" hits="1" branch="false"/>
						<line number="74" hits="0" branch="false"/>
					</lines>
				</class>
				<class name="org.ekstep.ep.samza.domain.Question" filename="org/ekstep/ep/samza/domain/Question.java" line-rate="0.6363636363636364" branch-rate="0.875" complexity="1.5714285714285714">
					<methods>
						<method name="&lt;init&gt;" signature="(Ljava/lang/String;DLjava/util/List;Ljava/lang/String;Ljava/lang/String;Ljava/lang/String;)V" line-rate="0.0" branch-rate="1.0" complexity="0">
							<lines>
								<line number="17" hits="0" branch="false"/>
								<line number="18" hits="0" branch="false"/>
								<line number="19" hits="0" branch="false"/>
								<line number="20" hits="0" branch="false"/>
								<line number="21" hits="0" branch="false"/>
								<line number="22" hits="0" branch="false"/>
								<line number="23" hits="0" branch="false"/>
								<line number="24" hits="0" branch="false"/>
							</lines>
						</method>
						<method name="getDesc" signature="()Ljava/lang/String;" line-rate="1.0" branch-rate="1.0" complexity="0">
							<lines>
								<line number="59" hits="8" branch="false"/>
							</lines>
						</method>
						<method name="getId" signature="()Ljava/lang/String;" line-rate="1.0" branch-rate="1.0" complexity="0">
							<lines>
								<line number="27" hits="32" branch="false"/>
							</lines>
						</method>
						<method name="getMaxScore" signature="()D" line-rate="1.0" branch-rate="1.0" complexity="0">
							<lines>
								<line number="31" hits="16" branch="false"/>
							</lines>
						</method>
						<method name="getParams" signature="()Ljava/util/List;" line-rate="1.0" branch-rate="0.875" complexity="0">
							<lines>
								<line number="37" hits="8" branch="false"/>
								<line number="38" hits="36" branch="true" condition-coverage="100% (2/2)">
									<conditions>
										<condition number="0" type="jump" coverage="100%"/>
									</conditions>
								</line>
								<line number="39" hits="28" branch="false"/>
								<line number="40" hits="28" branch="true" condition-coverage="100% (2/2)">
									<conditions>
										<condition number="0" type="jump" coverage="100%"/>
									</conditions>
								</line>
								<line number="41" hits="30" branch="true" condition-coverage="75% (3/4)">
									<conditions>
										<condition number="0" type="jump" coverage="50%"/>
										<condition number="1" type="jump" coverage="100%"/>
									</conditions>
								</line>
								<line number="42" hits="4" branch="false"/>
								<line number="43" hits="30" branch="false"/>
								<line number="44" hits="28" branch="false"/>
								<line number="45" hits="8" branch="false"/>
							</lines>
						</method>
						<method name="getTitle" signature="()Ljava/lang/String;" line-rate="1.0" branch-rate="1.0" complexity="0">
							<lines>
								<line number="49" hits="8" branch="false"/>
							</lines>
						</method>
						<method name="getType" signature="()Ljava/lang/String;" line-rate="1.0" branch-rate="1.0" complexity="0">
							<lines>
								<line number="54" hits="8" branch="false"/>
							</lines>
						</method>
					</methods>
					<lines>
						<line number="17" hits="0" branch="false"/>
						<line number="18" hits="0" branch="false"/>
						<line number="19" hits="0" branch="false"/>
						<line number="20" hits="0" branch="false"/>
						<line number="21" hits="0" branch="false"/>
						<line number="22" hits="0" branch="false"/>
						<line number="23" hits="0" branch="false"/>
						<line number="24" hits="0" branch="false"/>
						<line number="27" hits="32" branch="false"/>
						<line number="31" hits="16" branch="false"/>
						<line number="37" hits="8" branch="false"/>
						<line number="38" hits="36" branch="true" condition-coverage="100% (2/2)">
							<conditions>
								<condition number="0" type="jump" coverage="100%"/>
							</conditions>
						</line>
						<line number="39" hits="28" branch="false"/>
						<line number="40" hits="28" branch="true" condition-coverage="100% (2/2)">
							<conditions>
								<condition number="0" type="jump" coverage="100%"/>
							</conditions>
						</line>
						<line number="41" hits="30" branch="true" condition-coverage="75% (3/4)">
							<conditions>
								<condition number="0" type="jump" coverage="50%"/>
								<condition number="1" type="jump" coverage="100%"/>
							</conditions>
						</line>
						<line number="42" hits="4" branch="false"/>
						<line number="43" hits="30" branch="false"/>
						<line number="44" hits="28" branch="false"/>
						<line number="45" hits="8" branch="false"/>
						<line number="49" hits="8" branch="false"/>
						<line number="54" hits="8" branch="false"/>
						<line number="59" hits="8" branch="false"/>
					</lines>
				</class>
				<class name="org.ekstep.ep.samza.domain.QuestionData" filename="org/ekstep/ep/samza/domain/QuestionData.java" line-rate="0.6666666666666666" branch-rate="0.75" complexity="1.5714285714285714">
					<methods>
						<method name="&lt;init&gt;" signature="(Ljava/util/List;DDLorg/ekstep/ep/samza/domain/Question;)V" line-rate="0.0" branch-rate="1.0" complexity="0">
							<lines>
								<line number="18" hits="0" branch="false"/>
								<line number="20" hits="0" branch="false"/>
								<line number="21" hits="0" branch="false"/>
								<line number="22" hits="0" branch="false"/>
								<line number="23" hits="0" branch="false"/>
								<line number="24" hits="0" branch="false"/>
							</lines>
						</method>
						<method name="getDuration" signature="()D" line-rate="1.0" branch-rate="1.0" complexity="0">
							<lines>
								<line number="41" hits="8" branch="false"/>
							</lines>
						</method>
						<method name="getEts" signature="()J" line-rate="1.0" branch-rate="1.0" complexity="0">
							<lines>
								<line number="53" hits="60" branch="false"/>
							</lines>
						</method>
						<method name="getItem" signature="()Lorg/ekstep/ep/samza/domain/Question;" line-rate="1.0" branch-rate="1.0" complexity="0">
							<lines>
								<line number="49" hits="80" branch="false"/>
							</lines>
						</method>
						<method name="getResvalues" signature="()Ljava/util/List;" line-rate="0.8888888888888888" branch-rate="0.75" complexity="0">
							<lines>
								<line number="29" hits="8" branch="false"/>
								<line number="30" hits="18" branch="true" condition-coverage="100% (2/2)">
									<conditions>
										<condition number="0" type="jump" coverage="100%"/>
									</conditions>
								</line>
								<line number="31" hits="10" branch="false"/>
								<line number="32" hits="10" branch="true" condition-coverage="100% (2/2)">
									<conditions>
										<condition number="0" type="jump" coverage="100%"/>
									</conditions>
								</line>
								<line number="33" hits="10" branch="true" condition-coverage="50% (2/4)">
									<conditions>
										<condition number="0" type="jump" coverage="50%"/>
										<condition number="1" type="jump" coverage="50%"/>
									</conditions>
								</line>
								<line number="34" hits="0" branch="false"/>
								<line number="35" hits="10" branch="false"/>
								<line number="36" hits="10" branch="false"/>
								<line number="37" hits="8" branch="false"/>
							</lines>
						</method>
						<method name="getScore" signature="()D" line-rate="1.0" branch-rate="1.0" complexity="0">
							<lines>
								<line number="45" hits="16" branch="false"/>
							</lines>
						</method>
						<method name="setEts" signature="(J)V" line-rate="1.0" branch-rate="1.0" complexity="0">
							<lines>
								<line number="57" hits="16" branch="false"/>
								<line number="58" hits="16" branch="false"/>
							</lines>
						</method>
					</methods>
					<lines>
						<line number="18" hits="0" branch="false"/>
						<line number="20" hits="0" branch="false"/>
						<line number="21" hits="0" branch="false"/>
						<line number="22" hits="0" branch="false"/>
						<line number="23" hits="0" branch="false"/>
						<line number="24" hits="0" branch="false"/>
						<line number="29" hits="8" branch="false"/>
						<line number="30" hits="18" branch="true" condition-coverage="100% (2/2)">
							<conditions>
								<condition number="0" type="jump" coverage="100%"/>
							</conditions>
						</line>
						<line number="31" hits="10" branch="false"/>
						<line number="32" hits="10" branch="true" condition-coverage="100% (2/2)">
							<conditions>
								<condition number="0" type="jump" coverage="100%"/>
							</conditions>
						</line>
						<line number="33" hits="10" branch="true" condition-coverage="50% (2/4)">
							<conditions>
								<condition number="0" type="jump" coverage="50%"/>
								<condition number="1" type="jump" coverage="50%"/>
							</conditions>
						</line>
						<line number="34" hits="0" branch="false"/>
						<line number="35" hits="10" branch="false"/>
						<line number="36" hits="10" branch="false"/>
						<line number="37" hits="8" branch="false"/>
						<line number="41" hits="8" branch="false"/>
						<line number="45" hits="16" branch="false"/>
						<line number="49" hits="80" branch="false"/>
						<line number="53" hits="60" branch="false"/>
						<line number="57" hits="16" branch="false"/>
						<line number="58" hits="16" branch="false"/>
					</lines>
				</class>
			</classes>
		</package>
		<package name="org.ekstep.ep.samza.service" line-rate="0.8771929824561403" branch-rate="0.8125" complexity="0.0">
			<classes>
				<class name="org.ekstep.ep.samza.service.AssessmentAggregatorService" filename="org/ekstep/ep/samza/service/AssessmentAggregatorService.java" line-rate="0.8771929824561403" branch-rate="0.8125" complexity="0.0">
					<methods>
						<method name="&lt;clinit&gt;" signature="()V" line-rate="1.0" branch-rate="1.0" complexity="0">
							<lines>
								<line number="22" hits="1" branch="false"/>
							</lines>
						</method>
						<method name="&lt;init&gt;" signature="(Lorg/ekstep/ep/samza/util/CassandraConnect;Lorg/ekstep/ep/samza/task/AssessmentAggregatorConfig;)V" line-rate="1.0" branch-rate="1.0" complexity="0">
							<lines>
								<line number="26" hits="9" branch="false"/>
								<line number="27" hits="9" branch="false"/>
								<line number="28" hits="9" branch="false"/>
							</lines>
						</method>
						<method name="getAggregateData" signature="(Lorg/ekstep/ep/samza/domain/BatchEvent;Ljava/lang/Long;)Lorg/ekstep/ep/samza/domain/Aggregate;" line-rate="1.0" branch-rate="0.875" complexity="0">
							<lines>
								<line number="74" hits="5" branch="false"/>
								<line number="75" hits="5" branch="false"/>
								<line number="76" hits="5" branch="false"/>
								<line number="77" hits="5" branch="false"/>
								<line number="78" hits="5" branch="false"/>
								<line number="79" hits="5" branch="true" condition-coverage="100% (2/2)">
									<conditions>
										<condition number="0" type="jump" coverage="100%"/>
									</conditions>
								</line>
								<line number="80" hits="16" branch="true" condition-coverage="50% (1/2)">
									<conditions>
										<condition number="0" type="jump" coverage="50%"/>
									</conditions>
								</line>
								<line number="81" hits="16" branch="false"/>
								<line number="82" hits="16" branch="false"/>
								<line number="83" hits="16" branch="false"/>
								<line number="85" hits="16" branch="false"/>
								<line number="86" hits="5" branch="true" condition-coverage="100% (2/2)">
									<conditions>
										<condition number="0" type="jump" coverage="100%"/>
									</conditions>
								</line>
								<line number="87" hits="16" branch="true" condition-coverage="100% (2/2)">
									<conditions>
										<condition number="0" type="jump" coverage="100%"/>
									</conditions>
								</line>
								<line number="88" hits="8" branch="false"/>
								<line number="89" hits="8" branch="false"/>
								<line number="90" hits="8" branch="false"/>
								<line number="91" hits="8" branch="false"/>
								<line number="93" hits="16" branch="false"/>
								<line number="94" hits="5" branch="false"/>
							</lines>
						</method>
						<method name="lambda$new$0" signature="(Lorg/ekstep/ep/samza/domain/QuestionData;Lorg/ekstep/ep/samza/domain/QuestionData;)I" line-rate="1.0" branch-rate="1.0" complexity="0">
							<lines>
								<line number="24" hits="35" branch="false"/>
							</lines>
						</method>
						<method name="process" signature="(Lorg/ekstep/ep/samza/task/AssessmentAggregatorSource;Lorg/ekstep/ep/samza/task/AssessmentAggregatorSink;)V" line-rate="0.7307692307692307" branch-rate="0.8333333333333334" complexity="0">
							<lines>
								<line number="32" hits="4" branch="false"/>
								<line number="33" hits="3" branch="false"/>
								<line number="34" hits="3" branch="true" condition-coverage="100% (2/2)">
									<conditions>
										<condition number="0" type="jump" coverage="100%"/>
									</conditions>
								</line>
								<line number="35" hits="1" branch="false"/>
								<line number="37" hits="3" branch="true" condition-coverage="100% (2/2)">
									<conditions>
										<condition number="0" type="jump" coverage="100%"/>
									</conditions>
								</line>
								<line number="38" hits="1" branch="false"/>
								<line number="39" hits="1" branch="true" condition-coverage="50% (1/2)">
									<conditions>
										<condition number="0" type="jump" coverage="50%"/>
									</conditions>
								</line>
								<line number="40" hits="0" branch="false"/>
								<line number="41" hits="0" branch="false"/>
								<line number="42" hits="0" branch="false"/>
								<line number="44" hits="1" branch="false"/>
								<line number="45" hits="1" branch="false"/>
								<line number="47" hits="1" branch="false"/>
								<line number="48" hits="2" branch="false"/>
								<line number="49" hits="2" branch="false"/>
								<line number="50" hits="2" branch="false"/>
								<line number="53" hits="0" branch="false"/>
								<line number="54" hits="0" branch="false"/>
								<line number="55" hits="0" branch="false"/>
								<line number="56" hits="0" branch="false"/>
								<line number="57" hits="1" branch="false"/>
								<line number="58" hits="1" branch="false"/>
								<line number="59" hits="1" branch="false"/>
								<line number="60" hits="1" branch="false"/>
								<line number="61" hits="3" branch="false"/>
								<line number="62" hits="4" branch="false"/>
							</lines>
						</method>
						<method name="saveAssessment" signature="(Lcom/datastax/driver/core/Row;Lorg/ekstep/ep/samza/domain/BatchEvent;)V" line-rate="1.0" branch-rate="0.5" complexity="0">
							<lines>
								<line number="65" hits="2" branch="true" condition-coverage="50% (1/2)">
									<conditions>
										<condition number="0" type="jump" coverage="50%"/>
									</conditions>
								</line>
								<line number="66" hits="2" branch="false"/>
								<line number="67" hits="2" branch="false"/>
								<line number="68" hits="4" branch="false"/>
								<line number="69" hits="2" branch="false"/>
								<line number="70" hits="2" branch="false"/>
								<line number="71" hits="2" branch="false"/>
							</lines>
						</method>
					</methods>
					<lines>
						<line number="22" hits="1" branch="false"/>
						<line number="24" hits="35" branch="false"/>
						<line number="26" hits="9" branch="false"/>
						<line number="27" hits="9" branch="false"/>
						<line number="28" hits="9" branch="false"/>
						<line number="32" hits="4" branch="false"/>
						<line number="33" hits="3" branch="false"/>
						<line number="34" hits="3" branch="true" condition-coverage="100% (2/2)">
							<conditions>
								<condition number="0" type="jump" coverage="100%"/>
							</conditions>
						</line>
						<line number="35" hits="1" branch="false"/>
						<line number="37" hits="3" branch="true" condition-coverage="100% (2/2)">
							<conditions>
								<condition number="0" type="jump" coverage="100%"/>
							</conditions>
						</line>
						<line number="38" hits="1" branch="false"/>
						<line number="39" hits="1" branch="true" condition-coverage="50% (1/2)">
							<conditions>
								<condition number="0" type="jump" coverage="50%"/>
							</conditions>
						</line>
						<line number="40" hits="0" branch="false"/>
						<line number="41" hits="0" branch="false"/>
						<line number="42" hits="0" branch="false"/>
						<line number="44" hits="1" branch="false"/>
						<line number="45" hits="1" branch="false"/>
						<line number="47" hits="1" branch="false"/>
						<line number="48" hits="2" branch="false"/>
						<line number="49" hits="2" branch="false"/>
						<line number="50" hits="2" branch="false"/>
						<line number="53" hits="0" branch="false"/>
						<line number="54" hits="0" branch="false"/>
						<line number="55" hits="0" branch="false"/>
						<line number="56" hits="0" branch="false"/>
						<line number="57" hits="1" branch="false"/>
						<line number="58" hits="1" branch="false"/>
						<line number="59" hits="1" branch="false"/>
						<line number="60" hits="1" branch="false"/>
						<line number="61" hits="3" branch="false"/>
						<line number="62" hits="4" branch="false"/>
						<line number="65" hits="2" branch="true" condition-coverage="50% (1/2)">
							<conditions>
								<condition number="0" type="jump" coverage="50%"/>
							</conditions>
						</line>
						<line number="66" hits="2" branch="false"/>
						<line number="67" hits="2" branch="false"/>
						<line number="68" hits="4" branch="false"/>
						<line number="69" hits="2" branch="false"/>
						<line number="70" hits="2" branch="false"/>
						<line number="71" hits="2" branch="false"/>
						<line number="74" hits="5" branch="false"/>
						<line number="75" hits="5" branch="false"/>
						<line number="76" hits="5" branch="false"/>
						<line number="77" hits="5" branch="false"/>
						<line number="78" hits="5" branch="false"/>
						<line number="79" hits="5" branch="true" condition-coverage="100% (2/2)">
							<conditions>
								<condition number="0" type="jump" coverage="100%"/>
							</conditions>
						</line>
						<line number="80" hits="16" branch="true" condition-coverage="50% (1/2)">
							<conditions>
								<condition number="0" type="jump" coverage="50%"/>
							</conditions>
						</line>
						<line number="81" hits="16" branch="false"/>
						<line number="82" hits="16" branch="false"/>
						<line number="83" hits="16" branch="false"/>
						<line number="85" hits="16" branch="false"/>
						<line number="86" hits="5" branch="true" condition-coverage="100% (2/2)">
							<conditions>
								<condition number="0" type="jump" coverage="100%"/>
							</conditions>
						</line>
						<line number="87" hits="16" branch="true" condition-coverage="100% (2/2)">
							<conditions>
								<condition number="0" type="jump" coverage="100%"/>
							</conditions>
						</line>
						<line number="88" hits="8" branch="false"/>
						<line number="89" hits="8" branch="false"/>
						<line number="90" hits="8" branch="false"/>
						<line number="91" hits="8" branch="false"/>
						<line number="93" hits="16" branch="false"/>
						<line number="94" hits="5" branch="false"/>
					</lines>
				</class>
			</classes>
		</package>
		<package name="org.ekstep.ep.samza.task" line-rate="0.8225806451612904" branch-rate="0.5" complexity="1.04">
			<classes>
				<class name="org.ekstep.ep.samza.task.AssessmentAggregatorConfig" filename="org/ekstep/ep/samza/task/AssessmentAggregatorConfig.java" line-rate="0.875" branch-rate="1.0" complexity="1.0">
					<methods>
						<method name="&lt;init&gt;" signature="(Lorg/apache/samza/config/Config;)V" line-rate="1.0" branch-rate="1.0" complexity="0">
							<lines>
								<line number="7" hits="10" branch="false"/>
								<line number="15" hits="10" branch="false"/>
								<line number="17" hits="10" branch="false"/>
								<line number="18" hits="10" branch="false"/>
								<line number="19" hits="10" branch="false"/>
								<line number="20" hits="10" branch="false"/>
								<line number="21" hits="10" branch="false"/>
								<line number="22" hits="10" branch="false"/>
								<line number="23" hits="10" branch="false"/>
							</lines>
						</method>
						<method name="failedTopic" signature="()Ljava/lang/String;" line-rate="1.0" branch-rate="1.0" complexity="0">
							<lines>
								<line number="30" hits="2" branch="false"/>
							</lines>
						</method>
						<method name="getAssessementTable" signature="()Ljava/lang/String;" line-rate="1.0" branch-rate="1.0" complexity="0">
							<lines>
								<line number="38" hits="5" branch="false"/>
							</lines>
						</method>
						<method name="getAssessmentQuestionUDT" signature="()Ljava/lang/String;" line-rate="1.0" branch-rate="1.0" complexity="0">
							<lines>
								<line number="42" hits="9" branch="false"/>
							</lines>
						</method>
						<method name="getCassandraHost" signature="()Ljava/lang/String;" line-rate="0.0" branch-rate="1.0" complexity="0">
							<lines>
								<line number="45" hits="0" branch="false"/>
							</lines>
						</method>
						<method name="getCassandraPort" signature="()I" line-rate="0.0" branch-rate="1.0" complexity="0">
							<lines>
								<line number="47" hits="0" branch="false"/>
							</lines>
						</method>
						<method name="getCoursesKeyspace" signature="()Ljava/lang/String;" line-rate="1.0" branch-rate="1.0" complexity="0">
							<lines>
								<line number="34" hits="14" branch="false"/>
							</lines>
						</method>
						<method name="jobName" signature="()Ljava/lang/String;" line-rate="1.0" branch-rate="1.0" complexity="0">
							<lines>
								<line number="26" hits="5" branch="false"/>
							</lines>
						</method>
					</methods>
					<lines>
						<line number="7" hits="10" branch="false"/>
						<line number="15" hits="10" branch="false"/>
						<line number="17" hits="10" branch="false"/>
						<line number="18" hits="10" branch="false"/>
						<line number="19" hits="10" branch="false"/>
						<line number="20" hits="10" branch="false"/>
						<line number="21" hits="10" branch="false"/>
						<line number="22" hits="10" branch="false"/>
						<line number="23" hits="10" branch="false"/>
						<line number="26" hits="5" branch="false"/>
						<line number="30" hits="2" branch="false"/>
						<line number="34" hits="14" branch="false"/>
						<line number="38" hits="5" branch="false"/>
						<line number="42" hits="9" branch="false"/>
						<line number="45" hits="0" branch="false"/>
						<line number="47" hits="0" branch="false"/>
					</lines>
				</class>
				<class name="org.ekstep.ep.samza.task.AssessmentAggregatorSink" filename="org/ekstep/ep/samza/task/AssessmentAggregatorSink.java" line-rate="0.8" branch-rate="1.0" complexity="1.0">
					<methods>
						<method name="&lt;init&gt;" signature="(Lorg/apache/samza/task/MessageCollector;Lorg/ekstep/ep/samza/core/JobMetrics;Lorg/ekstep/ep/samza/task/AssessmentAggregatorConfig;)V" line-rate="1.0" branch-rate="1.0" complexity="0">
							<lines>
								<line number="14" hits="6" branch="false"/>
								<line number="15" hits="6" branch="false"/>
								<line number="16" hits="6" branch="false"/>
							</lines>
						</method>
						<method name="batchSuccess" signature="()V" line-rate="1.0" branch-rate="1.0" complexity="0">
							<lines>
								<line number="19" hits="2" branch="false"/>
								<line number="20" hits="2" branch="false"/>
							</lines>
						</method>
						<method name="fail" signature="(Ljava/lang/String;)V" line-rate="1.0" branch-rate="1.0" complexity="0">
							<lines>
								<line number="33" hits="1" branch="false"/>
								<line number="34" hits="1" branch="false"/>
								<line number="35" hits="1" branch="false"/>
							</lines>
						</method>
						<method name="incDBHits" signature="()V" line-rate="1.0" branch-rate="1.0" complexity="0">
							<lines>
								<line number="38" hits="1" branch="false"/>
								<line number="39" hits="1" branch="false"/>
							</lines>
						</method>
						<method name="incDBInsertCount" signature="()V" line-rate="1.0" branch-rate="1.0" complexity="0">
							<lines>
								<line number="42" hits="2" branch="false"/>
								<line number="43" hits="2" branch="false"/>
							</lines>
						</method>
						<method name="incDBUpdateCount" signature="()V" line-rate="0.0" branch-rate="1.0" complexity="0">
							<lines>
								<line number="46" hits="0" branch="false"/>
								<line number="47" hits="0" branch="false"/>
							</lines>
						</method>
						<method name="skip" signature="(Lorg/ekstep/ep/samza/domain/BatchEvent;)V" line-rate="1.0" branch-rate="1.0" complexity="0">
							<lines>
								<line number="27" hits="1" branch="false"/>
								<line number="28" hits="1" branch="false"/>
								<line number="29" hits="1" branch="false"/>
								<line number="30" hits="1" branch="false"/>
							</lines>
						</method>
						<method name="success" signature="()V" line-rate="0.0" branch-rate="1.0" complexity="0">
							<lines>
								<line number="23" hits="0" branch="false"/>
								<line number="24" hits="0" branch="false"/>
							</lines>
						</method>
					</methods>
					<lines>
						<line number="14" hits="6" branch="false"/>
						<line number="15" hits="6" branch="false"/>
						<line number="16" hits="6" branch="false"/>
						<line number="19" hits="2" branch="false"/>
						<line number="20" hits="2" branch="false"/>
						<line number="23" hits="0" branch="false"/>
						<line number="24" hits="0" branch="false"/>
						<line number="27" hits="1" branch="false"/>
						<line number="28" hits="1" branch="false"/>
						<line number="29" hits="1" branch="false"/>
						<line number="30" hits="1" branch="false"/>
						<line number="33" hits="1" branch="false"/>
						<line number="34" hits="1" branch="false"/>
						<line number="35" hits="1" branch="false"/>
						<line number="38" hits="1" branch="false"/>
						<line number="39" hits="1" branch="false"/>
						<line number="42" hits="2" branch="false"/>
						<line number="43" hits="2" branch="false"/>
						<line number="46" hits="0" branch="false"/>
						<line number="47" hits="0" branch="false"/>
					</lines>
				</class>
				<class name="org.ekstep.ep.samza.task.AssessmentAggregatorSource" filename="org/ekstep/ep/samza/task/AssessmentAggregatorSource.java" line-rate="1.0" branch-rate="1.0" complexity="1.0">
					<methods>
						<method name="&lt;init&gt;" signature="(Lorg/apache/samza/system/IncomingMessageEnvelope;)V" line-rate="1.0" branch-rate="1.0" complexity="0">
							<lines>
								<line number="12" hits="4" branch="false"/>
								<line number="13" hits="4" branch="false"/>
								<line number="14" hits="4" branch="false"/>
							</lines>
						</method>
						<method name="getEvent" signature="()Lorg/ekstep/ep/samza/domain/BatchEvent;" line-rate="1.0" branch-rate="1.0" complexity="0">
							<lines>
								<line number="23" hits="4" branch="false"/>
								<line number="24" hits="4" branch="false"/>
								<line number="25" hits="3" branch="false"/>
							</lines>
						</method>
						<method name="getMessage" signature="()Ljava/lang/Object;" line-rate="1.0" branch-rate="1.0" complexity="0">
							<lines>
								<line number="18" hits="1" branch="false"/>
							</lines>
						</method>
					</methods>
					<lines>
						<line number="12" hits="4" branch="false"/>
						<line number="13" hits="4" branch="false"/>
						<line number="14" hits="4" branch="false"/>
						<line number="18" hits="1" branch="false"/>
						<line number="23" hits="4" branch="false"/>
						<line number="24" hits="4" branch="false"/>
						<line number="25" hits="3" branch="false"/>
					</lines>
				</class>
				<class name="org.ekstep.ep.samza.task.AssessmentAggregatorTask" filename="org/ekstep/ep/samza/task/AssessmentAggregatorTask.java" line-rate="0.7368421052631579" branch-rate="0.5" complexity="1.1666666666666667">
					<methods>
						<method name="&lt;init&gt;" signature="()V" line-rate="0.0" branch-rate="1.0" complexity="0">
							<lines>
								<line number="39" hits="0" branch="false"/>
								<line number="41" hits="0" branch="false"/>
							</lines>
						</method>
						<method name="&lt;init&gt;" signature="(Lorg/apache/samza/config/Config;Lorg/apache/samza/task/TaskContext;Lorg/ekstep/ep/samza/util/CassandraConnect;)V" line-rate="1.0" branch-rate="1.0" complexity="0">
							<lines>
								<line number="35" hits="5" branch="false"/>
								<line number="36" hits="5" branch="false"/>
								<line number="37" hits="5" branch="false"/>
							</lines>
						</method>
						<method name="getJobMetrics" signature="()Lorg/ekstep/ep/samza/core/JobMetrics;" line-rate="0.0" branch-rate="1.0" complexity="0">
							<lines>
								<line number="66" hits="0" branch="false"/>
							</lines>
						</method>
						<method name="init" signature="(Lorg/apache/samza/config/Config;Lorg/apache/samza/task/TaskContext;)V" line-rate="0.0" branch-rate="1.0" complexity="0">
							<lines>
								<line number="45" hits="0" branch="false"/>
								<line number="46" hits="0" branch="false"/>
							</lines>
						</method>
						<method name="init" signature="(Lorg/apache/samza/config/Config;Lorg/apache/samza/task/TaskContext;Lorg/ekstep/ep/samza/util/CassandraConnect;)V" line-rate="1.0" branch-rate="0.5" complexity="0">
							<lines>
								<line number="50" hits="5" branch="false"/>
								<line number="51" hits="5" branch="false"/>
								<line number="52" hits="5" branch="true" condition-coverage="50% (1/2)">
									<conditions>
										<condition number="0" type="jump" coverage="50%"/>
									</conditions>
								</line>
								<line number="53" hits="5" branch="false"/>
								<line number="54" hits="5" branch="false"/>
								<line number="55" hits="5" branch="false"/>
							</lines>
						</method>
						<method name="initTask" signature="(Lorg/apache/samza/config/Config;Lorg/ekstep/ep/samza/core/JobMetrics;)V" line-rate="1.0" branch-rate="1.0" complexity="0">
							<lines>
								<line number="29" hits="5" branch="false"/>
							</lines>
						</method>
						<method name="process" signature="(Lorg/apache/samza/system/IncomingMessageEnvelope;Lorg/apache/samza/task/MessageCollector;Lorg/apache/samza/task/TaskCoordinator;)V" line-rate="1.0" branch-rate="1.0" complexity="0">
							<lines>
								<line number="60" hits="3" branch="false"/>
								<line number="61" hits="3" branch="false"/>
								<line number="62" hits="3" branch="false"/>
								<line number="63" hits="3" branch="false"/>
							</lines>
						</method>
						<method name="window" signature="(Lorg/apache/samza/task/MessageCollector;Lorg/apache/samza/task/TaskCoordinator;)V" line-rate="1.0" branch-rate="1.0" complexity="0">
							<lines>
							</lines>
						</method>
					</methods>
					<lines>
						<line number="29" hits="5" branch="false"/>
						<line number="35" hits="5" branch="false"/>
						<line number="36" hits="5" branch="false"/>
						<line number="37" hits="5" branch="false"/>
						<line number="39" hits="0" branch="false"/>
						<line number="41" hits="0" branch="false"/>
						<line number="45" hits="0" branch="false"/>
						<line number="46" hits="0" branch="false"/>
						<line number="50" hits="5" branch="false"/>
						<line number="51" hits="5" branch="false"/>
						<line number="52" hits="5" branch="true" condition-coverage="50% (1/2)">
							<conditions>
								<condition number="0" type="jump" coverage="50%"/>
							</conditions>
						</line>
						<line number="53" hits="5" branch="false"/>
						<line number="54" hits="5" branch="false"/>
						<line number="55" hits="5" branch="false"/>
						<line number="60" hits="3" branch="false"/>
						<line number="61" hits="3" branch="false"/>
						<line number="62" hits="3" branch="false"/>
						<line number="63" hits="3" branch="false"/>
						<line number="66" hits="0" branch="false"/>
					</lines>
				</class>
			</classes>
		</package>
		<package name="org.ekstep.ep.samza.util" line-rate="1.0" branch-rate="1.0" complexity="1.0">
			<classes>
				<class name="org.ekstep.ep.samza.util.DBUtil" filename="org/ekstep/ep/samza/util/DBUtil.java" line-rate="1.0" branch-rate="1.0" complexity="1.0">
					<methods>
						<method name="&lt;init&gt;" signature="(Lorg/ekstep/ep/samza/util/CassandraConnect;Lorg/ekstep/ep/samza/task/AssessmentAggregatorConfig;)V" line-rate="1.0" branch-rate="1.0" complexity="0">
							<lines>
								<line number="23" hits="9" branch="false"/>
								<line number="24" hits="9" branch="false"/>
								<line number="25" hits="9" branch="false"/>
								<line number="26" hits="9" branch="false"/>
								<line number="27" hits="9" branch="false"/>
							</lines>
						</method>
						<method name="getAssessmentFromDB" signature="(Lorg/ekstep/ep/samza/domain/BatchEvent;)Lcom/datastax/driver/core/Row;" line-rate="1.0" branch-rate="1.0" complexity="0">
							<lines>
								<line number="59" hits="3" branch="false"/>
								<line number="60" hits="3" branch="false"/>
								<line number="61" hits="3" branch="false"/>
								<line number="62" hits="3" branch="false"/>
								<line number="63" hits="3" branch="false"/>
							</lines>
						</method>
						<method name="getQuestion" signature="(Lorg/ekstep/ep/samza/domain/QuestionData;)Lcom/datastax/driver/core/UDTValue;" line-rate="1.0" branch-rate="1.0" complexity="0">
							<lines>
								<line number="30" hits="16" branch="false"/>
								<line number="31" hits="8" branch="false"/>
								<line number="32" hits="8" branch="false"/>
								<line number="33" hits="8" branch="false"/>
								<line number="34" hits="8" branch="false"/>
								<line number="35" hits="8" branch="false"/>
								<line number="36" hits="8" branch="false"/>
								<line number="37" hits="8" branch="false"/>
								<line number="38" hits="8" branch="false"/>
								<line number="39" hits="8" branch="false"/>
							</lines>
						</method>
						<method name="updateAssessmentToDB" signature="(Lorg/ekstep/ep/samza/domain/BatchEvent;Lorg/ekstep/ep/samza/domain/Aggregate;Ljava/lang/Long;)V" line-rate="1.0" branch-rate="1.0" complexity="0">
							<lines>
								<line number="45" hits="2" branch="false"/>
								<line number="46" hits="2" branch="false"/>
								<line number="47" hits="2" branch="false"/>
								<line number="48" hits="2" branch="false"/>
								<line number="49" hits="2" branch="false"/>
								<line number="50" hits="2" branch="false"/>
								<line number="51" hits="2" branch="false"/>
								<line number="52" hits="2" branch="false"/>
								<line number="54" hits="2" branch="false"/>
								<line number="55" hits="2" branch="false"/>
							</lines>
						</method>
					</methods>
					<lines>
						<line number="23" hits="9" branch="false"/>
						<line number="24" hits="9" branch="false"/>
						<line number="25" hits="9" branch="false"/>
						<line number="26" hits="9" branch="false"/>
						<line number="27" hits="9" branch="false"/>
						<line number="30" hits="16" branch="false"/>
						<line number="31" hits="8" branch="false"/>
						<line number="32" hits="8" branch="false"/>
						<line number="33" hits="8" branch="false"/>
						<line number="34" hits="8" branch="false"/>
						<line number="35" hits="8" branch="false"/>
						<line number="36" hits="8" branch="false"/>
						<line number="37" hits="8" branch="false"/>
						<line number="38" hits="8" branch="false"/>
						<line number="39" hits="8" branch="false"/>
						<line number="45" hits="2" branch="false"/>
						<line number="46" hits="2" branch="false"/>
						<line number="47" hits="2" branch="false"/>
						<line number="48" hits="2" branch="false"/>
						<line number="49" hits="2" branch="false"/>
						<line number="50" hits="2" branch="false"/>
						<line number="51" hits="2" branch="false"/>
						<line number="52" hits="2" branch="false"/>
						<line number="54" hits="2" branch="false"/>
						<line number="55" hits="2" branch="false"/>
						<line number="59" hits="3" branch="false"/>
						<line number="60" hits="3" branch="false"/>
						<line number="61" hits="3" branch="false"/>
						<line number="62" hits="3" branch="false"/>
						<line number="63" hits="3" branch="false"/>
					</lines>
				</class>
			</classes>
		</package>
	</packages>
</coverage>
