<?xml version="1.0"?>
<!DOCTYPE coverage SYSTEM "http://cobertura.sourceforge.net/xml/coverage-04.dtd">

<coverage line-rate="0.8820224719101124" branch-rate="0.6470588235294118" lines-covered="157" lines-valid="178" branches-covered="66" branches-valid="102" complexity="1.9666666666666666" version="2.1.1" timestamp="1588867674064">
	<sources>
		<source>/var/lib/jenkins/workspace/Build/DataPipeline/DataPipeline/data-pipeline/user-cache-updater/src/main/java</source>
		<source>--source</source>
	</sources>
	<packages>
		<package name="org.ekstep.ep.samza.domain" line-rate="0.9444444444444444" branch-rate="0.6590909090909091" complexity="5.5">
			<classes>
				<class name="org.ekstep.ep.samza.domain.Event" filename="org/ekstep/ep/samza/domain/Event.java" line-rate="0.9444444444444444" branch-rate="0.6590909090909091" complexity="5.5">
					<methods>
						<method name="&lt;init&gt;" signature="(Ljava/util/Map;)V" line-rate="1.0" branch-rate="1.0" complexity="0">
							<lines>
								<line number="12" hits="16" branch="false"/>
								<line number="13" hits="16" branch="false"/>
								<line number="14" hits="16" branch="false"/>
							</lines>
						</method>
						<method name="getUserLoginType" signature="()Ljava/lang/String;" line-rate="1.0" branch-rate="0.7" complexity="0">
							<lines>
								<line number="38" hits="9" branch="false"/>
								<line number="39" hits="9" branch="false"/>
								<line number="40" hits="9" branch="true" condition-coverage="50% (2/4)">
									<conditions>
										<condition number="0" type="jump" coverage="50%"/>
										<condition number="1" type="jump" coverage="50%"/>
									</conditions>
								</line>
								<line number="41" hits="9" branch="true" condition-coverage="100% (2/2)">
									<conditions>
										<condition number="0" type="jump" coverage="100%"/>
									</conditions>
								</line>
								<line number="42" hits="9" branch="true" condition-coverage="75% (3/4)">
									<conditions>
										<condition number="0" type="jump" coverage="50%"/>
										<condition number="1" type="jump" coverage="100%"/>
									</conditions>
								</line>
								<line number="43" hits="4" branch="false"/>
								<line number="44" hits="5" branch="false"/>
								<line number="46" hits="5" branch="false"/>
							</lines>
						</method>
						<method name="getUserMetdataUpdatedList" signature="()Ljava/util/ArrayList;" line-rate="0.8333333333333334" branch-rate="0.5" complexity="0">
							<lines>
								<line number="50" hits="7" branch="false"/>
								<line number="51" hits="7" branch="true" condition-coverage="50% (1/2)">
									<conditions>
										<condition number="0" type="jump" coverage="50%"/>
									</conditions>
								</line>
								<line number="52" hits="7" branch="false"/>
								<line number="53" hits="7" branch="true" condition-coverage="50% (2/4)">
									<conditions>
										<condition number="0" type="jump" coverage="50%"/>
										<condition number="1" type="jump" coverage="50%"/>
									</conditions>
								</line>
								<line number="54" hits="7" branch="false"/>
								<line number="57" hits="0" branch="false"/>
							</lines>
						</method>
						<method name="getUserSignInType" signature="()Ljava/lang/String;" line-rate="1.0" branch-rate="0.7" complexity="0">
							<lines>
								<line number="26" hits="13" branch="false"/>
								<line number="27" hits="13" branch="false"/>
								<line number="28" hits="13" branch="true" condition-coverage="75% (3/4)">
									<conditions>
										<condition number="0" type="jump" coverage="100%"/>
										<condition number="1" type="jump" coverage="50%"/>
									</conditions>
								</line>
								<line number="29" hits="12" branch="true" condition-coverage="50% (1/2)">
									<conditions>
										<condition number="0" type="jump" coverage="50%"/>
									</conditions>
								</line>
								<line number="30" hits="24" branch="true" condition-coverage="75% (3/4)">
									<conditions>
										<condition number="0" type="jump" coverage="50%"/>
										<condition number="1" type="jump" coverage="100%"/>
									</conditions>
								</line>
								<line number="31" hits="12" branch="false"/>
								<line number="32" hits="12" branch="false"/>
								<line number="34" hits="1" branch="false"/>
							</lines>
						</method>
						<method name="getUserStateValue" signature="()Ljava/lang/String;" line-rate="0.8333333333333334" branch-rate="0.75" complexity="0">
							<lines>
								<line number="61" hits="14" branch="false"/>
								<line number="62" hits="14" branch="true" condition-coverage="83% (5/6)">
									<conditions>
										<condition number="0" type="jump" coverage="50%"/>
										<condition number="1" type="jump" coverage="100%"/>
										<condition number="2" type="jump" coverage="100%"/>
									</conditions>
								</line>
								<line number="63" hits="7" branch="false"/>
								<line number="65" hits="7" branch="true" condition-coverage="66% (4/6)">
									<conditions>
										<condition number="0" type="jump" coverage="50%"/>
										<condition number="1" type="jump" coverage="100%"/>
										<condition number="2" type="jump" coverage="50%"/>
									</conditions>
								</line>
								<line number="66" hits="7" branch="false"/>
								<line number="68" hits="0" branch="false"/>
							</lines>
						</method>
						<method name="objectUserId" signature="()Ljava/lang/String;" line-rate="1.0" branch-rate="0.5" complexity="0">
							<lines>
								<line number="17" hits="13" branch="false"/>
								<line number="18" hits="13" branch="false"/>
								<line number="19" hits="13" branch="true" condition-coverage="50% (2/4)">
									<conditions>
										<condition number="0" type="jump" coverage="50%"/>
										<condition number="1" type="jump" coverage="50%"/>
									</conditions>
								</line>
								<line number="20" hits="13" branch="false"/>
								<line number="22" hits="13" branch="true" condition-coverage="50% (1/2)">
									<conditions>
										<condition number="0" type="jump" coverage="50%"/>
									</conditions>
								</line>
							</lines>
						</method>
					</methods>
					<lines>
						<line number="12" hits="16" branch="false"/>
						<line number="13" hits="16" branch="false"/>
						<line number="14" hits="16" branch="false"/>
						<line number="17" hits="13" branch="false"/>
						<line number="18" hits="13" branch="false"/>
						<line number="19" hits="13" branch="true" condition-coverage="50% (2/4)">
							<conditions>
								<condition number="0" type="jump" coverage="50%"/>
								<condition number="1" type="jump" coverage="50%"/>
							</conditions>
						</line>
						<line number="20" hits="13" branch="false"/>
						<line number="22" hits="13" branch="true" condition-coverage="50% (1/2)">
							<conditions>
								<condition number="0" type="jump" coverage="50%"/>
							</conditions>
						</line>
						<line number="26" hits="13" branch="false"/>
						<line number="27" hits="13" branch="false"/>
						<line number="28" hits="13" branch="true" condition-coverage="75% (3/4)">
							<conditions>
								<condition number="0" type="jump" coverage="100%"/>
								<condition number="1" type="jump" coverage="50%"/>
							</conditions>
						</line>
						<line number="29" hits="12" branch="true" condition-coverage="50% (1/2)">
							<conditions>
								<condition number="0" type="jump" coverage="50%"/>
							</conditions>
						</line>
						<line number="30" hits="24" branch="true" condition-coverage="75% (3/4)">
							<conditions>
								<condition number="0" type="jump" coverage="50%"/>
								<condition number="1" type="jump" coverage="100%"/>
							</conditions>
						</line>
						<line number="31" hits="12" branch="false"/>
						<line number="32" hits="12" branch="false"/>
						<line number="34" hits="1" branch="false"/>
						<line number="38" hits="9" branch="false"/>
						<line number="39" hits="9" branch="false"/>
						<line number="40" hits="9" branch="true" condition-coverage="50% (2/4)">
							<conditions>
								<condition number="0" type="jump" coverage="50%"/>
								<condition number="1" type="jump" coverage="50%"/>
							</conditions>
						</line>
						<line number="41" hits="9" branch="true" condition-coverage="100% (2/2)">
							<conditions>
								<condition number="0" type="jump" coverage="100%"/>
							</conditions>
						</line>
						<line number="42" hits="9" branch="true" condition-coverage="75% (3/4)">
							<conditions>
								<condition number="0" type="jump" coverage="50%"/>
								<condition number="1" type="jump" coverage="100%"/>
							</conditions>
						</line>
						<line number="43" hits="4" branch="false"/>
						<line number="44" hits="5" branch="false"/>
						<line number="46" hits="5" branch="false"/>
						<line number="50" hits="7" branch="false"/>
						<line number="51" hits="7" branch="true" condition-coverage="50% (1/2)">
							<conditions>
								<condition number="0" type="jump" coverage="50%"/>
							</conditions>
						</line>
						<line number="52" hits="7" branch="false"/>
						<line number="53" hits="7" branch="true" condition-coverage="50% (2/4)">
							<conditions>
								<condition number="0" type="jump" coverage="50%"/>
								<condition number="1" type="jump" coverage="50%"/>
							</conditions>
						</line>
						<line number="54" hits="7" branch="false"/>
						<line number="57" hits="0" branch="false"/>
						<line number="61" hits="14" branch="false"/>
						<line number="62" hits="14" branch="true" condition-coverage="83% (5/6)">
							<conditions>
								<condition number="0" type="jump" coverage="50%"/>
								<condition number="1" type="jump" coverage="100%"/>
								<condition number="2" type="jump" coverage="100%"/>
							</conditions>
						</line>
						<line number="63" hits="7" branch="false"/>
						<line number="65" hits="7" branch="true" condition-coverage="66% (4/6)">
							<conditions>
								<condition number="0" type="jump" coverage="50%"/>
								<condition number="1" type="jump" coverage="100%"/>
								<condition number="2" type="jump" coverage="50%"/>
							</conditions>
						</line>
						<line number="66" hits="7" branch="false"/>
						<line number="68" hits="0" branch="false"/>
					</lines>
				</class>
			</classes>
		</package>
		<package name="org.ekstep.ep.samza.service" line-rate="0.8214285714285714" branch-rate="0.6481481481481481" complexity="0.0">
			<classes>
				<class name="org.ekstep.ep.samza.service.UserCacheUpdaterService" filename="org/ekstep/ep/samza/service/UserCacheUpdaterService.java" line-rate="0.8192771084337349" branch-rate="0.6481481481481481" complexity="0.0">
					<methods>
						<method name="&lt;clinit&gt;" signature="()V" line-rate="1.0" branch-rate="1.0" complexity="0">
							<lines>
								<line number="25" hits="1" branch="false"/>
							</lines>
						</method>
						<method name="&lt;init&gt;" signature="(Lorg/ekstep/ep/samza/task/UserCacheUpdaterConfig;Lorg/ekstep/ep/samza/util/RedisConnect;Lorg/ekstep/ep/samza/util/CassandraConnect;Lorg/ekstep/ep/samza/core/JobMetrics;)V" line-rate="1.0" branch-rate="1.0" complexity="0">
							<lines>
								<line number="29" hits="15" branch="false"/>
								<line number="30" hits="15" branch="false"/>
								<line number="31" hits="15" branch="false"/>
								<line number="34" hits="15" branch="false"/>
								<line number="35" hits="15" branch="false"/>
								<line number="36" hits="15" branch="false"/>
								<line number="37" hits="15" branch="false"/>
								<line number="38" hits="15" branch="false"/>
							</lines>
						</method>
						<method name="getLocationInfo" signature="(Ljava/util/List;)Ljava/util/Map;" line-rate="0.75" branch-rate="0.5" complexity="0">
							<lines>
								<line number="136" hits="1" branch="false"/>
								<line number="137" hits="1" branch="true" condition-coverage="50% (2/4)">
									<conditions>
										<condition number="0" type="jump" coverage="50%"/>
										<condition number="1" type="jump" coverage="50%"/>
									</conditions>
								</line>
								<line number="138" hits="0" branch="false"/>
								<line number="148" hits="1" branch="false"/>
							</lines>
						</method>
						<method name="getUserLoginType" signature="(Lorg/ekstep/ep/samza/domain/Event;)Ljava/util/Map;" line-rate="1.0" branch-rate="1.0" complexity="0">
							<lines>
								<line number="115" hits="7" branch="false"/>
								<line number="116" hits="7" branch="true" condition-coverage="100% (2/2)">
									<conditions>
										<condition number="0" type="jump" coverage="100%"/>
									</conditions>
								</line>
								<line number="117" hits="7" branch="true" condition-coverage="100% (2/2)">
									<conditions>
										<condition number="0" type="jump" coverage="100%"/>
									</conditions>
								</line>
								<line number="118" hits="2" branch="false"/>
								<line number="119" hits="7" branch="false"/>
							</lines>
						</method>
						<method name="getUserMetaDataInfo" signature="(Ljava/util/List;)Ljava/util/Map;" line-rate="0.375" branch-rate="0.3333333333333333" complexity="0">
							<lines>
								<line number="123" hits="2" branch="false"/>
								<line number="124" hits="2" branch="true" condition-coverage="50% (2/4)">
									<conditions>
										<condition number="0" type="jump" coverage="50%"/>
										<condition number="1" type="jump" coverage="50%"/>
									</conditions>
								</line>
								<line number="125" hits="0" branch="false"/>
								<line number="126" hits="0" branch="false"/>
								<line number="127" hits="0" branch="false"/>
								<line number="128" hits="0" branch="true" condition-coverage="0% (0/2)">
									<conditions>
										<condition number="0" type="jump" coverage="0%"/>
									</conditions>
								</line>
								<line number="129" hits="0" branch="false"/>
								<line number="132" hits="2" branch="false"/>
							</lines>
						</method>
						<method name="getUserSigninType" signature="(Lorg/ekstep/ep/samza/domain/Event;)Ljava/util/Map;" line-rate="1.0" branch-rate="0.875" complexity="0">
							<lines>
								<line number="102" hits="7" branch="false"/>
								<line number="103" hits="7" branch="true" condition-coverage="100% (2/2)">
									<conditions>
										<condition number="0" type="jump" coverage="100%"/>
									</conditions>
								</line>
								<line number="104" hits="7" branch="true" condition-coverage="100% (2/2)">
									<conditions>
										<condition number="0" type="jump" coverage="100%"/>
									</conditions>
								</line>
								<line number="105" hits="6" branch="true" condition-coverage="100% (2/2)">
									<conditions>
										<condition number="0" type="jump" coverage="100%"/>
									</conditions>
								</line>
								<line number="106" hits="3" branch="false"/>
								<line number="107" hits="3" branch="true" condition-coverage="50% (1/2)">
									<conditions>
										<condition number="0" type="jump" coverage="50%"/>
									</conditions>
								</line>
								<line number="108" hits="3" branch="false"/>
								<line number="111" hits="7" branch="false"/>
							</lines>
						</method>
						<method name="lambda$getLocationInfo$0" signature="(Ljava/util/Map;Lcom/datastax/driver/core/Row;)V" line-rate="0.0" branch-rate="0.0" complexity="0">
							<lines>
								<line number="139" hits="0" branch="false"/>
								<line number="140" hits="0" branch="false"/>
								<line number="141" hits="0" branch="true" condition-coverage="0% (0/2)">
									<conditions>
										<condition number="0" type="jump" coverage="0%"/>
									</conditions>
								</line>
								<line number="142" hits="0" branch="false"/>
								<line number="143" hits="0" branch="true" condition-coverage="0% (0/2)">
									<conditions>
										<condition number="0" type="jump" coverage="0%"/>
									</conditions>
								</line>
								<line number="144" hits="0" branch="false"/>
								<line number="146" hits="0" branch="false"/>
							</lines>
						</method>
						<method name="process" signature="(Lorg/ekstep/ep/samza/task/UserCacheUpdaterSource;Lorg/ekstep/ep/samza/task/UserCacheUpdaterSink;)V" line-rate="1.0" branch-rate="1.0" complexity="0">
							<lines>
								<line number="42" hits="15" branch="false"/>
								<line number="43" hits="13" branch="false"/>
								<line number="44" hits="13" branch="true" condition-coverage="100% (2/2)">
									<conditions>
										<condition number="0" type="jump" coverage="100%"/>
									</conditions>
								</line>
								<line number="45" hits="11" branch="false"/>
								<line number="47" hits="2" branch="false"/>
								<line number="49" hits="2" branch="false"/>
								<line number="50" hits="2" branch="false"/>
								<line number="51" hits="2" branch="false"/>
								<line number="52" hits="2" branch="false"/>
								<line number="53" hits="13" branch="false"/>
								<line number="54" hits="15" branch="false"/>
							</lines>
						</method>
						<method name="updateUserCache" signature="(Lorg/ekstep/ep/samza/domain/Event;Ljava/lang/String;Lorg/ekstep/ep/samza/task/UserCacheUpdaterSink;)Ljava/util/Map;" line-rate="0.9354838709677419" branch-rate="0.6923076923076923" complexity="0">
							<lines>
								<line number="57" hits="14" branch="false"/>
								<line number="58" hits="14" branch="false"/>
								<line number="59" hits="14" branch="true" condition-coverage="100% (2/2)">
									<conditions>
										<condition number="0" type="jump" coverage="100%"/>
									</conditions>
								</line>
								<line number="60" hits="7" branch="false"/>
								<line number="61" hits="7" branch="true" condition-coverage="75% (3/4)">
									<conditions>
										<condition number="0" type="jump" coverage="100%"/>
										<condition number="1" type="jump" coverage="50%"/>
									</conditions>
								</line>
								<line number="62" hits="3" branch="false"/>
								<line number="64" hits="7" branch="false"/>
								<line number="65" hits="7" branch="false"/>
								<line number="66" hits="7" branch="true" condition-coverage="66% (4/6)">
									<conditions>
										<condition number="0" type="jump" coverage="100%"/>
										<condition number="1" type="jump" coverage="50%"/>
										<condition number="2" type="jump" coverage="50%"/>
									</conditions>
								</line>
								<line number="67" hits="2" branch="true" condition-coverage="50% (1/2)">
									<conditions>
										<condition number="0" type="jump" coverage="50%"/>
									</conditions>
								</line>
								<line number="68" hits="2" branch="false"/>
								<line number="69" hits="2" branch="false"/>
								<line number="70" hits="2" branch="false"/>
								<line number="72" hits="2" branch="true" condition-coverage="50% (1/2)">
									<conditions>
										<condition number="0" type="jump" coverage="50%"/>
									</conditions>
								</line>
								<line number="73" hits="0" branch="false"/>
								<line number="75" hits="2" branch="true" condition-coverage="75% (3/4)">
									<conditions>
										<condition number="0" type="jump" coverage="50%"/>
										<condition number="1" type="jump" coverage="100%"/>
									</conditions>
								</line>
								<line number="76" hits="1" branch="false"/>
								<line number="77" hits="1" branch="false"/>
								<line number="79" hits="1" branch="false"/>
								<line number="80" hits="1" branch="false"/>
								<line number="82" hits="1" branch="true" condition-coverage="50% (1/2)">
									<conditions>
										<condition number="0" type="jump" coverage="50%"/>
									</conditions>
								</line>
								<line number="83" hits="0" branch="false"/>
								<line number="86" hits="7" branch="false"/>
								<line number="87" hits="7" branch="true" condition-coverage="50% (1/2)">
									<conditions>
										<condition number="0" type="jump" coverage="50%"/>
									</conditions>
								</line>
								<line number="88" hits="7" branch="false"/>
								<line number="91" hits="14" branch="true" condition-coverage="100% (2/2)">
									<conditions>
										<condition number="0" type="jump" coverage="100%"/>
									</conditions>
								</line>
								<line number="92" hits="10" branch="false"/>
								<line number="93" hits="10" branch="false"/>
								<line number="94" hits="10" branch="false"/>
								<line number="96" hits="4" branch="false"/>
								<line number="98" hits="14" branch="false"/>
							</lines>
						</method>
					</methods>
					<lines>
						<line number="25" hits="1" branch="false"/>
						<line number="29" hits="15" branch="false"/>
						<line number="30" hits="15" branch="false"/>
						<line number="31" hits="15" branch="false"/>
						<line number="34" hits="15" branch="false"/>
						<line number="35" hits="15" branch="false"/>
						<line number="36" hits="15" branch="false"/>
						<line number="37" hits="15" branch="false"/>
						<line number="38" hits="15" branch="false"/>
						<line number="42" hits="15" branch="false"/>
						<line number="43" hits="13" branch="false"/>
						<line number="44" hits="13" branch="true" condition-coverage="100% (2/2)">
							<conditions>
								<condition number="0" type="jump" coverage="100%"/>
							</conditions>
						</line>
						<line number="45" hits="11" branch="false"/>
						<line number="47" hits="2" branch="false"/>
						<line number="49" hits="2" branch="false"/>
						<line number="50" hits="2" branch="false"/>
						<line number="51" hits="2" branch="false"/>
						<line number="52" hits="2" branch="false"/>
						<line number="53" hits="13" branch="false"/>
						<line number="54" hits="15" branch="false"/>
						<line number="57" hits="14" branch="false"/>
						<line number="58" hits="14" branch="false"/>
						<line number="59" hits="14" branch="true" condition-coverage="100% (2/2)">
							<conditions>
								<condition number="0" type="jump" coverage="100%"/>
							</conditions>
						</line>
						<line number="60" hits="7" branch="false"/>
						<line number="61" hits="7" branch="true" condition-coverage="75% (3/4)">
							<conditions>
								<condition number="0" type="jump" coverage="100%"/>
								<condition number="1" type="jump" coverage="50%"/>
							</conditions>
						</line>
						<line number="62" hits="3" branch="false"/>
						<line number="64" hits="7" branch="false"/>
						<line number="65" hits="7" branch="false"/>
						<line number="66" hits="7" branch="true" condition-coverage="66% (4/6)">
							<conditions>
								<condition number="0" type="jump" coverage="100%"/>
								<condition number="1" type="jump" coverage="50%"/>
								<condition number="2" type="jump" coverage="50%"/>
							</conditions>
						</line>
						<line number="67" hits="2" branch="true" condition-coverage="50% (1/2)">
							<conditions>
								<condition number="0" type="jump" coverage="50%"/>
							</conditions>
						</line>
						<line number="68" hits="2" branch="false"/>
						<line number="69" hits="2" branch="false"/>
						<line number="70" hits="2" branch="false"/>
						<line number="72" hits="2" branch="true" condition-coverage="50% (1/2)">
							<conditions>
								<condition number="0" type="jump" coverage="50%"/>
							</conditions>
						</line>
						<line number="73" hits="0" branch="false"/>
						<line number="75" hits="2" branch="true" condition-coverage="75% (3/4)">
							<conditions>
								<condition number="0" type="jump" coverage="50%"/>
								<condition number="1" type="jump" coverage="100%"/>
							</conditions>
						</line>
						<line number="76" hits="1" branch="false"/>
						<line number="77" hits="1" branch="false"/>
						<line number="79" hits="1" branch="false"/>
						<line number="80" hits="1" branch="false"/>
						<line number="82" hits="1" branch="true" condition-coverage="50% (1/2)">
							<conditions>
								<condition number="0" type="jump" coverage="50%"/>
							</conditions>
						</line>
						<line number="83" hits="0" branch="false"/>
						<line number="86" hits="7" branch="false"/>
						<line number="87" hits="7" branch="true" condition-coverage="50% (1/2)">
							<conditions>
								<condition number="0" type="jump" coverage="50%"/>
							</conditions>
						</line>
						<line number="88" hits="7" branch="false"/>
						<line number="91" hits="14" branch="true" condition-coverage="100% (2/2)">
							<conditions>
								<condition number="0" type="jump" coverage="100%"/>
							</conditions>
						</line>
						<line number="92" hits="10" branch="false"/>
						<line number="93" hits="10" branch="false"/>
						<line number="94" hits="10" branch="false"/>
						<line number="96" hits="4" branch="false"/>
						<line number="98" hits="14" branch="false"/>
						<line number="102" hits="7" branch="false"/>
						<line number="103" hits="7" branch="true" condition-coverage="100% (2/2)">
							<conditions>
								<condition number="0" type="jump" coverage="100%"/>
							</conditions>
						</line>
						<line number="104" hits="7" branch="true" condition-coverage="100% (2/2)">
							<conditions>
								<condition number="0" type="jump" coverage="100%"/>
							</conditions>
						</line>
						<line number="105" hits="6" branch="true" condition-coverage="100% (2/2)">
							<conditions>
								<condition number="0" type="jump" coverage="100%"/>
							</conditions>
						</line>
						<line number="106" hits="3" branch="false"/>
						<line number="107" hits="3" branch="true" condition-coverage="50% (1/2)">
							<conditions>
								<condition number="0" type="jump" coverage="50%"/>
							</conditions>
						</line>
						<line number="108" hits="3" branch="false"/>
						<line number="111" hits="7" branch="false"/>
						<line number="115" hits="7" branch="false"/>
						<line number="116" hits="7" branch="true" condition-coverage="100% (2/2)">
							<conditions>
								<condition number="0" type="jump" coverage="100%"/>
							</conditions>
						</line>
						<line number="117" hits="7" branch="true" condition-coverage="100% (2/2)">
							<conditions>
								<condition number="0" type="jump" coverage="100%"/>
							</conditions>
						</line>
						<line number="118" hits="2" branch="false"/>
						<line number="119" hits="7" branch="false"/>
						<line number="123" hits="2" branch="false"/>
						<line number="124" hits="2" branch="true" condition-coverage="50% (2/4)">
							<conditions>
								<condition number="0" type="jump" coverage="50%"/>
								<condition number="1" type="jump" coverage="50%"/>
							</conditions>
						</line>
						<line number="125" hits="0" branch="false"/>
						<line number="126" hits="0" branch="false"/>
						<line number="127" hits="0" branch="false"/>
						<line number="128" hits="0" branch="true" condition-coverage="0% (0/2)">
							<conditions>
								<condition number="0" type="jump" coverage="0%"/>
							</conditions>
						</line>
						<line number="129" hits="0" branch="false"/>
						<line number="132" hits="2" branch="false"/>
						<line number="136" hits="1" branch="false"/>
						<line number="137" hits="1" branch="true" condition-coverage="50% (2/4)">
							<conditions>
								<condition number="0" type="jump" coverage="50%"/>
								<condition number="1" type="jump" coverage="50%"/>
							</conditions>
						</line>
						<line number="138" hits="0" branch="false"/>
						<line number="139" hits="0" branch="false"/>
						<line number="140" hits="0" branch="false"/>
						<line number="141" hits="0" branch="true" condition-coverage="0% (0/2)">
							<conditions>
								<condition number="0" type="jump" coverage="0%"/>
							</conditions>
						</line>
						<line number="142" hits="0" branch="false"/>
						<line number="143" hits="0" branch="true" condition-coverage="0% (0/2)">
							<conditions>
								<condition number="0" type="jump" coverage="0%"/>
							</conditions>
						</line>
						<line number="144" hits="0" branch="false"/>
						<line number="146" hits="0" branch="false"/>
						<line number="148" hits="1" branch="false"/>
					</lines>
				</class>
				<class name="org.ekstep.ep.samza.service.UserCacheUpdaterService$1" filename="org/ekstep/ep/samza/service/UserCacheUpdaterService.java" line-rate="1.0" branch-rate="1.0" complexity="0.0">
					<methods>
						<method name="&lt;init&gt;" signature="(Lorg/ekstep/ep/samza/service/UserCacheUpdaterService;)V" line-rate="1.0" branch-rate="1.0" complexity="0">
							<lines>
								<line number="30" hits="15" branch="false"/>
							</lines>
						</method>
					</methods>
					<lines>
						<line number="30" hits="15" branch="false"/>
					</lines>
				</class>
			</classes>
		</package>
		<package name="org.ekstep.ep.samza.task" line-rate="0.9310344827586207" branch-rate="0.5" complexity="1.0833333333333333">
			<classes>
				<class name="org.ekstep.ep.samza.task.UserCacheUpdaterConfig" filename="org/ekstep/ep/samza/task/UserCacheUpdaterConfig.java" line-rate="1.0" branch-rate="1.0" complexity="1.0">
					<methods>
						<method name="&lt;init&gt;" signature="(Lorg/apache/samza/config/Config;)V" line-rate="1.0" branch-rate="1.0" complexity="0">
							<lines>
								<line number="10" hits="15" branch="false"/>
								<line number="23" hits="15" branch="false"/>
								<line number="24" hits="15" branch="false"/>
								<line number="25" hits="15" branch="false"/>
								<line number="26" hits="15" branch="false"/>
								<line number="27" hits="15" branch="false"/>
								<line number="28" hits="15" branch="false"/>
								<line number="29" hits="15" branch="false"/>
								<line number="30" hits="15" branch="false"/>
								<line number="31" hits="15" branch="false"/>
								<line number="32" hits="15" branch="false"/>
								<line number="33" hits="15" branch="false"/>
								<line number="34" hits="15" branch="false"/>
							</lines>
						</method>
						<method name="cassandra_db" signature="()Ljava/lang/String;" line-rate="1.0" branch-rate="1.0" complexity="0">
							<lines>
								<line number="48" hits="3" branch="false"/>
							</lines>
						</method>
						<method name="cassandra_location_table" signature="()Ljava/lang/String;" line-rate="1.0" branch-rate="1.0" complexity="0">
							<lines>
								<line number="52" hits="1" branch="false"/>
							</lines>
						</method>
						<method name="cassandra_user_table" signature="()Ljava/lang/String;" line-rate="1.0" branch-rate="1.0" complexity="0">
							<lines>
								<line number="50" hits="2" branch="false"/>
							</lines>
						</method>
						<method name="getUserLoginInTypeDefault" signature="()Ljava/lang/String;" line-rate="1.0" branch-rate="1.0" complexity="0">
							<lines>
								<line number="38" hits="12" branch="false"/>
							</lines>
						</method>
						<method name="getUserSelfSignedInTypeList" signature="()Ljava/util/List;" line-rate="1.0" branch-rate="1.0" complexity="0">
							<lines>
								<line number="44" hits="6" branch="false"/>
							</lines>
						</method>
						<method name="getUserSelfSignedKey" signature="()Ljava/lang/String;" line-rate="1.0" branch-rate="1.0" complexity="0">
							<lines>
								<line number="40" hits="3" branch="false"/>
							</lines>
						</method>
						<method name="getUserSignInTypeDefault" signature="()Ljava/lang/String;" line-rate="1.0" branch-rate="1.0" complexity="0">
							<lines>
								<line number="36" hits="8" branch="false"/>
							</lines>
						</method>
						<method name="getUserValidatedKey" signature="()Ljava/lang/String;" line-rate="1.0" branch-rate="1.0" complexity="0">
							<lines>
								<line number="42" hits="3" branch="false"/>
							</lines>
						</method>
						<method name="getUserValidatedTypeList" signature="()Ljava/util/List;" line-rate="1.0" branch-rate="1.0" complexity="0">
							<lines>
								<line number="46" hits="3" branch="false"/>
							</lines>
						</method>
						<method name="jobName" signature="()Ljava/lang/String;" line-rate="1.0" branch-rate="1.0" complexity="0">
							<lines>
								<line number="54" hits="4" branch="false"/>
							</lines>
						</method>
						<method name="userStoreDb" signature="()I" line-rate="1.0" branch-rate="1.0" complexity="0">
							<lines>
								<line number="56" hits="15" branch="false"/>
							</lines>
						</method>
					</methods>
					<lines>
						<line number="10" hits="15" branch="false"/>
						<line number="23" hits="15" branch="false"/>
						<line number="24" hits="15" branch="false"/>
						<line number="25" hits="15" branch="false"/>
						<line number="26" hits="15" branch="false"/>
						<line number="27" hits="15" branch="false"/>
						<line number="28" hits="15" branch="false"/>
						<line number="29" hits="15" branch="false"/>
						<line number="30" hits="15" branch="false"/>
						<line number="31" hits="15" branch="false"/>
						<line number="32" hits="15" branch="false"/>
						<line number="33" hits="15" branch="false"/>
						<line number="34" hits="15" branch="false"/>
						<line number="36" hits="8" branch="false"/>
						<line number="38" hits="12" branch="false"/>
						<line number="40" hits="3" branch="false"/>
						<line number="42" hits="3" branch="false"/>
						<line number="44" hits="6" branch="false"/>
						<line number="46" hits="3" branch="false"/>
						<line number="48" hits="3" branch="false"/>
						<line number="50" hits="2" branch="false"/>
						<line number="52" hits="1" branch="false"/>
						<line number="54" hits="4" branch="false"/>
						<line number="56" hits="15" branch="false"/>
					</lines>
				</class>
				<class name="org.ekstep.ep.samza.task.UserCacheUpdaterSink" filename="org/ekstep/ep/samza/task/UserCacheUpdaterSink.java" line-rate="1.0" branch-rate="1.0" complexity="1.0">
					<methods>
						<method name="&lt;init&gt;" signature="(Lorg/apache/samza/task/MessageCollector;Lorg/ekstep/ep/samza/core/JobMetrics;)V" line-rate="1.0" branch-rate="1.0" complexity="0">
							<lines>
								<line number="10" hits="4" branch="false"/>
								<line number="11" hits="4" branch="false"/>
							</lines>
						</method>
						<method name="error" signature="()V" line-rate="1.0" branch-rate="1.0" complexity="0">
							<lines>
								<line number="18" hits="1" branch="false"/>
								<line number="19" hits="1" branch="false"/>
							</lines>
						</method>
						<method name="markSkipped" signature="()V" line-rate="1.0" branch-rate="1.0" complexity="0">
							<lines>
								<line number="21" hits="2" branch="false"/>
							</lines>
						</method>
						<method name="success" signature="()V" line-rate="1.0" branch-rate="1.0" complexity="0">
							<lines>
								<line number="14" hits="1" branch="false"/>
								<line number="15" hits="1" branch="false"/>
							</lines>
						</method>
					</methods>
					<lines>
						<line number="10" hits="4" branch="false"/>
						<line number="11" hits="4" branch="false"/>
						<line number="14" hits="1" branch="false"/>
						<line number="15" hits="1" branch="false"/>
						<line number="18" hits="1" branch="false"/>
						<line number="19" hits="1" branch="false"/>
						<line number="21" hits="2" branch="false"/>
					</lines>
				</class>
				<class name="org.ekstep.ep.samza.task.UserCacheUpdaterSource" filename="org/ekstep/ep/samza/task/UserCacheUpdaterSource.java" line-rate="1.0" branch-rate="1.0" complexity="1.0">
					<methods>
						<method name="&lt;init&gt;" signature="(Lorg/apache/samza/system/IncomingMessageEnvelope;)V" line-rate="1.0" branch-rate="1.0" complexity="0">
							<lines>
								<line number="13" hits="15" branch="false"/>
								<line number="14" hits="15" branch="false"/>
								<line number="15" hits="15" branch="false"/>
							</lines>
						</method>
						<method name="getEvent" signature="()Lorg/ekstep/ep/samza/domain/Event;" line-rate="1.0" branch-rate="1.0" complexity="0">
							<lines>
								<line number="18" hits="18" branch="false"/>
								<line number="20" hits="18" branch="false"/>
								<line number="21" hits="16" branch="false"/>
							</lines>
						</method>
						<method name="getMessage" signature="()Ljava/lang/String;" line-rate="1.0" branch-rate="1.0" complexity="0">
							<lines>
								<line number="25" hits="2" branch="false"/>
							</lines>
						</method>
					</methods>
					<lines>
						<line number="13" hits="15" branch="false"/>
						<line number="14" hits="15" branch="false"/>
						<line number="15" hits="15" branch="false"/>
						<line number="18" hits="18" branch="false"/>
						<line number="20" hits="18" branch="false"/>
						<line number="21" hits="16" branch="false"/>
						<line number="25" hits="2" branch="false"/>
					</lines>
				</class>
				<class name="org.ekstep.ep.samza.task.UserCacheUpdaterTask" filename="org/ekstep/ep/samza/task/UserCacheUpdaterTask.java" line-rate="0.8" branch-rate="0.5" complexity="1.4">
					<methods>
						<method name="&lt;init&gt;" signature="()V" line-rate="0.0" branch-rate="1.0" complexity="0">
							<lines>
								<line number="26" hits="0" branch="false"/>
								<line number="27" hits="0" branch="false"/>
							</lines>
						</method>
						<method name="&lt;init&gt;" signature="(Lorg/apache/samza/config/Config;Lorg/apache/samza/task/TaskContext;Lorg/ekstep/ep/samza/util/CassandraConnect;Lorg/ekstep/ep/samza/util/RedisConnect;)V" line-rate="1.0" branch-rate="1.0" complexity="0">
							<lines>
								<line number="22" hits="4" branch="false"/>
								<line number="23" hits="4" branch="false"/>
								<line number="24" hits="4" branch="false"/>
							</lines>
						</method>
						<method name="init" signature="(Lorg/apache/samza/config/Config;Lorg/apache/samza/task/TaskContext;)V" line-rate="0.0" branch-rate="1.0" complexity="0">
							<lines>
								<line number="31" hits="0" branch="false"/>
								<line number="32" hits="0" branch="false"/>
							</lines>
						</method>
						<method name="init" signature="(Lorg/apache/samza/config/Config;Lorg/apache/samza/task/TaskContext;Lorg/ekstep/ep/samza/util/CassandraConnect;Lorg/ekstep/ep/samza/util/RedisConnect;)V" line-rate="1.0" branch-rate="0.5" complexity="0">
							<lines>
								<line number="35" hits="4" branch="false"/>
								<line number="36" hits="4" branch="false"/>
								<line number="37" hits="4" branch="false"/>
								<line number="38" hits="4" branch="true" condition-coverage="50% (1/2)">
									<conditions>
										<condition number="0" type="jump" coverage="50%"/>
									</conditions>
								</line>
								<line number="39" hits="4" branch="true" condition-coverage="50% (1/2)">
									<conditions>
										<condition number="0" type="jump" coverage="50%"/>
									</conditions>
								</line>
								<line number="40" hits="4" branch="false"/>
								<line number="41" hits="4" branch="false"/>
								<line number="42" hits="4" branch="false"/>
							</lines>
						</method>
						<method name="initTask" signature="(Lorg/apache/samza/config/Config;Lorg/ekstep/ep/samza/core/JobMetrics;)V" line-rate="1.0" branch-rate="1.0" complexity="0">
							<lines>
								<line number="16" hits="4" branch="false"/>
							</lines>
						</method>
						<method name="process" signature="(Lorg/apache/samza/system/IncomingMessageEnvelope;Lorg/apache/samza/task/MessageCollector;Lorg/apache/samza/task/TaskCoordinator;)V" line-rate="1.0" branch-rate="1.0" complexity="0">
							<lines>
								<line number="48" hits="4" branch="false"/>
								<line number="49" hits="4" branch="false"/>
								<line number="50" hits="4" branch="false"/>
								<line number="51" hits="4" branch="false"/>
							</lines>
						</method>
						<method name="window" signature="(Lorg/apache/samza/task/MessageCollector;Lorg/apache/samza/task/TaskCoordinator;)V" line-rate="1.0" branch-rate="1.0" complexity="0">
							<lines>
							</lines>
						</method>
					</methods>
					<lines>
						<line number="16" hits="4" branch="false"/>
						<line number="22" hits="4" branch="false"/>
						<line number="23" hits="4" branch="false"/>
						<line number="24" hits="4" branch="false"/>
						<line number="26" hits="0" branch="false"/>
						<line number="27" hits="0" branch="false"/>
						<line number="31" hits="0" branch="false"/>
						<line number="32" hits="0" branch="false"/>
						<line number="35" hits="4" branch="false"/>
						<line number="36" hits="4" branch="false"/>
						<line number="37" hits="4" branch="false"/>
						<line number="38" hits="4" branch="true" condition-coverage="50% (1/2)">
							<conditions>
								<condition number="0" type="jump" coverage="50%"/>
							</conditions>
						</line>
						<line number="39" hits="4" branch="true" condition-coverage="50% (1/2)">
							<conditions>
								<condition number="0" type="jump" coverage="50%"/>
							</conditions>
						</line>
						<line number="40" hits="4" branch="false"/>
						<line number="41" hits="4" branch="false"/>
						<line number="42" hits="4" branch="false"/>
						<line number="48" hits="4" branch="false"/>
						<line number="49" hits="4" branch="false"/>
						<line number="50" hits="4" branch="false"/>
						<line number="51" hits="4" branch="false"/>
					</lines>
				</class>
			</classes>
		</package>
	</packages>
</coverage>
