<?xml version="1.0"?>
<!DOCTYPE coverage SYSTEM "http://cobertura.sourceforge.net/xml/coverage-04.dtd">

<coverage line-rate="0.954954954954955" branch-rate="1.0" lines-covered="106" lines-valid="111" branches-covered="8" branches-valid="8" complexity="1.2666666666666666" version="2.1.1" timestamp="1588867595598">
	<sources>
		<source>/var/lib/jenkins/workspace/Build/DataPipeline/DataPipeline/data-pipeline/telemetry-router/src/main/java</source>
		<source>--source</source>
	</sources>
	<packages>
		<package name="org.ekstep.ep.samza.domain" line-rate="0.8571428571428571" branch-rate="1.0" complexity="1.75">
			<classes>
				<class name="org.ekstep.ep.samza.domain.Event" filename="org/ekstep/ep/samza/domain/Event.java" line-rate="0.8571428571428571" branch-rate="1.0" complexity="1.75">
					<methods>
						<method name="&lt;init&gt;" signature="(Ljava/util/Map;)V" line-rate="1.0" branch-rate="1.0" complexity="0">
							<lines>
								<line number="16" hits="11" branch="false"/>
								<line number="17" hits="11" branch="false"/>
							</lines>
						</method>
						<method name="markFailure" signature="(Ljava/lang/String;Lorg/ekstep/ep/samza/task/TelemetryRouterConfig;)V" line-rate="1.0" branch-rate="1.0" complexity="0">
							<lines>
								<line number="20" hits="1" branch="false"/>
								<line number="21" hits="1" branch="false"/>
								<line number="23" hits="1" branch="false"/>
								<line number="24" hits="1" branch="false"/>
								<line number="25" hits="1" branch="false"/>
								<line number="26" hits="1" branch="false"/>
							</lines>
						</method>
						<method name="safelyParse" signature="(Ljava/lang/String;)Ljava/lang/Double;" line-rate="0.4" branch-rate="1.0" complexity="0">
							<lines>
								<line number="42" hits="5" branch="false"/>
								<line number="43" hits="5" branch="false"/>
								<line number="44" hits="0" branch="false"/>
								<line number="45" hits="0" branch="false"/>
								<line number="46" hits="0" branch="false"/>
							</lines>
						</method>
						<method name="setTimestamp" signature="()V" line-rate="1.0" branch-rate="1.0" complexity="0">
							<lines>
								<line number="29" hits="5" branch="false"/>
								<line number="30" hits="5" branch="false"/>
								<line number="32" hits="5" branch="true" condition-coverage="100% (2/2)">
									<conditions>
										<condition number="0" type="jump" coverage="100%"/>
									</conditions>
								</line>
								<line number="33" hits="4" branch="false"/>
								<line number="34" hits="4" branch="false"/>
								<line number="35" hits="4" branch="false"/>
								<line number="36" hits="1" branch="false"/>
								<line number="38" hits="5" branch="false"/>
							</lines>
						</method>
					</methods>
					<lines>
						<line number="16" hits="11" branch="false"/>
						<line number="17" hits="11" branch="false"/>
						<line number="20" hits="1" branch="false"/>
						<line number="21" hits="1" branch="false"/>
						<line number="23" hits="1" branch="false"/>
						<line number="24" hits="1" branch="false"/>
						<line number="25" hits="1" branch="false"/>
						<line number="26" hits="1" branch="false"/>
						<line number="29" hits="5" branch="false"/>
						<line number="30" hits="5" branch="false"/>
						<line number="32" hits="5" branch="true" condition-coverage="100% (2/2)">
							<conditions>
								<condition number="0" type="jump" coverage="100%"/>
							</conditions>
						</line>
						<line number="33" hits="4" branch="false"/>
						<line number="34" hits="4" branch="false"/>
						<line number="35" hits="4" branch="false"/>
						<line number="36" hits="1" branch="false"/>
						<line number="38" hits="5" branch="false"/>
						<line number="42" hits="5" branch="false"/>
						<line number="43" hits="5" branch="false"/>
						<line number="44" hits="0" branch="false"/>
						<line number="45" hits="0" branch="false"/>
						<line number="46" hits="0" branch="false"/>
					</lines>
				</class>
			</classes>
		</package>
		<package name="org.ekstep.ep.samza.service" line-rate="1.0" branch-rate="1.0" complexity="3.5">
			<classes>
				<class name="org.ekstep.ep.samza.service.TelemetryRouterService" filename="org/ekstep/ep/samza/service/TelemetryRouterService.java" line-rate="1.0" branch-rate="1.0" complexity="3.5">
					<methods>
						<method name="&lt;clinit&gt;" signature="()V" line-rate="1.0" branch-rate="1.0" complexity="0">
							<lines>
								<line number="16" hits="1" branch="false"/>
							</lines>
						</method>
						<method name="&lt;init&gt;" signature="(Lorg/ekstep/ep/samza/task/TelemetryRouterConfig;)V" line-rate="1.0" branch-rate="1.0" complexity="0">
							<lines>
								<line number="19" hits="11" branch="false"/>
								<line number="20" hits="11" branch="false"/>
								<line number="21" hits="11" branch="false"/>
							</lines>
						</method>
						<method name="process" signature="(Lorg/ekstep/ep/samza/task/TelemetryRouterSource;Lorg/ekstep/ep/samza/task/TelemetryRouterSink;)V" line-rate="1.0" branch-rate="1.0" complexity="0">
							<lines>
								<line number="24" hits="11" branch="false"/>
								<line number="26" hits="11" branch="false"/>
								<line number="27" hits="9" branch="false"/>
								<line number="28" hits="9" branch="false"/>
								<line number="29" hits="8" branch="true" condition-coverage="100% (2/2)">
									<conditions>
										<condition number="0" type="jump" coverage="100%"/>
									</conditions>
								</line>
								<line number="30" hits="2" branch="false"/>
								<line number="32" hits="6" branch="true" condition-coverage="100% (2/2)">
									<conditions>
										<condition number="0" type="jump" coverage="100%"/>
									</conditions>
								</line>
								<line number="33" hits="1" branch="false"/>
								<line number="35" hits="5" branch="false"/>
								<line number="38" hits="8" branch="true" condition-coverage="100% (2/2)">
									<conditions>
										<condition number="0" type="jump" coverage="100%"/>
									</conditions>
								</line>
								<line number="39" hits="1" branch="false"/>
								<line number="41" hits="2" branch="false"/>
								<line number="42" hits="2" branch="false"/>
								<line number="43" hits="2" branch="false"/>
								<line number="44" hits="1" branch="false"/>
								<line number="45" hits="2" branch="false"/>
								<line number="46" hits="1" branch="false"/>
								<line number="49" hits="1" branch="false"/>
								<line number="50" hits="10" branch="false"/>
								<line number="51" hits="11" branch="false"/>
							</lines>
						</method>
					</methods>
					<lines>
						<line number="16" hits="1" branch="false"/>
						<line number="19" hits="11" branch="false"/>
						<line number="20" hits="11" branch="false"/>
						<line number="21" hits="11" branch="false"/>
						<line number="24" hits="11" branch="false"/>
						<line number="26" hits="11" branch="false"/>
						<line number="27" hits="9" branch="false"/>
						<line number="28" hits="9" branch="false"/>
						<line number="29" hits="8" branch="true" condition-coverage="100% (2/2)">
							<conditions>
								<condition number="0" type="jump" coverage="100%"/>
							</conditions>
						</line>
						<line number="30" hits="2" branch="false"/>
						<line number="32" hits="6" branch="true" condition-coverage="100% (2/2)">
							<conditions>
								<condition number="0" type="jump" coverage="100%"/>
							</conditions>
						</line>
						<line number="33" hits="1" branch="false"/>
						<line number="35" hits="5" branch="false"/>
						<line number="38" hits="8" branch="true" condition-coverage="100% (2/2)">
							<conditions>
								<condition number="0" type="jump" coverage="100%"/>
							</conditions>
						</line>
						<line number="39" hits="1" branch="false"/>
						<line number="41" hits="2" branch="false"/>
						<line number="42" hits="2" branch="false"/>
						<line number="43" hits="2" branch="false"/>
						<line number="44" hits="1" branch="false"/>
						<line number="45" hits="2" branch="false"/>
						<line number="46" hits="1" branch="false"/>
						<line number="49" hits="1" branch="false"/>
						<line number="50" hits="10" branch="false"/>
						<line number="51" hits="11" branch="false"/>
					</lines>
				</class>
			</classes>
		</package>
		<package name="org.ekstep.ep.samza.task" line-rate="0.9696969696969697" branch-rate="1.0" complexity="1.0">
			<classes>
				<class name="org.ekstep.ep.samza.task.TelemetryRouterConfig" filename="org/ekstep/ep/samza/task/TelemetryRouterConfig.java" line-rate="1.0" branch-rate="1.0" complexity="1.0">
					<methods>
						<method name="&lt;init&gt;" signature="(Lorg/apache/samza/config/Config;)V" line-rate="1.0" branch-rate="1.0" complexity="0">
							<lines>
								<line number="11" hits="11" branch="false"/>
								<line number="21" hits="11" branch="false"/>
								<line number="22" hits="11" branch="false"/>
								<line number="23" hits="11" branch="false"/>
								<line number="24" hits="11" branch="false"/>
								<line number="25" hits="11" branch="false"/>
								<line number="26" hits="11" branch="false"/>
								<line number="27" hits="11" branch="false"/>
								<line number="28" hits="11" branch="false"/>
								<line number="30" hits="11" branch="false"/>
							</lines>
						</method>
						<method name="failedTopic" signature="()Ljava/lang/String;" line-rate="1.0" branch-rate="1.0" complexity="0">
							<lines>
								<line number="57" hits="1" branch="false"/>
							</lines>
						</method>
						<method name="getAuditRouteTopic" signature="()Ljava/lang/String;" line-rate="1.0" branch-rate="1.0" complexity="0">
							<lines>
								<line number="48" hits="1" branch="false"/>
							</lines>
						</method>
						<method name="getPrimaryRouteTopic" signature="()Ljava/lang/String;" line-rate="1.0" branch-rate="1.0" complexity="0">
							<lines>
								<line number="33" hits="5" branch="false"/>
							</lines>
						</method>
						<method name="getSecondaryRouteEvents" signature="()Ljava/util/List;" line-rate="1.0" branch-rate="1.0" complexity="0">
							<lines>
								<line number="43" hits="9" branch="false"/>
								<line number="44" hits="8" branch="false"/>
							</lines>
						</method>
						<method name="getSecondaryRouteTopic" signature="()Ljava/lang/String;" line-rate="1.0" branch-rate="1.0" complexity="0">
							<lines>
								<line number="38" hits="2" branch="false"/>
							</lines>
						</method>
						<method name="getShareEventRouterTopic" signature="()Ljava/lang/String;" line-rate="1.0" branch-rate="1.0" complexity="0">
							<lines>
								<line number="52" hits="1" branch="false"/>
							</lines>
						</method>
						<method name="jobName" signature="()Ljava/lang/String;" line-rate="1.0" branch-rate="1.0" complexity="0">
							<lines>
								<line number="65" hits="12" branch="false"/>
							</lines>
						</method>
						<method name="malformedTopic" signature="()Ljava/lang/String;" line-rate="1.0" branch-rate="1.0" complexity="0">
							<lines>
								<line number="61" hits="2" branch="false"/>
							</lines>
						</method>
					</methods>
					<lines>
						<line number="11" hits="11" branch="false"/>
						<line number="21" hits="11" branch="false"/>
						<line number="22" hits="11" branch="false"/>
						<line number="23" hits="11" branch="false"/>
						<line number="24" hits="11" branch="false"/>
						<line number="25" hits="11" branch="false"/>
						<line number="26" hits="11" branch="false"/>
						<line number="27" hits="11" branch="false"/>
						<line number="28" hits="11" branch="false"/>
						<line number="30" hits="11" branch="false"/>
						<line number="33" hits="5" branch="false"/>
						<line number="38" hits="2" branch="false"/>
						<line number="43" hits="9" branch="false"/>
						<line number="44" hits="8" branch="false"/>
						<line number="48" hits="1" branch="false"/>
						<line number="52" hits="1" branch="false"/>
						<line number="57" hits="1" branch="false"/>
						<line number="61" hits="2" branch="false"/>
						<line number="65" hits="12" branch="false"/>
					</lines>
				</class>
				<class name="org.ekstep.ep.samza.task.TelemetryRouterSink" filename="org/ekstep/ep/samza/task/TelemetryRouterSink.java" line-rate="1.0" branch-rate="1.0" complexity="1.0">
					<methods>
						<method name="&lt;init&gt;" signature="(Lorg/apache/samza/task/MessageCollector;Lorg/ekstep/ep/samza/core/JobMetrics;Lorg/ekstep/ep/samza/task/TelemetryRouterConfig;)V" line-rate="1.0" branch-rate="1.0" complexity="0">
							<lines>
								<line number="13" hits="11" branch="false"/>
								<line number="14" hits="11" branch="false"/>
								<line number="15" hits="11" branch="false"/>
							</lines>
						</method>
						<method name="toAuditRoute" signature="(Lorg/ekstep/ep/samza/domain/Event;)V" line-rate="1.0" branch-rate="1.0" complexity="0">
							<lines>
								<line number="40" hits="1" branch="false"/>
								<line number="41" hits="1" branch="false"/>
								<line number="42" hits="1" branch="false"/>
							</lines>
						</method>
						<method name="toErrorTopic" signature="(Lorg/ekstep/ep/samza/domain/Event;Ljava/lang/String;)V" line-rate="1.0" branch-rate="1.0" complexity="0">
							<lines>
								<line number="24" hits="1" branch="false"/>
								<line number="25" hits="1" branch="false"/>
								<line number="26" hits="1" branch="false"/>
								<line number="27" hits="1" branch="false"/>
							</lines>
						</method>
						<method name="toMalformedTopic" signature="(Ljava/lang/String;)V" line-rate="1.0" branch-rate="1.0" complexity="0">
							<lines>
								<line number="30" hits="2" branch="false"/>
								<line number="31" hits="2" branch="false"/>
								<line number="32" hits="2" branch="false"/>
							</lines>
						</method>
						<method name="toPrimaryRoute" signature="(Lorg/ekstep/ep/samza/domain/Event;)V" line-rate="1.0" branch-rate="1.0" complexity="0">
							<lines>
								<line number="18" hits="5" branch="false"/>
								<line number="19" hits="5" branch="false"/>
								<line number="20" hits="5" branch="false"/>
								<line number="21" hits="5" branch="false"/>
							</lines>
						</method>
						<method name="toSecondaryRoute" signature="(Lorg/ekstep/ep/samza/domain/Event;)V" line-rate="1.0" branch-rate="1.0" complexity="0">
							<lines>
								<line number="35" hits="2" branch="false"/>
								<line number="36" hits="2" branch="false"/>
								<line number="37" hits="2" branch="false"/>
							</lines>
						</method>
						<method name="toShareEventRouter" signature="(Lorg/ekstep/ep/samza/domain/Event;)V" line-rate="1.0" branch-rate="1.0" complexity="0">
							<lines>
								<line number="45" hits="1" branch="false"/>
								<line number="46" hits="1" branch="false"/>
								<line number="47" hits="1" branch="false"/>
							</lines>
						</method>
					</methods>
					<lines>
						<line number="13" hits="11" branch="false"/>
						<line number="14" hits="11" branch="false"/>
						<line number="15" hits="11" branch="false"/>
						<line number="18" hits="5" branch="false"/>
						<line number="19" hits="5" branch="false"/>
						<line number="20" hits="5" branch="false"/>
						<line number="21" hits="5" branch="false"/>
						<line number="24" hits="1" branch="false"/>
						<line number="25" hits="1" branch="false"/>
						<line number="26" hits="1" branch="false"/>
						<line number="27" hits="1" branch="false"/>
						<line number="30" hits="2" branch="false"/>
						<line number="31" hits="2" branch="false"/>
						<line number="32" hits="2" branch="false"/>
						<line number="35" hits="2" branch="false"/>
						<line number="36" hits="2" branch="false"/>
						<line number="37" hits="2" branch="false"/>
						<line number="40" hits="1" branch="false"/>
						<line number="41" hits="1" branch="false"/>
						<line number="42" hits="1" branch="false"/>
						<line number="45" hits="1" branch="false"/>
						<line number="46" hits="1" branch="false"/>
						<line number="47" hits="1" branch="false"/>
					</lines>
				</class>
				<class name="org.ekstep.ep.samza.task.TelemetryRouterSource" filename="org/ekstep/ep/samza/task/TelemetryRouterSource.java" line-rate="1.0" branch-rate="1.0" complexity="1.0">
					<methods>
						<method name="&lt;clinit&gt;" signature="()V" line-rate="1.0" branch-rate="1.0" complexity="0">
							<lines>
								<line number="13" hits="1" branch="false"/>
							</lines>
						</method>
						<method name="&lt;init&gt;" signature="(Lorg/apache/samza/system/IncomingMessageEnvelope;)V" line-rate="1.0" branch-rate="1.0" complexity="0">
							<lines>
								<line number="17" hits="11" branch="false"/>
								<line number="18" hits="11" branch="false"/>
								<line number="19" hits="11" branch="false"/>
							</lines>
						</method>
						<method name="getEvent" signature="()Lorg/ekstep/ep/samza/domain/Event;" line-rate="1.0" branch-rate="1.0" complexity="0">
							<lines>
								<line number="22" hits="11" branch="false"/>
							</lines>
						</method>
						<method name="getMap" signature="()Ljava/util/Map;" line-rate="1.0" branch-rate="1.0" complexity="0">
							<lines>
								<line number="27" hits="11" branch="false"/>
								<line number="28" hits="11" branch="false"/>
							</lines>
						</method>
						<method name="getMessage" signature="()Ljava/lang/String;" line-rate="1.0" branch-rate="1.0" complexity="0">
							<lines>
								<line number="32" hits="4" branch="false"/>
							</lines>
						</method>
					</methods>
					<lines>
						<line number="13" hits="1" branch="false"/>
						<line number="17" hits="11" branch="false"/>
						<line number="18" hits="11" branch="false"/>
						<line number="19" hits="11" branch="false"/>
						<line number="22" hits="11" branch="false"/>
						<line number="27" hits="11" branch="false"/>
						<line number="28" hits="11" branch="false"/>
						<line number="32" hits="4" branch="false"/>
					</lines>
				</class>
				<class name="org.ekstep.ep.samza.task.TelemetryRouterTask" filename="org/ekstep/ep/samza/task/TelemetryRouterTask.java" line-rate="0.875" branch-rate="1.0" complexity="1.0">
					<methods>
						<method name="&lt;clinit&gt;" signature="()V" line-rate="1.0" branch-rate="1.0" complexity="0">
							<lines>
								<line number="33" hits="1" branch="false"/>
							</lines>
						</method>
						<method name="&lt;init&gt;" signature="()V" line-rate="0.0" branch-rate="1.0" complexity="0">
							<lines>
								<line number="42" hits="0" branch="false"/>
								<line number="44" hits="0" branch="false"/>
							</lines>
						</method>
						<method name="&lt;init&gt;" signature="(Lorg/apache/samza/config/Config;Lorg/apache/samza/task/TaskContext;)V" line-rate="1.0" branch-rate="1.0" complexity="0">
							<lines>
								<line number="38" hits="11" branch="false"/>
								<line number="39" hits="11" branch="false"/>
								<line number="40" hits="11" branch="false"/>
							</lines>
						</method>
						<method name="init" signature="(Lorg/apache/samza/config/Config;Lorg/apache/samza/task/TaskContext;)V" line-rate="1.0" branch-rate="1.0" complexity="0">
							<lines>
								<line number="49" hits="11" branch="false"/>
								<line number="50" hits="11" branch="false"/>
								<line number="51" hits="11" branch="false"/>
								<line number="52" hits="11" branch="false"/>
								<line number="53" hits="11" branch="false"/>
							</lines>
						</method>
						<method name="initTask" signature="(Lorg/apache/samza/config/Config;Lorg/ekstep/ep/samza/core/JobMetrics;)V" line-rate="1.0" branch-rate="1.0" complexity="0">
							<lines>
								<line number="31" hits="11" branch="false"/>
							</lines>
						</method>
						<method name="process" signature="(Lorg/apache/samza/system/IncomingMessageEnvelope;Lorg/apache/samza/task/MessageCollector;Lorg/apache/samza/task/TaskCoordinator;)V" line-rate="1.0" branch-rate="1.0" complexity="0">
							<lines>
								<line number="59" hits="11" branch="false"/>
								<line number="60" hits="11" branch="false"/>
								<line number="61" hits="11" branch="false"/>
								<line number="62" hits="11" branch="false"/>
							</lines>
						</method>
						<method name="window" signature="(Lorg/apache/samza/task/MessageCollector;Lorg/apache/samza/task/TaskCoordinator;)V" line-rate="1.0" branch-rate="1.0" complexity="0">
							<lines>
							</lines>
						</method>
					</methods>
					<lines>
						<line number="31" hits="11" branch="false"/>
						<line number="33" hits="1" branch="false"/>
						<line number="38" hits="11" branch="false"/>
						<line number="39" hits="11" branch="false"/>
						<line number="40" hits="11" branch="false"/>
						<line number="42" hits="0" branch="false"/>
						<line number="44" hits="0" branch="false"/>
						<line number="49" hits="11" branch="false"/>
						<line number="50" hits="11" branch="false"/>
						<line number="51" hits="11" branch="false"/>
						<line number="52" hits="11" branch="false"/>
						<line number="53" hits="11" branch="false"/>
						<line number="59" hits="11" branch="false"/>
						<line number="60" hits="11" branch="false"/>
						<line number="61" hits="11" branch="false"/>
						<line number="62" hits="11" branch="false"/>
					</lines>
				</class>
			</classes>
		</package>
	</packages>
</coverage>
