<?xml version="1.0"?>
<!DOCTYPE coverage SYSTEM "http://cobertura.sourceforge.net/xml/coverage-04.dtd">

<coverage line-rate="0.9005847953216374" branch-rate="0.74" lines-covered="154" lines-valid="171" branches-covered="37" branches-valid="50" complexity="1.7692307692307692" version="2.1.1" timestamp="1588867560829">
	<sources>
		<source>--source</source>
		<source>/var/lib/jenkins/workspace/Build/DataPipeline/DataPipeline/data-pipeline/telemetry-validator/src/main/java</source>
	</sources>
	<packages>
		<package name="org.ekstep.ep.samza.domain" line-rate="0.92" branch-rate="0.55" complexity="2.1">
			<classes>
				<class name="org.ekstep.ep.samza.domain.Event" filename="org/ekstep/ep/samza/domain/Event.java" line-rate="0.92" branch-rate="0.55" complexity="2.1">
					<methods>
						<method name="&lt;init&gt;" signature="(Ljava/util/Map;)V" line-rate="1.0" branch-rate="1.0" complexity="0">
							<lines>
								<line number="16" hits="15" branch="false"/>
								<line number="19" hits="15" branch="false"/>
								<line number="20" hits="15" branch="false"/>
							</lines>
						</method>
						<method name="actorId" signature="()Ljava/lang/String;" line-rate="1.0" branch-rate="1.0" complexity="0">
							<lines>
								<line number="95" hits="13" branch="false"/>
								<line number="96" hits="13" branch="false"/>
							</lines>
						</method>
						<method name="correctDialCodeKey" signature="()V" line-rate="1.0" branch-rate="0.5" complexity="0">
							<lines>
								<line number="59" hits="1" branch="false"/>
								<line number="60" hits="1" branch="true" condition-coverage="50% (2/4)">
									<conditions>
										<condition number="0" type="jump" coverage="50%"/>
										<condition number="1" type="jump" coverage="50%"/>
									</conditions>
								</line>
								<line number="61" hits="1" branch="false"/>
								<line number="62" hits="1" branch="false"/>
								<line number="64" hits="1" branch="false"/>
							</lines>
						</method>
						<method name="correctDialCodeValue" signature="()V" line-rate="1.0" branch-rate="1.0" complexity="0">
							<lines>
								<line number="67" hits="2" branch="false"/>
								<line number="68" hits="2" branch="false"/>
								<line number="69" hits="2" branch="false"/>
							</lines>
						</method>
						<method name="markFailure" signature="(Ljava/lang/String;Lorg/ekstep/ep/samza/task/TelemetryValidatorConfig;)V" line-rate="1.0" branch-rate="0.5" complexity="0">
							<lines>
								<line number="38" hits="3" branch="false"/>
								<line number="39" hits="3" branch="false"/>
								<line number="41" hits="3" branch="false"/>
								<line number="42" hits="3" branch="true" condition-coverage="50% (1/2)">
									<conditions>
										<condition number="0" type="jump" coverage="50%"/>
									</conditions>
								</line>
								<line number="43" hits="3" branch="false"/>
								<line number="44" hits="3" branch="false"/>
								<line number="47" hits="3" branch="false"/>
							</lines>
						</method>
						<method name="markSkipped" signature="()V" line-rate="1.0" branch-rate="1.0" complexity="0">
							<lines>
								<line number="50" hits="5" branch="false"/>
								<line number="51" hits="5" branch="false"/>
								<line number="52" hits="5" branch="false"/>
							</lines>
						</method>
						<method name="markSuccess" signature="()V" line-rate="1.0" branch-rate="1.0" complexity="0">
							<lines>
								<line number="32" hits="5" branch="false"/>
								<line number="33" hits="5" branch="false"/>
								<line number="34" hits="5" branch="false"/>
								<line number="35" hits="5" branch="false"/>
							</lines>
						</method>
						<method name="schemaName" signature="()Ljava/lang/String;" line-rate="1.0" branch-rate="1.0" complexity="0">
							<lines>
								<line number="23" hits="22" branch="false"/>
								<line number="24" hits="22" branch="true" condition-coverage="100% (2/2)">
									<conditions>
										<condition number="0" type="jump" coverage="100%"/>
									</conditions>
								</line>
								<line number="25" hits="19" branch="false"/>
								<line number="27" hits="3" branch="false"/>
							</lines>
						</method>
						<method name="updateActorId" signature="(Ljava/lang/String;)V" line-rate="1.0" branch-rate="1.0" complexity="0">
							<lines>
								<line number="55" hits="2" branch="false"/>
								<line number="56" hits="2" branch="false"/>
							</lines>
						</method>
						<method name="updateDefaults" signature="(Lorg/ekstep/ep/samza/task/TelemetryValidatorConfig;)V" line-rate="0.7647058823529411" branch-rate="0.5" complexity="0">
							<lines>
								<line number="72" hits="5" branch="false"/>
								<line number="73" hits="5" branch="false"/>
								<line number="74" hits="5" branch="true" condition-coverage="50% (2/4)">
									<conditions>
										<condition number="0" type="jump" coverage="50%"/>
										<condition number="1" type="jump" coverage="50%"/>
									</conditions>
								</line>
								<line number="75" hits="0" branch="false"/>
								<line number="76" hits="0" branch="false"/>
								<line number="78" hits="5" branch="false"/>
								<line number="79" hits="5" branch="false"/>
								<line number="80" hits="5" branch="true" condition-coverage="75% (3/4)">
									<conditions>
										<condition number="0" type="jump" coverage="100%"/>
										<condition number="1" type="jump" coverage="50%"/>
									</conditions>
								</line>
								<line number="81" hits="1" branch="false"/>
								<line number="82" hits="1" branch="false"/>
								<line number="83" hits="1" branch="false"/>
								<line number="84" hits="1" branch="false"/>
								<line number="85" hits="4" branch="true" condition-coverage="50% (1/2)">
									<conditions>
										<condition number="0" type="jump" coverage="50%"/>
									</conditions>
								</line>
								<line number="86" hits="4" branch="false"/>
								<line number="87" hits="0" branch="true" condition-coverage="0% (0/2)">
									<conditions>
										<condition number="0" type="jump" coverage="0%"/>
									</conditions>
								</line>
								<line number="88" hits="0" branch="false"/>
								<line number="92" hits="5" branch="false"/>
							</lines>
						</method>
					</methods>
					<lines>
						<line number="16" hits="15" branch="false"/>
						<line number="19" hits="15" branch="false"/>
						<line number="20" hits="15" branch="false"/>
						<line number="23" hits="22" branch="false"/>
						<line number="24" hits="22" branch="true" condition-coverage="100% (2/2)">
							<conditions>
								<condition number="0" type="jump" coverage="100%"/>
							</conditions>
						</line>
						<line number="25" hits="19" branch="false"/>
						<line number="27" hits="3" branch="false"/>
						<line number="32" hits="5" branch="false"/>
						<line number="33" hits="5" branch="false"/>
						<line number="34" hits="5" branch="false"/>
						<line number="35" hits="5" branch="false"/>
						<line number="38" hits="3" branch="false"/>
						<line number="39" hits="3" branch="false"/>
						<line number="41" hits="3" branch="false"/>
						<line number="42" hits="3" branch="true" condition-coverage="50% (1/2)">
							<conditions>
								<condition number="0" type="jump" coverage="50%"/>
							</conditions>
						</line>
						<line number="43" hits="3" branch="false"/>
						<line number="44" hits="3" branch="false"/>
						<line number="47" hits="3" branch="false"/>
						<line number="50" hits="5" branch="false"/>
						<line number="51" hits="5" branch="false"/>
						<line number="52" hits="5" branch="false"/>
						<line number="55" hits="2" branch="false"/>
						<line number="56" hits="2" branch="false"/>
						<line number="59" hits="1" branch="false"/>
						<line number="60" hits="1" branch="true" condition-coverage="50% (2/4)">
							<conditions>
								<condition number="0" type="jump" coverage="50%"/>
								<condition number="1" type="jump" coverage="50%"/>
							</conditions>
						</line>
						<line number="61" hits="1" branch="false"/>
						<line number="62" hits="1" branch="false"/>
						<line number="64" hits="1" branch="false"/>
						<line number="67" hits="2" branch="false"/>
						<line number="68" hits="2" branch="false"/>
						<line number="69" hits="2" branch="false"/>
						<line number="72" hits="5" branch="false"/>
						<line number="73" hits="5" branch="false"/>
						<line number="74" hits="5" branch="true" condition-coverage="50% (2/4)">
							<conditions>
								<condition number="0" type="jump" coverage="50%"/>
								<condition number="1" type="jump" coverage="50%"/>
							</conditions>
						</line>
						<line number="75" hits="0" branch="false"/>
						<line number="76" hits="0" branch="false"/>
						<line number="78" hits="5" branch="false"/>
						<line number="79" hits="5" branch="false"/>
						<line number="80" hits="5" branch="true" condition-coverage="75% (3/4)">
							<conditions>
								<condition number="0" type="jump" coverage="100%"/>
								<condition number="1" type="jump" coverage="50%"/>
							</conditions>
						</line>
						<line number="81" hits="1" branch="false"/>
						<line number="82" hits="1" branch="false"/>
						<line number="83" hits="1" branch="false"/>
						<line number="84" hits="1" branch="false"/>
						<line number="85" hits="4" branch="true" condition-coverage="50% (1/2)">
							<conditions>
								<condition number="0" type="jump" coverage="50%"/>
							</conditions>
						</line>
						<line number="86" hits="4" branch="false"/>
						<line number="87" hits="0" branch="true" condition-coverage="0% (0/2)">
							<conditions>
								<condition number="0" type="jump" coverage="0%"/>
							</conditions>
						</line>
						<line number="88" hits="0" branch="false"/>
						<line number="92" hits="5" branch="false"/>
						<line number="95" hits="13" branch="false"/>
						<line number="96" hits="13" branch="false"/>
					</lines>
				</class>
			</classes>
		</package>
		<package name="org.ekstep.ep.samza.service" line-rate="0.9130434782608695" branch-rate="0.875" complexity="5.0">
			<classes>
				<class name="org.ekstep.ep.samza.service.TelemetryValidatorService" filename="org/ekstep/ep/samza/service/TelemetryValidatorService.java" line-rate="0.9130434782608695" branch-rate="0.875" complexity="5.0">
					<methods>
						<method name="&lt;clinit&gt;" signature="()V" line-rate="1.0" branch-rate="1.0" complexity="0">
							<lines>
								<line number="15" hits="1" branch="false"/>
							</lines>
						</method>
						<method name="&lt;init&gt;" signature="(Lorg/ekstep/ep/samza/task/TelemetryValidatorConfig;Lorg/ekstep/ep/samza/util/TelemetrySchemaValidator;)V" line-rate="1.0" branch-rate="1.0" complexity="0">
							<lines>
								<line number="19" hits="15" branch="false"/>
								<line number="20" hits="15" branch="false"/>
								<line number="21" hits="15" branch="false"/>
								<line number="22" hits="15" branch="false"/>
							</lines>
						</method>
						<method name="dataCorrection" signature="(Lorg/ekstep/ep/samza/domain/Event;)Lorg/ekstep/ep/samza/domain/Event;" line-rate="1.0" branch-rate="0.9375" complexity="0">
							<lines>
								<line number="74" hits="13" branch="false"/>
								<line number="75" hits="13" branch="true" condition-coverage="83% (5/6)">
									<conditions>
										<condition number="0" type="jump" coverage="100%"/>
										<condition number="1" type="jump" coverage="50%"/>
										<condition number="2" type="jump" coverage="100%"/>
									</conditions>
								</line>
								<line number="76" hits="2" branch="false"/>
								<line number="79" hits="13" branch="true" condition-coverage="100% (4/4)">
									<conditions>
										<condition number="0" type="jump" coverage="100%"/>
										<condition number="1" type="jump" coverage="100%"/>
									</conditions>
								</line>
								<line number="80" hits="1" branch="false"/>
								<line number="83" hits="13" branch="true" condition-coverage="100% (6/6)">
									<conditions>
										<condition number="0" type="jump" coverage="100%"/>
										<condition number="1" type="jump" coverage="100%"/>
										<condition number="2" type="jump" coverage="100%"/>
									</conditions>
								</line>
								<line number="84" hits="2" branch="false"/>
								<line number="86" hits="13" branch="false"/>
							</lines>
						</method>
						<method name="getInvalidFieldName" signature="(Ljava/lang/String;)Ljava/lang/String;" line-rate="0.875" branch-rate="0.5" complexity="0">
							<lines>
								<line number="60" hits="3" branch="false"/>
								<line number="61" hits="3" branch="false"/>
								<line number="62" hits="3" branch="true" condition-coverage="50% (1/2)">
									<conditions>
										<condition number="0" type="jump" coverage="50%"/>
									</conditions>
								</line>
								<line number="63" hits="3" branch="false"/>
								<line number="64" hits="3" branch="true" condition-coverage="50% (1/2)">
									<conditions>
										<condition number="0" type="jump" coverage="50%"/>
									</conditions>
								</line>
								<line number="65" hits="3" branch="false"/>
								<line number="66" hits="3" branch="false"/>
								<line number="69" hits="0" branch="false"/>
							</lines>
						</method>
						<method name="process" signature="(Lorg/ekstep/ep/samza/task/TelemetryValidatorSource;Lorg/ekstep/ep/samza/task/TelemetryValidatorSink;)V" line-rate="0.88" branch-rate="1.0" complexity="0">
							<lines>
								<line number="25" hits="15" branch="false"/>
								<line number="27" hits="15" branch="false"/>
								<line number="28" hits="13" branch="true" condition-coverage="100% (2/2)">
									<conditions>
										<condition number="0" type="jump" coverage="100%"/>
									</conditions>
								</line>
								<line number="29" hits="5" branch="false"/>
								<line number="30" hits="5" branch="false"/>
								<line number="31" hits="5" branch="false"/>
								<line number="32" hits="5" branch="false"/>
								<line number="33" hits="5" branch="false"/>
								<line number="36" hits="8" branch="false"/>
								<line number="38" hits="8" branch="true" condition-coverage="100% (2/2)">
									<conditions>
										<condition number="0" type="jump" coverage="100%"/>
									</conditions>
								</line>
								<line number="39" hits="5" branch="false"/>
								<line number="40" hits="5" branch="false"/>
								<line number="41" hits="5" branch="false"/>
								<line number="42" hits="5" branch="false"/>
								<line number="44" hits="3" branch="false"/>
								<line number="45" hits="3" branch="false"/>
								<line number="46" hits="3" branch="false"/>
								<line number="48" hits="2" branch="false"/>
								<line number="49" hits="2" branch="false"/>
								<line number="50" hits="2" branch="false"/>
								<line number="51" hits="0" branch="false"/>
								<line number="52" hits="0" branch="false"/>
								<line number="55" hits="0" branch="false"/>
								<line number="56" hits="10" branch="false"/>
								<line number="57" hits="10" branch="false"/>
							</lines>
						</method>
					</methods>
					<lines>
						<line number="15" hits="1" branch="false"/>
						<line number="19" hits="15" branch="false"/>
						<line number="20" hits="15" branch="false"/>
						<line number="21" hits="15" branch="false"/>
						<line number="22" hits="15" branch="false"/>
						<line number="25" hits="15" branch="false"/>
						<line number="27" hits="15" branch="false"/>
						<line number="28" hits="13" branch="true" condition-coverage="100% (2/2)">
							<conditions>
								<condition number="0" type="jump" coverage="100%"/>
							</conditions>
						</line>
						<line number="29" hits="5" branch="false"/>
						<line number="30" hits="5" branch="false"/>
						<line number="31" hits="5" branch="false"/>
						<line number="32" hits="5" branch="false"/>
						<line number="33" hits="5" branch="false"/>
						<line number="36" hits="8" branch="false"/>
						<line number="38" hits="8" branch="true" condition-coverage="100% (2/2)">
							<conditions>
								<condition number="0" type="jump" coverage="100%"/>
							</conditions>
						</line>
						<line number="39" hits="5" branch="false"/>
						<line number="40" hits="5" branch="false"/>
						<line number="41" hits="5" branch="false"/>
						<line number="42" hits="5" branch="false"/>
						<line number="44" hits="3" branch="false"/>
						<line number="45" hits="3" branch="false"/>
						<line number="46" hits="3" branch="false"/>
						<line number="48" hits="2" branch="false"/>
						<line number="49" hits="2" branch="false"/>
						<line number="50" hits="2" branch="false"/>
						<line number="51" hits="0" branch="false"/>
						<line number="52" hits="0" branch="false"/>
						<line number="55" hits="0" branch="false"/>
						<line number="56" hits="10" branch="false"/>
						<line number="57" hits="10" branch="false"/>
						<line number="60" hits="3" branch="false"/>
						<line number="61" hits="3" branch="false"/>
						<line number="62" hits="3" branch="true" condition-coverage="50% (1/2)">
							<conditions>
								<condition number="0" type="jump" coverage="50%"/>
							</conditions>
						</line>
						<line number="63" hits="3" branch="false"/>
						<line number="64" hits="3" branch="true" condition-coverage="50% (1/2)">
							<conditions>
								<condition number="0" type="jump" coverage="50%"/>
							</conditions>
						</line>
						<line number="65" hits="3" branch="false"/>
						<line number="66" hits="3" branch="false"/>
						<line number="69" hits="0" branch="false"/>
						<line number="74" hits="13" branch="false"/>
						<line number="75" hits="13" branch="true" condition-coverage="83% (5/6)">
							<conditions>
								<condition number="0" type="jump" coverage="100%"/>
								<condition number="1" type="jump" coverage="50%"/>
								<condition number="2" type="jump" coverage="100%"/>
							</conditions>
						</line>
						<line number="76" hits="2" branch="false"/>
						<line number="79" hits="13" branch="true" condition-coverage="100% (4/4)">
							<conditions>
								<condition number="0" type="jump" coverage="100%"/>
								<condition number="1" type="jump" coverage="100%"/>
							</conditions>
						</line>
						<line number="80" hits="1" branch="false"/>
						<line number="83" hits="13" branch="true" condition-coverage="100% (6/6)">
							<conditions>
								<condition number="0" type="jump" coverage="100%"/>
								<condition number="1" type="jump" coverage="100%"/>
								<condition number="2" type="jump" coverage="100%"/>
							</conditions>
						</line>
						<line number="84" hits="2" branch="false"/>
						<line number="86" hits="13" branch="false"/>
					</lines>
				</class>
			</classes>
		</package>
		<package name="org.ekstep.ep.samza.task" line-rate="0.847457627118644" branch-rate="0.5" complexity="1.0454545454545454">
			<classes>
				<class name="org.ekstep.ep.samza.task.TelemetryValidatorConfig" filename="org/ekstep/ep/samza/task/TelemetryValidatorConfig.java" line-rate="0.9375" branch-rate="1.0" complexity="1.0">
					<methods>
						<method name="&lt;init&gt;" signature="(Lorg/apache/samza/config/Config;)V" line-rate="1.0" branch-rate="1.0" complexity="0">
							<lines>
								<line number="8" hits="30" branch="false"/>
								<line number="16" hits="30" branch="false"/>
								<line number="17" hits="30" branch="false"/>
								<line number="18" hits="30" branch="false"/>
								<line number="19" hits="30" branch="false"/>
								<line number="20" hits="30" branch="false"/>
								<line number="21" hits="30" branch="false"/>
								<line number="22" hits="30" branch="false"/>
								<line number="24" hits="30" branch="false"/>
							</lines>
						</method>
						<method name="defaultChannel" signature="()Ljava/lang/String;" line-rate="0.0" branch-rate="1.0" complexity="0">
							<lines>
								<line number="39" hits="0" branch="false"/>
							</lines>
						</method>
						<method name="failedTopic" signature="()Ljava/lang/String;" line-rate="1.0" branch-rate="1.0" complexity="0">
							<lines>
								<line number="31" hits="3" branch="false"/>
							</lines>
						</method>
						<method name="jobName" signature="()Ljava/lang/String;" line-rate="1.0" branch-rate="1.0" complexity="0">
							<lines>
								<line number="51" hits="18" branch="false"/>
							</lines>
						</method>
						<method name="malformedTopic" signature="()Ljava/lang/String;" line-rate="1.0" branch-rate="1.0" complexity="0">
							<lines>
								<line number="35" hits="2" branch="false"/>
							</lines>
						</method>
						<method name="schemaPath" signature="()Ljava/lang/String;" line-rate="1.0" branch-rate="1.0" complexity="0">
							<lines>
								<line number="43" hits="15" branch="false"/>
							</lines>
						</method>
						<method name="schemaVersion" signature="()Ljava/lang/String;" line-rate="1.0" branch-rate="1.0" complexity="0">
							<lines>
								<line number="47" hits="15" branch="false"/>
							</lines>
						</method>
						<method name="successTopic" signature="()Ljava/lang/String;" line-rate="1.0" branch-rate="1.0" complexity="0">
							<lines>
								<line number="27" hits="10" branch="false"/>
							</lines>
						</method>
					</methods>
					<lines>
						<line number="8" hits="30" branch="false"/>
						<line number="16" hits="30" branch="false"/>
						<line number="17" hits="30" branch="false"/>
						<line number="18" hits="30" branch="false"/>
						<line number="19" hits="30" branch="false"/>
						<line number="20" hits="30" branch="false"/>
						<line number="21" hits="30" branch="false"/>
						<line number="22" hits="30" branch="false"/>
						<line number="24" hits="30" branch="false"/>
						<line number="27" hits="10" branch="false"/>
						<line number="31" hits="3" branch="false"/>
						<line number="35" hits="2" branch="false"/>
						<line number="39" hits="0" branch="false"/>
						<line number="43" hits="15" branch="false"/>
						<line number="47" hits="15" branch="false"/>
						<line number="51" hits="18" branch="false"/>
					</lines>
				</class>
				<class name="org.ekstep.ep.samza.task.TelemetryValidatorSink" filename="org/ekstep/ep/samza/task/TelemetryValidatorSink.java" line-rate="0.7647058823529411" branch-rate="1.0" complexity="1.0">
					<methods>
						<method name="&lt;init&gt;" signature="(Lorg/apache/samza/task/MessageCollector;Lorg/ekstep/ep/samza/core/JobMetrics;Lorg/ekstep/ep/samza/task/TelemetryValidatorConfig;)V" line-rate="1.0" branch-rate="1.0" complexity="0">
							<lines>
								<line number="15" hits="15" branch="false"/>
								<line number="16" hits="15" branch="false"/>
								<line number="17" hits="15" branch="false"/>
							</lines>
						</method>
						<method name="toErrorTopic" signature="(Lorg/ekstep/ep/samza/domain/Event;Ljava/lang/String;)V" line-rate="0.0" branch-rate="1.0" complexity="0">
							<lines>
								<line number="31" hits="0" branch="false"/>
								<line number="32" hits="0" branch="false"/>
								<line number="33" hits="0" branch="false"/>
								<line number="34" hits="0" branch="false"/>
							</lines>
						</method>
						<method name="toFailedTopic" signature="(Lorg/ekstep/ep/samza/domain/Event;Ljava/lang/String;)V" line-rate="1.0" branch-rate="1.0" complexity="0">
							<lines>
								<line number="25" hits="3" branch="false"/>
								<line number="26" hits="3" branch="false"/>
								<line number="27" hits="3" branch="false"/>
								<line number="28" hits="3" branch="false"/>
							</lines>
						</method>
						<method name="toMalformedEventsTopic" signature="(Ljava/lang/String;)V" line-rate="1.0" branch-rate="1.0" complexity="0">
							<lines>
								<line number="37" hits="2" branch="false"/>
								<line number="38" hits="2" branch="false"/>
								<line number="39" hits="2" branch="false"/>
							</lines>
						</method>
						<method name="toSuccessTopic" signature="(Lorg/ekstep/ep/samza/domain/Event;)V" line-rate="1.0" branch-rate="1.0" complexity="0">
							<lines>
								<line number="20" hits="10" branch="false"/>
								<line number="21" hits="10" branch="false"/>
								<line number="22" hits="10" branch="false"/>
							</lines>
						</method>
					</methods>
					<lines>
						<line number="15" hits="15" branch="false"/>
						<line number="16" hits="15" branch="false"/>
						<line number="17" hits="15" branch="false"/>
						<line number="20" hits="10" branch="false"/>
						<line number="21" hits="10" branch="false"/>
						<line number="22" hits="10" branch="false"/>
						<line number="25" hits="3" branch="false"/>
						<line number="26" hits="3" branch="false"/>
						<line number="27" hits="3" branch="false"/>
						<line number="28" hits="3" branch="false"/>
						<line number="31" hits="0" branch="false"/>
						<line number="32" hits="0" branch="false"/>
						<line number="33" hits="0" branch="false"/>
						<line number="34" hits="0" branch="false"/>
						<line number="37" hits="2" branch="false"/>
						<line number="38" hits="2" branch="false"/>
						<line number="39" hits="2" branch="false"/>
					</lines>
				</class>
				<class name="org.ekstep.ep.samza.task.TelemetryValidatorSource" filename="org/ekstep/ep/samza/task/TelemetryValidatorSource.java" line-rate="1.0" branch-rate="1.0" complexity="1.0">
					<methods>
						<method name="&lt;clinit&gt;" signature="()V" line-rate="1.0" branch-rate="1.0" complexity="0">
							<lines>
								<line number="13" hits="1" branch="false"/>
							</lines>
						</method>
						<method name="&lt;init&gt;" signature="(Lorg/apache/samza/system/IncomingMessageEnvelope;)V" line-rate="1.0" branch-rate="1.0" complexity="0">
							<lines>
								<line number="17" hits="15" branch="false"/>
								<line number="18" hits="15" branch="false"/>
								<line number="19" hits="15" branch="false"/>
							</lines>
						</method>
						<method name="getEvent" signature="()Lorg/ekstep/ep/samza/domain/Event;" line-rate="1.0" branch-rate="1.0" complexity="0">
							<lines>
								<line number="22" hits="15" branch="false"/>
							</lines>
						</method>
						<method name="getMap" signature="()Ljava/util/Map;" line-rate="1.0" branch-rate="1.0" complexity="0">
							<lines>
								<line number="27" hits="15" branch="false"/>
								<line number="28" hits="15" branch="false"/>
							</lines>
						</method>
						<method name="getMessage" signature="()Ljava/lang/String;" line-rate="1.0" branch-rate="1.0" complexity="0">
							<lines>
								<line number="32" hits="4" branch="false"/>
							</lines>
						</method>
					</methods>
					<lines>
						<line number="13" hits="1" branch="false"/>
						<line number="17" hits="15" branch="false"/>
						<line number="18" hits="15" branch="false"/>
						<line number="19" hits="15" branch="false"/>
						<line number="22" hits="15" branch="false"/>
						<line number="27" hits="15" branch="false"/>
						<line number="28" hits="15" branch="false"/>
						<line number="32" hits="4" branch="false"/>
					</lines>
				</class>
				<class name="org.ekstep.ep.samza.task.TelemetryValidatorTask" filename="org/ekstep/ep/samza/task/TelemetryValidatorTask.java" line-rate="0.7777777777777778" branch-rate="0.5" complexity="1.2">
					<methods>
						<method name="&lt;init&gt;" signature="()V" line-rate="0.0" branch-rate="1.0" complexity="0">
							<lines>
								<line number="41" hits="0" branch="false"/>
								<line number="43" hits="0" branch="false"/>
							</lines>
						</method>
						<method name="&lt;init&gt;" signature="(Lorg/apache/samza/config/Config;Lorg/apache/samza/task/TaskContext;Lorg/ekstep/ep/samza/util/TelemetrySchemaValidator;)V" line-rate="1.0" branch-rate="1.0" complexity="0">
							<lines>
								<line number="37" hits="15" branch="false"/>
								<line number="38" hits="15" branch="false"/>
								<line number="39" hits="15" branch="false"/>
							</lines>
						</method>
						<method name="init" signature="(Lorg/apache/samza/config/Config;Lorg/apache/samza/task/TaskContext;)V" line-rate="0.0" branch-rate="1.0" complexity="0">
							<lines>
								<line number="48" hits="0" branch="false"/>
								<line number="49" hits="0" branch="false"/>
							</lines>
						</method>
						<method name="init" signature="(Lorg/apache/samza/config/Config;Lorg/apache/samza/task/TaskContext;Lorg/ekstep/ep/samza/util/TelemetrySchemaValidator;)V" line-rate="1.0" branch-rate="0.5" complexity="0">
							<lines>
								<line number="53" hits="15" branch="false"/>
								<line number="54" hits="15" branch="false"/>
								<line number="55" hits="15" branch="true" condition-coverage="50% (1/2)">
									<conditions>
										<condition number="0" type="jump" coverage="50%"/>
									</conditions>
								</line>
								<line number="56" hits="15" branch="false"/>
								<line number="57" hits="15" branch="false"/>
								<line number="58" hits="15" branch="false"/>
							</lines>
						</method>
						<method name="initTask" signature="(Lorg/apache/samza/config/Config;Lorg/ekstep/ep/samza/core/JobMetrics;)V" line-rate="1.0" branch-rate="1.0" complexity="0">
							<lines>
								<line number="31" hits="15" branch="false"/>
							</lines>
						</method>
						<method name="process" signature="(Lorg/apache/samza/system/IncomingMessageEnvelope;Lorg/apache/samza/task/MessageCollector;Lorg/apache/samza/task/TaskCoordinator;)V" line-rate="1.0" branch-rate="1.0" complexity="0">
							<lines>
								<line number="63" hits="15" branch="false"/>
								<line number="64" hits="15" branch="false"/>
								<line number="66" hits="15" branch="false"/>
								<line number="67" hits="15" branch="false"/>
							</lines>
						</method>
						<method name="window" signature="(Lorg/apache/samza/task/MessageCollector;Lorg/apache/samza/task/TaskCoordinator;)V" line-rate="1.0" branch-rate="1.0" complexity="0">
							<lines>
							</lines>
						</method>
					</methods>
					<lines>
						<line number="31" hits="15" branch="false"/>
						<line number="37" hits="15" branch="false"/>
						<line number="38" hits="15" branch="false"/>
						<line number="39" hits="15" branch="false"/>
						<line number="41" hits="0" branch="false"/>
						<line number="43" hits="0" branch="false"/>
						<line number="48" hits="0" branch="false"/>
						<line number="49" hits="0" branch="false"/>
						<line number="53" hits="15" branch="false"/>
						<line number="54" hits="15" branch="false"/>
						<line number="55" hits="15" branch="true" condition-coverage="50% (1/2)">
							<conditions>
								<condition number="0" type="jump" coverage="50%"/>
							</conditions>
						</line>
						<line number="56" hits="15" branch="false"/>
						<line number="57" hits="15" branch="false"/>
						<line number="58" hits="15" branch="false"/>
						<line number="63" hits="15" branch="false"/>
						<line number="64" hits="15" branch="false"/>
						<line number="66" hits="15" branch="false"/>
						<line number="67" hits="15" branch="false"/>
					</lines>
				</class>
			</classes>
		</package>
		<package name="org.ekstep.ep.samza.util" line-rate="1.0" branch-rate="1.0" complexity="1.6666666666666667">
			<classes>
				<class name="org.ekstep.ep.samza.util.TelemetrySchemaValidator" filename="org/ekstep/ep/samza/util/TelemetrySchemaValidator.java" line-rate="1.0" branch-rate="1.0" complexity="1.6666666666666667">
					<methods>
						<method name="&lt;init&gt;" signature="(Lorg/ekstep/ep/samza/task/TelemetryValidatorConfig;)V" line-rate="1.0" branch-rate="1.0" complexity="0">
							<lines>
								<line number="20" hits="15" branch="false"/>
								<line number="22" hits="15" branch="false"/>
								<line number="24" hits="15" branch="false"/>
								<line number="26" hits="30" branch="true" condition-coverage="100% (2/2)">
									<conditions>
										<condition number="0" type="jump" coverage="100%"/>
									</conditions>
								</line>
								<line number="27" hits="15" branch="false"/>
								<line number="28" hits="15" branch="false"/>
								<line number="29" hits="495" branch="true" condition-coverage="100% (2/2)">
									<conditions>
										<condition number="0" type="jump" coverage="100%"/>
									</conditions>
								</line>
								<line number="30" hits="480" branch="false"/>
								<line number="31" hits="960" branch="false"/>
								<line number="32" hits="480" branch="false"/>
								<line number="37" hits="15" branch="false"/>
							</lines>
						</method>
						<method name="schemaFileExists" signature="(Lorg/ekstep/ep/samza/domain/Event;)Z" line-rate="1.0" branch-rate="1.0" complexity="0">
							<lines>
								<line number="40" hits="13" branch="false"/>
							</lines>
						</method>
						<method name="validate" signature="(Lorg/ekstep/ep/samza/domain/Event;)Lcom/github/fge/jsonschema/core/report/ProcessingReport;" line-rate="1.0" branch-rate="1.0" complexity="0">
							<lines>
								<line number="44" hits="8" branch="false"/>
								<line number="45" hits="8" branch="false"/>
								<line number="46" hits="8" branch="false"/>
								<line number="47" hits="8" branch="false"/>
							</lines>
						</method>
					</methods>
					<lines>
						<line number="20" hits="15" branch="false"/>
						<line number="22" hits="15" branch="false"/>
						<line number="24" hits="15" branch="false"/>
						<line number="26" hits="30" branch="true" condition-coverage="100% (2/2)">
							<conditions>
								<condition number="0" type="jump" coverage="100%"/>
							</conditions>
						</line>
						<line number="27" hits="15" branch="false"/>
						<line number="28" hits="15" branch="false"/>
						<line number="29" hits="495" branch="true" condition-coverage="100% (2/2)">
							<conditions>
								<condition number="0" type="jump" coverage="100%"/>
							</conditions>
						</line>
						<line number="30" hits="480" branch="false"/>
						<line number="31" hits="960" branch="false"/>
						<line number="32" hits="480" branch="false"/>
						<line number="37" hits="15" branch="false"/>
						<line number="40" hits="13" branch="false"/>
						<line number="44" hits="8" branch="false"/>
						<line number="45" hits="8" branch="false"/>
						<line number="46" hits="8" branch="false"/>
						<line number="47" hits="8" branch="false"/>
					</lines>
				</class>
			</classes>
		</package>
	</packages>
</coverage>
