<?xml version="1.0"?>
<!DOCTYPE coverage SYSTEM "http://cobertura.sourceforge.net/xml/coverage-04.dtd">

<coverage line-rate="0.9415584415584416" branch-rate="0.8846153846153846" lines-covered="145" lines-valid="154" branches-covered="23" branches-valid="26" complexity="1.435897435897436" version="2.1.1" timestamp="1588867660414">
	<sources>
		<source>--source</source>
		<source>/var/lib/jenkins/workspace/Build/DataPipeline/DataPipeline/data-pipeline/events-router/src/main/java</source>
	</sources>
	<packages>
		<package name="org.ekstep.ep.samza.domain" line-rate="1.0" branch-rate="1.0" complexity="1.0">
			<classes>
				<class name="org.ekstep.ep.samza.domain.Event" filename="org/ekstep/ep/samza/domain/Event.java" line-rate="1.0" branch-rate="1.0" complexity="1.0">
					<methods>
						<method name="&lt;init&gt;" signature="(Ljava/util/Map;)V" line-rate="1.0" branch-rate="1.0" complexity="0">
							<lines>
								<line number="12" hits="13" branch="false"/>
								<line number="13" hits="13" branch="false"/>
							</lines>
						</method>
						<method name="markDuplicate" signature="()V" line-rate="1.0" branch-rate="1.0" complexity="0">
							<lines>
								<line number="31" hits="2" branch="false"/>
								<line number="32" hits="2" branch="false"/>
								<line number="33" hits="2" branch="false"/>
								<line number="34" hits="2" branch="false"/>
							</lines>
						</method>
						<method name="markFailure" signature="(Ljava/lang/String;Lorg/ekstep/ep/samza/task/EventsRouterConfig;)V" line-rate="1.0" branch-rate="1.0" complexity="0">
							<lines>
								<line number="16" hits="2" branch="false"/>
								<line number="17" hits="2" branch="false"/>
								<line number="19" hits="2" branch="false"/>
								<line number="20" hits="2" branch="false"/>
								<line number="21" hits="2" branch="false"/>
								<line number="22" hits="2" branch="false"/>
							</lines>
						</method>
						<method name="markSkipped" signature="()V" line-rate="1.0" branch-rate="1.0" complexity="0">
							<lines>
								<line number="25" hits="1" branch="false"/>
								<line number="26" hits="1" branch="false"/>
								<line number="27" hits="1" branch="false"/>
								<line number="28" hits="1" branch="false"/>
							</lines>
						</method>
					</methods>
					<lines>
						<line number="12" hits="13" branch="false"/>
						<line number="13" hits="13" branch="false"/>
						<line number="16" hits="2" branch="false"/>
						<line number="17" hits="2" branch="false"/>
						<line number="19" hits="2" branch="false"/>
						<line number="20" hits="2" branch="false"/>
						<line number="21" hits="2" branch="false"/>
						<line number="22" hits="2" branch="false"/>
						<line number="25" hits="1" branch="false"/>
						<line number="26" hits="1" branch="false"/>
						<line number="27" hits="1" branch="false"/>
						<line number="28" hits="1" branch="false"/>
						<line number="31" hits="2" branch="false"/>
						<line number="32" hits="2" branch="false"/>
						<line number="33" hits="2" branch="false"/>
						<line number="34" hits="2" branch="false"/>
					</lines>
				</class>
			</classes>
		</package>
		<package name="org.ekstep.ep.samza.service" line-rate="1.0" branch-rate="0.9090909090909091" complexity="6.0">
			<classes>
				<class name="org.ekstep.ep.samza.service.EventsRouterService" filename="org/ekstep/ep/samza/service/EventsRouterService.java" line-rate="1.0" branch-rate="0.9090909090909091" complexity="6.0">
					<methods>
						<method name="&lt;clinit&gt;" signature="()V" line-rate="1.0" branch-rate="1.0" complexity="0">
							<lines>
								<line number="19" hits="1" branch="false"/>
							</lines>
						</method>
						<method name="&lt;init&gt;" signature="(Lorg/ekstep/ep/samza/util/DeDupEngine;Lorg/ekstep/ep/samza/task/EventsRouterConfig;)V" line-rate="1.0" branch-rate="1.0" complexity="0">
							<lines>
								<line number="23" hits="12" branch="false"/>
								<line number="25" hits="12" branch="false"/>
								<line number="26" hits="12" branch="false"/>
								<line number="27" hits="12" branch="false"/>
							</lines>
						</method>
						<method name="isDupCheckRequired" signature="(Ljava/lang/String;)Z" line-rate="1.0" branch-rate="0.8333333333333334" complexity="0">
							<lines>
								<line number="84" hits="10" branch="true" condition-coverage="83% (5/6)">
									<conditions>
										<condition number="0" type="jump" coverage="50%"/>
										<condition number="1" type="jump" coverage="100%"/>
										<condition number="2" type="jump" coverage="100%"/>
									</conditions>
								</line>
							</lines>
						</method>
						<method name="process" signature="(Lorg/ekstep/ep/samza/task/EventsRouterSource;Lorg/ekstep/ep/samza/task/EventsRouterSink;)V" line-rate="1.0" branch-rate="0.9375" complexity="0">
							<lines>
								<line number="30" hits="12" branch="false"/>
								<line number="32" hits="12" branch="false"/>
								<line number="33" hits="10" branch="true" condition-coverage="75% (3/4)">
									<conditions>
										<condition number="0" type="jump" coverage="50%"/>
										<condition number="1" type="jump" coverage="100%"/>
									</conditions>
								</line>
								<line number="34" hits="7" branch="false"/>
								<line number="35" hits="7" branch="true" condition-coverage="100% (2/2)">
									<conditions>
										<condition number="0" type="jump" coverage="100%"/>
									</conditions>
								</line>
								<line number="36" hits="2" branch="false"/>
								<line number="37" hits="2" branch="false"/>
								<line number="38" hits="2" branch="false"/>
								<line number="39" hits="2" branch="false"/>
								<line number="41" hits="4" branch="false"/>
								<line number="42" hits="4" branch="false"/>
								<line number="43" hits="4" branch="false"/>
								<line number="44" hits="3" branch="false"/>
								<line number="46" hits="7" branch="false"/>
								<line number="47" hits="7" branch="true" condition-coverage="100% (2/2)">
									<conditions>
										<condition number="0" type="jump" coverage="100%"/>
									</conditions>
								</line>
								<line number="48" hits="1" branch="false"/>
								<line number="49" hits="1" branch="false"/>
								<line number="50" hits="1" branch="false"/>
								<line number="52" hits="7" branch="false"/>
								<line number="53" hits="7" branch="true" condition-coverage="100% (2/2)">
									<conditions>
										<condition number="0" type="jump" coverage="100%"/>
									</conditions>
								</line>
								<line number="54" hits="1" branch="false"/>
								<line number="55" hits="4" branch="true" condition-coverage="100% (2/2)">
									<conditions>
										<condition number="0" type="jump" coverage="100%"/>
									</conditions>
								</line>
								<line number="56" hits="1" branch="false"/>
								<line number="57" hits="3" branch="true" condition-coverage="100% (2/2)">
									<conditions>
										<condition number="0" type="jump" coverage="100%"/>
									</conditions>
								</line>
								<line number="58" hits="1" branch="false"/>
								<line number="59" hits="2" branch="true" condition-coverage="100% (2/2)">
									<conditions>
										<condition number="0" type="jump" coverage="100%"/>
									</conditions>
								</line>
								<line number="60" hits="1" branch="false"/>
								<line number="62" hits="1" branch="false"/>
								<line number="64" hits="1" branch="false"/>
								<line number="65" hits="1" branch="false"/>
								<line number="66" hits="1" branch="false"/>
								<line number="67" hits="1" branch="false"/>
								<line number="68" hits="1" branch="false"/>
								<line number="69" hits="2" branch="false"/>
								<line number="70" hits="2" branch="false"/>
								<line number="71" hits="2" branch="false"/>
								<line number="72" hits="2" branch="false"/>
								<line number="73" hits="2" branch="false"/>
								<line number="74" hits="2" branch="false"/>
								<line number="75" hits="4" branch="false"/>
								<line number="76" hits="2" branch="false"/>
								<line number="79" hits="2" branch="false"/>
								<line number="80" hits="7" branch="false"/>
								<line number="81" hits="9" branch="false"/>
							</lines>
						</method>
					</methods>
					<lines>
						<line number="19" hits="1" branch="false"/>
						<line number="23" hits="12" branch="false"/>
						<line number="25" hits="12" branch="false"/>
						<line number="26" hits="12" branch="false"/>
						<line number="27" hits="12" branch="false"/>
						<line number="30" hits="12" branch="false"/>
						<line number="32" hits="12" branch="false"/>
						<line number="33" hits="10" branch="true" condition-coverage="75% (3/4)">
							<conditions>
								<condition number="0" type="jump" coverage="50%"/>
								<condition number="1" type="jump" coverage="100%"/>
							</conditions>
						</line>
						<line number="34" hits="7" branch="false"/>
						<line number="35" hits="7" branch="true" condition-coverage="100% (2/2)">
							<conditions>
								<condition number="0" type="jump" coverage="100%"/>
							</conditions>
						</line>
						<line number="36" hits="2" branch="false"/>
						<line number="37" hits="2" branch="false"/>
						<line number="38" hits="2" branch="false"/>
						<line number="39" hits="2" branch="false"/>
						<line number="41" hits="4" branch="false"/>
						<line number="42" hits="4" branch="false"/>
						<line number="43" hits="4" branch="false"/>
						<line number="44" hits="3" branch="false"/>
						<line number="46" hits="7" branch="false"/>
						<line number="47" hits="7" branch="true" condition-coverage="100% (2/2)">
							<conditions>
								<condition number="0" type="jump" coverage="100%"/>
							</conditions>
						</line>
						<line number="48" hits="1" branch="false"/>
						<line number="49" hits="1" branch="false"/>
						<line number="50" hits="1" branch="false"/>
						<line number="52" hits="7" branch="false"/>
						<line number="53" hits="7" branch="true" condition-coverage="100% (2/2)">
							<conditions>
								<condition number="0" type="jump" coverage="100%"/>
							</conditions>
						</line>
						<line number="54" hits="1" branch="false"/>
						<line number="55" hits="4" branch="true" condition-coverage="100% (2/2)">
							<conditions>
								<condition number="0" type="jump" coverage="100%"/>
							</conditions>
						</line>
						<line number="56" hits="1" branch="false"/>
						<line number="57" hits="3" branch="true" condition-coverage="100% (2/2)">
							<conditions>
								<condition number="0" type="jump" coverage="100%"/>
							</conditions>
						</line>
						<line number="58" hits="1" branch="false"/>
						<line number="59" hits="2" branch="true" condition-coverage="100% (2/2)">
							<conditions>
								<condition number="0" type="jump" coverage="100%"/>
							</conditions>
						</line>
						<line number="60" hits="1" branch="false"/>
						<line number="62" hits="1" branch="false"/>
						<line number="64" hits="1" branch="false"/>
						<line number="65" hits="1" branch="false"/>
						<line number="66" hits="1" branch="false"/>
						<line number="67" hits="1" branch="false"/>
						<line number="68" hits="1" branch="false"/>
						<line number="69" hits="2" branch="false"/>
						<line number="70" hits="2" branch="false"/>
						<line number="71" hits="2" branch="false"/>
						<line number="72" hits="2" branch="false"/>
						<line number="73" hits="2" branch="false"/>
						<line number="74" hits="2" branch="false"/>
						<line number="75" hits="4" branch="false"/>
						<line number="76" hits="2" branch="false"/>
						<line number="79" hits="2" branch="false"/>
						<line number="80" hits="7" branch="false"/>
						<line number="81" hits="9" branch="false"/>
						<line number="84" hits="10" branch="true" condition-coverage="83% (5/6)">
							<conditions>
								<condition number="0" type="jump" coverage="50%"/>
								<condition number="1" type="jump" coverage="100%"/>
								<condition number="2" type="jump" coverage="100%"/>
							</conditions>
						</line>
					</lines>
				</class>
			</classes>
		</package>
		<package name="org.ekstep.ep.samza.task" line-rate="0.8977272727272727" branch-rate="0.75" complexity="1.0625">
			<classes>
				<class name="org.ekstep.ep.samza.task.EventsRouterConfig" filename="org/ekstep/ep/samza/task/EventsRouterConfig.java" line-rate="0.9354838709677419" branch-rate="1.0" complexity="1.0714285714285714">
					<methods>
						<method name="&lt;init&gt;" signature="(Lorg/apache/samza/config/Config;)V" line-rate="1.0" branch-rate="1.0" complexity="0">
							<lines>
								<line number="10" hits="12" branch="false"/>
								<line number="23" hits="12" branch="false"/>
								<line number="25" hits="12" branch="false"/>
								<line number="26" hits="12" branch="false"/>
								<line number="27" hits="12" branch="false"/>
								<line number="28" hits="12" branch="false"/>
								<line number="29" hits="12" branch="false"/>
								<line number="30" hits="12" branch="false"/>
								<line number="31" hits="12" branch="false"/>
								<line number="32" hits="12" branch="false"/>
								<line number="33" hits="12" branch="false"/>
								<line number="34" hits="12" branch="false"/>
								<line number="35" hits="12" branch="false"/>
								<line number="36" hits="12" branch="false"/>
								<line number="37" hits="12" branch="true" condition-coverage="100% (2/2)">
									<conditions>
										<condition number="0" type="jump" coverage="100%"/>
									</conditions>
								</line>
								<line number="38" hits="11" branch="false"/>
								<line number="40" hits="1" branch="false"/>
								<line number="42" hits="12" branch="false"/>
							</lines>
						</method>
						<method name="dupStore" signature="()I" line-rate="0.0" branch-rate="1.0" complexity="0">
							<lines>
								<line number="83" hits="0" branch="false"/>
							</lines>
						</method>
						<method name="duplicateTopic" signature="()Ljava/lang/String;" line-rate="1.0" branch-rate="1.0" complexity="0">
							<lines>
								<line number="63" hits="2" branch="false"/>
							</lines>
						</method>
						<method name="excludedEids" signature="()Ljava/util/List;" line-rate="1.0" branch-rate="1.0" complexity="0">
							<lines>
								<line number="95" hits="19" branch="false"/>
							</lines>
						</method>
						<method name="expirySeconds" signature="()I" line-rate="0.0" branch-rate="1.0" complexity="0">
							<lines>
								<line number="87" hits="0" branch="false"/>
							</lines>
						</method>
						<method name="failedTopic" signature="()Ljava/lang/String;" line-rate="1.0" branch-rate="1.0" complexity="0">
							<lines>
								<line number="59" hits="2" branch="false"/>
							</lines>
						</method>
						<method name="getErrorEventsRouteTopic" signature="()Ljava/lang/String;" line-rate="1.0" branch-rate="1.0" complexity="0">
							<lines>
								<line number="91" hits="1" branch="false"/>
							</lines>
						</method>
						<method name="getLogEventsRouteTopic" signature="()Ljava/lang/String;" line-rate="1.0" branch-rate="1.0" complexity="0">
							<lines>
								<line number="75" hits="1" branch="false"/>
							</lines>
						</method>
						<method name="getSummaryEventsRouteTopic" signature="()Ljava/lang/String;" line-rate="1.0" branch-rate="1.0" complexity="0">
							<lines>
								<line number="50" hits="1" branch="false"/>
							</lines>
						</method>
						<method name="getSummaryRouteEvents" signature="()Ljava/lang/String;" line-rate="1.0" branch-rate="1.0" complexity="0">
							<lines>
								<line number="55" hits="7" branch="false"/>
							</lines>
						</method>
						<method name="getTelemetryEventsRouteTopic" signature="()Ljava/lang/String;" line-rate="1.0" branch-rate="1.0" complexity="0">
							<lines>
								<line number="45" hits="1" branch="false"/>
							</lines>
						</method>
						<method name="isDedupEnabled" signature="()Ljava/lang/Boolean;" line-rate="1.0" branch-rate="1.0" complexity="0">
							<lines>
								<line number="79" hits="10" branch="false"/>
							</lines>
						</method>
						<method name="jobName" signature="()Ljava/lang/String;" line-rate="1.0" branch-rate="1.0" complexity="0">
							<lines>
								<line number="71" hits="14" branch="false"/>
							</lines>
						</method>
						<method name="malformedTopic" signature="()Ljava/lang/String;" line-rate="1.0" branch-rate="1.0" complexity="0">
							<lines>
								<line number="67" hits="2" branch="false"/>
							</lines>
						</method>
					</methods>
					<lines>
						<line number="10" hits="12" branch="false"/>
						<line number="23" hits="12" branch="false"/>
						<line number="25" hits="12" branch="false"/>
						<line number="26" hits="12" branch="false"/>
						<line number="27" hits="12" branch="false"/>
						<line number="28" hits="12" branch="false"/>
						<line number="29" hits="12" branch="false"/>
						<line number="30" hits="12" branch="false"/>
						<line number="31" hits="12" branch="false"/>
						<line number="32" hits="12" branch="false"/>
						<line number="33" hits="12" branch="false"/>
						<line number="34" hits="12" branch="false"/>
						<line number="35" hits="12" branch="false"/>
						<line number="36" hits="12" branch="false"/>
						<line number="37" hits="12" branch="true" condition-coverage="100% (2/2)">
							<conditions>
								<condition number="0" type="jump" coverage="100%"/>
							</conditions>
						</line>
						<line number="38" hits="11" branch="false"/>
						<line number="40" hits="1" branch="false"/>
						<line number="42" hits="12" branch="false"/>
						<line number="45" hits="1" branch="false"/>
						<line number="50" hits="1" branch="false"/>
						<line number="55" hits="7" branch="false"/>
						<line number="59" hits="2" branch="false"/>
						<line number="63" hits="2" branch="false"/>
						<line number="67" hits="2" branch="false"/>
						<line number="71" hits="14" branch="false"/>
						<line number="75" hits="1" branch="false"/>
						<line number="79" hits="10" branch="false"/>
						<line number="83" hits="0" branch="false"/>
						<line number="87" hits="0" branch="false"/>
						<line number="91" hits="1" branch="false"/>
						<line number="95" hits="19" branch="false"/>
					</lines>
				</class>
				<class name="org.ekstep.ep.samza.task.EventsRouterSink" filename="org/ekstep/ep/samza/task/EventsRouterSink.java" line-rate="1.0" branch-rate="1.0" complexity="1.0">
					<methods>
						<method name="&lt;init&gt;" signature="(Lorg/apache/samza/task/MessageCollector;Lorg/ekstep/ep/samza/core/JobMetrics;Lorg/ekstep/ep/samza/task/EventsRouterConfig;)V" line-rate="1.0" branch-rate="1.0" complexity="0">
							<lines>
								<line number="14" hits="12" branch="false"/>
								<line number="16" hits="12" branch="false"/>
								<line number="17" hits="12" branch="false"/>
							</lines>
						</method>
						<method name="incrementSkippedCount" signature="(Lorg/ekstep/ep/samza/domain/Event;)V" line-rate="1.0" branch-rate="1.0" complexity="0">
							<lines>
								<line number="46" hits="1" branch="false"/>
								<line number="47" hits="1" branch="false"/>
							</lines>
						</method>
						<method name="toDuplicateTopic" signature="(Lorg/ekstep/ep/samza/domain/Event;)V" line-rate="1.0" branch-rate="1.0" complexity="0">
							<lines>
								<line number="31" hits="2" branch="false"/>
								<line number="32" hits="2" branch="false"/>
								<line number="33" hits="2" branch="false"/>
							</lines>
						</method>
						<method name="toErrorEventsTopic" signature="(Lorg/ekstep/ep/samza/domain/Event;)V" line-rate="1.0" branch-rate="1.0" complexity="0">
							<lines>
								<line number="55" hits="1" branch="false"/>
								<line number="56" hits="1" branch="false"/>
								<line number="57" hits="1" branch="false"/>
							</lines>
						</method>
						<method name="toErrorTopic" signature="(Lorg/ekstep/ep/samza/domain/Event;Ljava/lang/String;)V" line-rate="1.0" branch-rate="1.0" complexity="0">
							<lines>
								<line number="25" hits="2" branch="false"/>
								<line number="26" hits="2" branch="false"/>
								<line number="27" hits="2" branch="false"/>
								<line number="28" hits="2" branch="false"/>
							</lines>
						</method>
						<method name="toLogEventsTopic" signature="(Lorg/ekstep/ep/samza/domain/Event;)V" line-rate="1.0" branch-rate="1.0" complexity="0">
							<lines>
								<line number="50" hits="1" branch="false"/>
								<line number="51" hits="1" branch="false"/>
								<line number="52" hits="1" branch="false"/>
							</lines>
						</method>
						<method name="toMalformedTopic" signature="(Ljava/lang/String;)V" line-rate="1.0" branch-rate="1.0" complexity="0">
							<lines>
								<line number="36" hits="2" branch="false"/>
								<line number="37" hits="2" branch="false"/>
								<line number="38" hits="2" branch="false"/>
							</lines>
						</method>
						<method name="toSummaryEventsTopic" signature="(Lorg/ekstep/ep/samza/domain/Event;)V" line-rate="1.0" branch-rate="1.0" complexity="0">
							<lines>
								<line number="41" hits="1" branch="false"/>
								<line number="42" hits="1" branch="false"/>
								<line number="43" hits="1" branch="false"/>
							</lines>
						</method>
						<method name="toTelemetryEventsTopic" signature="(Lorg/ekstep/ep/samza/domain/Event;)V" line-rate="1.0" branch-rate="1.0" complexity="0">
							<lines>
								<line number="20" hits="1" branch="false"/>
								<line number="21" hits="1" branch="false"/>
								<line number="22" hits="1" branch="false"/>
							</lines>
						</method>
					</methods>
					<lines>
						<line number="14" hits="12" branch="false"/>
						<line number="16" hits="12" branch="false"/>
						<line number="17" hits="12" branch="false"/>
						<line number="20" hits="1" branch="false"/>
						<line number="21" hits="1" branch="false"/>
						<line number="22" hits="1" branch="false"/>
						<line number="25" hits="2" branch="false"/>
						<line number="26" hits="2" branch="false"/>
						<line number="27" hits="2" branch="false"/>
						<line number="28" hits="2" branch="false"/>
						<line number="31" hits="2" branch="false"/>
						<line number="32" hits="2" branch="false"/>
						<line number="33" hits="2" branch="false"/>
						<line number="36" hits="2" branch="false"/>
						<line number="37" hits="2" branch="false"/>
						<line number="38" hits="2" branch="false"/>
						<line number="41" hits="1" branch="false"/>
						<line number="42" hits="1" branch="false"/>
						<line number="43" hits="1" branch="false"/>
						<line number="46" hits="1" branch="false"/>
						<line number="47" hits="1" branch="false"/>
						<line number="50" hits="1" branch="false"/>
						<line number="51" hits="1" branch="false"/>
						<line number="52" hits="1" branch="false"/>
						<line number="55" hits="1" branch="false"/>
						<line number="56" hits="1" branch="false"/>
						<line number="57" hits="1" branch="false"/>
					</lines>
				</class>
				<class name="org.ekstep.ep.samza.task.EventsRouterSource" filename="org/ekstep/ep/samza/task/EventsRouterSource.java" line-rate="1.0" branch-rate="1.0" complexity="1.0">
					<methods>
						<method name="&lt;clinit&gt;" signature="()V" line-rate="1.0" branch-rate="1.0" complexity="0">
							<lines>
								<line number="13" hits="1" branch="false"/>
							</lines>
						</method>
						<method name="&lt;init&gt;" signature="(Lorg/apache/samza/system/IncomingMessageEnvelope;)V" line-rate="1.0" branch-rate="1.0" complexity="0">
							<lines>
								<line number="17" hits="12" branch="false"/>
								<line number="18" hits="12" branch="false"/>
								<line number="19" hits="12" branch="false"/>
							</lines>
						</method>
						<method name="getEvent" signature="()Lorg/ekstep/ep/samza/domain/Event;" line-rate="1.0" branch-rate="1.0" complexity="0">
							<lines>
								<line number="22" hits="12" branch="false"/>
							</lines>
						</method>
						<method name="getMap" signature="()Ljava/util/Map;" line-rate="1.0" branch-rate="1.0" complexity="0">
							<lines>
								<line number="27" hits="12" branch="false"/>
								<line number="28" hits="12" branch="false"/>
							</lines>
						</method>
						<method name="getMessage" signature="()Ljava/lang/String;" line-rate="1.0" branch-rate="1.0" complexity="0">
							<lines>
								<line number="32" hits="4" branch="false"/>
							</lines>
						</method>
					</methods>
					<lines>
						<line number="13" hits="1" branch="false"/>
						<line number="17" hits="12" branch="false"/>
						<line number="18" hits="12" branch="false"/>
						<line number="19" hits="12" branch="false"/>
						<line number="22" hits="12" branch="false"/>
						<line number="27" hits="12" branch="false"/>
						<line number="28" hits="12" branch="false"/>
						<line number="32" hits="4" branch="false"/>
					</lines>
				</class>
				<class name="org.ekstep.ep.samza.task.EventsRouterTask" filename="org/ekstep/ep/samza/task/EventsRouterTask.java" line-rate="0.6818181818181818" branch-rate="0.5" complexity="1.2">
					<methods>
						<method name="&lt;clinit&gt;" signature="()V" line-rate="1.0" branch-rate="1.0" complexity="0">
							<lines>
								<line number="35" hits="1" branch="false"/>
							</lines>
						</method>
						<method name="&lt;init&gt;" signature="()V" line-rate="0.0" branch-rate="1.0" complexity="0">
							<lines>
								<line number="44" hits="0" branch="false"/>
								<line number="46" hits="0" branch="false"/>
							</lines>
						</method>
						<method name="&lt;init&gt;" signature="(Lorg/ekstep/ep/samza/util/DeDupEngine;Lorg/apache/samza/config/Config;Lorg/apache/samza/task/TaskContext;)V" line-rate="1.0" branch-rate="1.0" complexity="0">
							<lines>
								<line number="40" hits="12" branch="false"/>
								<line number="41" hits="12" branch="false"/>
								<line number="42" hits="12" branch="false"/>
							</lines>
						</method>
						<method name="init" signature="(Lorg/apache/samza/config/Config;Lorg/apache/samza/task/TaskContext;)V" line-rate="0.0" branch-rate="1.0" complexity="0">
							<lines>
								<line number="51" hits="0" branch="false"/>
								<line number="52" hits="0" branch="false"/>
								<line number="53" hits="0" branch="false"/>
								<line number="54" hits="0" branch="false"/>
							</lines>
						</method>
						<method name="init" signature="(Lorg/apache/samza/config/Config;Lorg/apache/samza/task/TaskContext;Lorg/ekstep/ep/samza/util/DeDupEngine;)V" line-rate="0.8571428571428571" branch-rate="0.5" complexity="0">
							<lines>
								<line number="57" hits="12" branch="false"/>
								<line number="58" hits="12" branch="false"/>
								<line number="59" hits="12" branch="true" condition-coverage="50% (1/2)">
									<conditions>
										<condition number="0" type="jump" coverage="50%"/>
									</conditions>
								</line>
								<line number="60" hits="0" branch="false"/>
								<line number="61" hits="12" branch="false"/>
								<line number="62" hits="12" branch="false"/>
								<line number="63" hits="12" branch="false"/>
							</lines>
						</method>
						<method name="initTask" signature="(Lorg/apache/samza/config/Config;Lorg/ekstep/ep/samza/core/JobMetrics;)V" line-rate="1.0" branch-rate="1.0" complexity="0">
							<lines>
								<line number="33" hits="12" branch="false"/>
							</lines>
						</method>
						<method name="process" signature="(Lorg/apache/samza/system/IncomingMessageEnvelope;Lorg/apache/samza/task/MessageCollector;Lorg/apache/samza/task/TaskCoordinator;)V" line-rate="1.0" branch-rate="1.0" complexity="0">
							<lines>
								<line number="69" hits="12" branch="false"/>
								<line number="70" hits="12" branch="false"/>
								<line number="71" hits="12" branch="false"/>
								<line number="72" hits="11" branch="false"/>
							</lines>
						</method>
						<method name="window" signature="(Lorg/apache/samza/task/MessageCollector;Lorg/apache/samza/task/TaskCoordinator;)V" line-rate="1.0" branch-rate="1.0" complexity="0">
							<lines>
							</lines>
						</method>
					</methods>
					<lines>
						<line number="33" hits="12" branch="false"/>
						<line number="35" hits="1" branch="false"/>
						<line number="40" hits="12" branch="false"/>
						<line number="41" hits="12" branch="false"/>
						<line number="42" hits="12" branch="false"/>
						<line number="44" hits="0" branch="false"/>
						<line number="46" hits="0" branch="false"/>
						<line number="51" hits="0" branch="false"/>
						<line number="52" hits="0" branch="false"/>
						<line number="53" hits="0" branch="false"/>
						<line number="54" hits="0" branch="false"/>
						<line number="57" hits="12" branch="false"/>
						<line number="58" hits="12" branch="false"/>
						<line number="59" hits="12" branch="true" condition-coverage="50% (1/2)">
							<conditions>
								<condition number="0" type="jump" coverage="50%"/>
							</conditions>
						</line>
						<line number="60" hits="0" branch="false"/>
						<line number="61" hits="12" branch="false"/>
						<line number="62" hits="12" branch="false"/>
						<line number="63" hits="12" branch="false"/>
						<line number="69" hits="12" branch="false"/>
						<line number="70" hits="12" branch="false"/>
						<line number="71" hits="12" branch="false"/>
						<line number="72" hits="11" branch="false"/>
					</lines>
				</class>
			</classes>
		</package>
	</packages>
</coverage>
